The system is: Linux - 3.10.0-1160.99.1.el7.x86_64 - x86_64
Compiling the C compiler identification source file "CMakeCCompilerId.c" succeeded.
Compiler: /cvmfs/dampe.cern.ch/centos7/opt/rh/devtoolset-4/root/usr/bin/gcc 
Build flags: 
Id flags:  

The output was:
0


Compilation of the C compiler identification source "CMakeCCompilerId.c" produced "a.out"

The C compiler identification is GNU, found in "/atlas/users/coppinp/bee/GeantExamples/Hadr00/build/CMakeFiles/3.9.3/CompilerIdC/a.out"

Compiling the CXX compiler identification source file "CMakeCXXCompilerId.cpp" succeeded.
Compiler: /cvmfs/dampe.cern.ch/centos7/opt/rh/devtoolset-4/root/usr/bin/g++ 
Build flags: 
Id flags:  

The output was:
0


Compilation of the CXX compiler identification source "CMakeCXXCompilerId.cpp" produced "a.out"

The CXX compiler identification is GNU, found in "/atlas/users/coppinp/bee/GeantExamples/Hadr00/build/CMakeFiles/3.9.3/CompilerIdCXX/a.out"

Determining if the C compiler works passed with the following output:
Change Dir: /atlas/users/coppinp/bee/GeantExamples/Hadr00/build/CMakeFiles/CMakeTmp

Run Build Command:"/usr/bin/gmake" "cmTC_f859f/fast"
/usr/bin/gmake -f CMakeFiles/cmTC_f859f.dir/build.make CMakeFiles/cmTC_f859f.dir/build
gmake[1]: Entering directory `/beegfs1/users/coppinp/GeantExamples/Hadr00/build/CMakeFiles/CMakeTmp'
Building C object CMakeFiles/cmTC_f859f.dir/testCCompiler.c.o
/cvmfs/dampe.cern.ch/centos7/opt/rh/devtoolset-4/root/usr/bin/gcc    -o CMakeFiles/cmTC_f859f.dir/testCCompiler.c.o   -c /atlas/users/coppinp/bee/GeantExamples/Hadr00/build/CMakeFiles/CMakeTmp/testCCompiler.c
Linking C executable cmTC_f859f
/cvmfs/dampe.cern.ch/centos7/bin/cmake -E cmake_link_script CMakeFiles/cmTC_f859f.dir/link.txt --verbose=1
/cvmfs/dampe.cern.ch/centos7/opt/rh/devtoolset-4/root/usr/bin/gcc      -rdynamic CMakeFiles/cmTC_f859f.dir/testCCompiler.c.o  -o cmTC_f859f 
gmake[1]: Leaving directory `/beegfs1/users/coppinp/GeantExamples/Hadr00/build/CMakeFiles/CMakeTmp'


Detecting C compiler ABI info compiled with the following output:
Change Dir: /atlas/users/coppinp/bee/GeantExamples/Hadr00/build/CMakeFiles/CMakeTmp

Run Build Command:"/usr/bin/gmake" "cmTC_c9def/fast"
/usr/bin/gmake -f CMakeFiles/cmTC_c9def.dir/build.make CMakeFiles/cmTC_c9def.dir/build
gmake[1]: Entering directory `/beegfs1/users/coppinp/GeantExamples/Hadr00/build/CMakeFiles/CMakeTmp'
Building C object CMakeFiles/cmTC_c9def.dir/CMakeCCompilerABI.c.o
/cvmfs/dampe.cern.ch/centos7/opt/rh/devtoolset-4/root/usr/bin/gcc    -o CMakeFiles/cmTC_c9def.dir/CMakeCCompilerABI.c.o   -c /cvmfs/dampe.cern.ch/centos7/share/cmake-3.9/Modules/CMakeCCompilerABI.c
Linking C executable cmTC_c9def
/cvmfs/dampe.cern.ch/centos7/bin/cmake -E cmake_link_script CMakeFiles/cmTC_c9def.dir/link.txt --verbose=1
/cvmfs/dampe.cern.ch/centos7/opt/rh/devtoolset-4/root/usr/bin/gcc     -v -rdynamic CMakeFiles/cmTC_c9def.dir/CMakeCCompilerABI.c.o  -o cmTC_c9def 
Using built-in specs.
COLLECT_GCC=/cvmfs/dampe.cern.ch/centos7/opt/rh/devtoolset-4/root/usr/bin/gcc
COLLECT_LTO_WRAPPER=/cvmfs/dampe.cern.ch/centos7/opt/rh/devtoolset-4/root/usr/bin/../libexec/gcc/x86_64-redhat-linux/5.3.1/lto-wrapper
Target: x86_64-redhat-linux
Configured with: ../configure --enable-bootstrap --enable-languages=c,c++,fortran,lto --prefix=/opt/rh/devtoolset-4/root/usr --mandir=/opt/rh/devtoolset-4/root/usr/share/man --infodir=/opt/rh/devtoolset-4/root/usr/share/info --with-bugurl=http://bugzilla.redhat.com/bugzilla --enable-shared --enable-threads=posix --enable-checking=release --enable-multilib --with-system-zlib --enable-__cxa_atexit --disable-libunwind-exceptions --enable-gnu-unique-object --enable-linker-build-id --enable-plugin --with-linker-hash-style=gnu --enable-initfini-array --disable-libgcj --with-default-libstdcxx-abi=gcc4-compatible --with-isl=/builddir/build/BUILD/gcc-5.3.1-20160406/obj-x86_64-redhat-linux/isl-install --enable-libmpx --enable-gnu-indirect-function --with-tune=generic --with-arch_32=i686 --build=x86_64-redhat-linux
Thread model: posix
gcc version 5.3.1 20160406 (Red Hat 5.3.1-6) (GCC) 
COMPILER_PATH=/cvmfs/dampe.cern.ch/centos7/opt/rh/devtoolset-4/root/usr/bin/../libexec/gcc/x86_64-redhat-linux/5.3.1/:/cvmfs/dampe.cern.ch/centos7/opt/rh/devtoolset-4/root/usr/bin/../libexec/gcc/
LIBRARY_PATH=/cvmfs/dampe.cern.ch/centos7/opt/rh/devtoolset-4/root/usr/bin/../lib/gcc/x86_64-redhat-linux/5.3.1/:/cvmfs/dampe.cern.ch/centos7/opt/rh/devtoolset-4/root/usr/bin/../lib/gcc/:/cvmfs/dampe.cern.ch/centos7/lib/../lib64/:/cvmfs/dampe.cern.ch/centos7/lib64/../lib64/:/cvmfs/dampe.cern.ch/centos7/opt/rh/devtoolset-4/root/usr/bin/../lib/gcc/x86_64-redhat-linux/5.3.1/../../../../lib64/:/lib/../lib64/:/usr/lib/../lib64/:/cvmfs/dampe.cern.ch/centos7/lib/:/cvmfs/dampe.cern.ch/centos7/lib64/:/cvmfs/dampe.cern.ch/centos7/opt/conda/lib/:/cvmfs/dampe.cern.ch/centos7/opt/mysql-connector-c-6.1.11-linux-glibc2.12-x86_64/lib/:./:/cvmfs/dampe.cern.ch/centos7/opt/rh/devtoolset-4/root/usr/bin/../lib/gcc/x86_64-redhat-linux/5.3.1/../../../:/lib/:/usr/lib/
COLLECT_GCC_OPTIONS='-v' '-rdynamic' '-o' 'cmTC_c9def' '-mtune=generic' '-march=x86-64'
 /cvmfs/dampe.cern.ch/centos7/opt/rh/devtoolset-4/root/usr/bin/../libexec/gcc/x86_64-redhat-linux/5.3.1/collect2 -plugin /cvmfs/dampe.cern.ch/centos7/opt/rh/devtoolset-4/root/usr/bin/../libexec/gcc/x86_64-redhat-linux/5.3.1/liblto_plugin.so -plugin-opt=/cvmfs/dampe.cern.ch/centos7/opt/rh/devtoolset-4/root/usr/bin/../libexec/gcc/x86_64-redhat-linux/5.3.1/lto-wrapper -plugin-opt=-fresolution=/tmp/ccH8lzX4.res -plugin-opt=-pass-through=-lgcc -plugin-opt=-pass-through=-lgcc_s -plugin-opt=-pass-through=-lc -plugin-opt=-pass-through=-lgcc -plugin-opt=-pass-through=-lgcc_s --build-id --no-add-needed --eh-frame-hdr --hash-style=gnu -m elf_x86_64 -export-dynamic -dynamic-linker /lib64/ld-linux-x86-64.so.2 -o cmTC_c9def /lib/../lib64/crt1.o /lib/../lib64/crti.o /cvmfs/dampe.cern.ch/centos7/opt/rh/devtoolset-4/root/usr/bin/../lib/gcc/x86_64-redhat-linux/5.3.1/crtbegin.o -L/cvmfs/dampe.cern.ch/centos7/opt/rh/devtoolset-4/root/usr/bin/../lib/gcc/x86_64-redhat-linux/5.3.1 -L/cvmfs/dampe.cern.ch/centos7/opt/rh/devtoolset-4/root/usr/bin/../lib/gcc -L/cvmfs/dampe.cern.ch/centos7/lib/../lib64 -L/cvmfs/dampe.cern.ch/centos7/lib64/../lib64 -L/cvmfs/dampe.cern.ch/centos7/opt/rh/devtoolset-4/root/usr/bin/../lib/gcc/x86_64-redhat-linux/5.3.1/../../../../lib64 -L/lib/../lib64 -L/usr/lib/../lib64 -L/cvmfs/dampe.cern.ch/centos7/lib -L/cvmfs/dampe.cern.ch/centos7/lib64 -L/cvmfs/dampe.cern.ch/centos7/opt/conda/lib -L/cvmfs/dampe.cern.ch/centos7/opt/mysql-connector-c-6.1.11-linux-glibc2.12-x86_64/lib -L. -L/cvmfs/dampe.cern.ch/centos7/opt/rh/devtoolset-4/root/usr/bin/../lib/gcc/x86_64-redhat-linux/5.3.1/../../.. CMakeFiles/cmTC_c9def.dir/CMakeCCompilerABI.c.o -lgcc --as-needed -lgcc_s --no-as-needed -lc -lgcc --as-needed -lgcc_s --no-as-needed /cvmfs/dampe.cern.ch/centos7/opt/rh/devtoolset-4/root/usr/bin/../lib/gcc/x86_64-redhat-linux/5.3.1/crtend.o /lib/../lib64/crtn.o
gmake[1]: Leaving directory `/beegfs1/users/coppinp/GeantExamples/Hadr00/build/CMakeFiles/CMakeTmp'


Parsed C implicit link information from above output:
  link line regex: [^( *|.*[/\])(ld|CMAKE_LINK_STARTFILE-NOTFOUND|([^/\]+-)?ld|collect2)[^/\]*( |$)]
  ignore line: [Change Dir: /atlas/users/coppinp/bee/GeantExamples/Hadr00/build/CMakeFiles/CMakeTmp]
  ignore line: []
  ignore line: [Run Build Command:"/usr/bin/gmake" "cmTC_c9def/fast"]
  ignore line: [/usr/bin/gmake -f CMakeFiles/cmTC_c9def.dir/build.make CMakeFiles/cmTC_c9def.dir/build]
  ignore line: [gmake[1]: Entering directory `/beegfs1/users/coppinp/GeantExamples/Hadr00/build/CMakeFiles/CMakeTmp']
  ignore line: [Building C object CMakeFiles/cmTC_c9def.dir/CMakeCCompilerABI.c.o]
  ignore line: [/cvmfs/dampe.cern.ch/centos7/opt/rh/devtoolset-4/root/usr/bin/gcc    -o CMakeFiles/cmTC_c9def.dir/CMakeCCompilerABI.c.o   -c /cvmfs/dampe.cern.ch/centos7/share/cmake-3.9/Modules/CMakeCCompilerABI.c]
  ignore line: [Linking C executable cmTC_c9def]
  ignore line: [/cvmfs/dampe.cern.ch/centos7/bin/cmake -E cmake_link_script CMakeFiles/cmTC_c9def.dir/link.txt --verbose=1]
  ignore line: [/cvmfs/dampe.cern.ch/centos7/opt/rh/devtoolset-4/root/usr/bin/gcc     -v -rdynamic CMakeFiles/cmTC_c9def.dir/CMakeCCompilerABI.c.o  -o cmTC_c9def ]
  ignore line: [Using built-in specs.]
  ignore line: [COLLECT_GCC=/cvmfs/dampe.cern.ch/centos7/opt/rh/devtoolset-4/root/usr/bin/gcc]
  ignore line: [COLLECT_LTO_WRAPPER=/cvmfs/dampe.cern.ch/centos7/opt/rh/devtoolset-4/root/usr/bin/../libexec/gcc/x86_64-redhat-linux/5.3.1/lto-wrapper]
  ignore line: [Target: x86_64-redhat-linux]
  ignore line: [Configured with: ../configure --enable-bootstrap --enable-languages=c,c++,fortran,lto --prefix=/opt/rh/devtoolset-4/root/usr --mandir=/opt/rh/devtoolset-4/root/usr/share/man --infodir=/opt/rh/devtoolset-4/root/usr/share/info --with-bugurl=http://bugzilla.redhat.com/bugzilla --enable-shared --enable-threads=posix --enable-checking=release --enable-multilib --with-system-zlib --enable-__cxa_atexit --disable-libunwind-exceptions --enable-gnu-unique-object --enable-linker-build-id --enable-plugin --with-linker-hash-style=gnu --enable-initfini-array --disable-libgcj --with-default-libstdcxx-abi=gcc4-compatible --with-isl=/builddir/build/BUILD/gcc-5.3.1-20160406/obj-x86_64-redhat-linux/isl-install --enable-libmpx --enable-gnu-indirect-function --with-tune=generic --with-arch_32=i686 --build=x86_64-redhat-linux]
  ignore line: [Thread model: posix]
  ignore line: [gcc version 5.3.1 20160406 (Red Hat 5.3.1-6) (GCC) ]
  ignore line: [COMPILER_PATH=/cvmfs/dampe.cern.ch/centos7/opt/rh/devtoolset-4/root/usr/bin/../libexec/gcc/x86_64-redhat-linux/5.3.1/:/cvmfs/dampe.cern.ch/centos7/opt/rh/devtoolset-4/root/usr/bin/../libexec/gcc/]
  ignore line: [LIBRARY_PATH=/cvmfs/dampe.cern.ch/centos7/opt/rh/devtoolset-4/root/usr/bin/../lib/gcc/x86_64-redhat-linux/5.3.1/:/cvmfs/dampe.cern.ch/centos7/opt/rh/devtoolset-4/root/usr/bin/../lib/gcc/:/cvmfs/dampe.cern.ch/centos7/lib/../lib64/:/cvmfs/dampe.cern.ch/centos7/lib64/../lib64/:/cvmfs/dampe.cern.ch/centos7/opt/rh/devtoolset-4/root/usr/bin/../lib/gcc/x86_64-redhat-linux/5.3.1/../../../../lib64/:/lib/../lib64/:/usr/lib/../lib64/:/cvmfs/dampe.cern.ch/centos7/lib/:/cvmfs/dampe.cern.ch/centos7/lib64/:/cvmfs/dampe.cern.ch/centos7/opt/conda/lib/:/cvmfs/dampe.cern.ch/centos7/opt/mysql-connector-c-6.1.11-linux-glibc2.12-x86_64/lib/:./:/cvmfs/dampe.cern.ch/centos7/opt/rh/devtoolset-4/root/usr/bin/../lib/gcc/x86_64-redhat-linux/5.3.1/../../../:/lib/:/usr/lib/]
  ignore line: [COLLECT_GCC_OPTIONS='-v' '-rdynamic' '-o' 'cmTC_c9def' '-mtune=generic' '-march=x86-64']
  link line: [ /cvmfs/dampe.cern.ch/centos7/opt/rh/devtoolset-4/root/usr/bin/../libexec/gcc/x86_64-redhat-linux/5.3.1/collect2 -plugin /cvmfs/dampe.cern.ch/centos7/opt/rh/devtoolset-4/root/usr/bin/../libexec/gcc/x86_64-redhat-linux/5.3.1/liblto_plugin.so -plugin-opt=/cvmfs/dampe.cern.ch/centos7/opt/rh/devtoolset-4/root/usr/bin/../libexec/gcc/x86_64-redhat-linux/5.3.1/lto-wrapper -plugin-opt=-fresolution=/tmp/ccH8lzX4.res -plugin-opt=-pass-through=-lgcc -plugin-opt=-pass-through=-lgcc_s -plugin-opt=-pass-through=-lc -plugin-opt=-pass-through=-lgcc -plugin-opt=-pass-through=-lgcc_s --build-id --no-add-needed --eh-frame-hdr --hash-style=gnu -m elf_x86_64 -export-dynamic -dynamic-linker /lib64/ld-linux-x86-64.so.2 -o cmTC_c9def /lib/../lib64/crt1.o /lib/../lib64/crti.o /cvmfs/dampe.cern.ch/centos7/opt/rh/devtoolset-4/root/usr/bin/../lib/gcc/x86_64-redhat-linux/5.3.1/crtbegin.o -L/cvmfs/dampe.cern.ch/centos7/opt/rh/devtoolset-4/root/usr/bin/../lib/gcc/x86_64-redhat-linux/5.3.1 -L/cvmfs/dampe.cern.ch/centos7/opt/rh/devtoolset-4/root/usr/bin/../lib/gcc -L/cvmfs/dampe.cern.ch/centos7/lib/../lib64 -L/cvmfs/dampe.cern.ch/centos7/lib64/../lib64 -L/cvmfs/dampe.cern.ch/centos7/opt/rh/devtoolset-4/root/usr/bin/../lib/gcc/x86_64-redhat-linux/5.3.1/../../../../lib64 -L/lib/../lib64 -L/usr/lib/../lib64 -L/cvmfs/dampe.cern.ch/centos7/lib -L/cvmfs/dampe.cern.ch/centos7/lib64 -L/cvmfs/dampe.cern.ch/centos7/opt/conda/lib -L/cvmfs/dampe.cern.ch/centos7/opt/mysql-connector-c-6.1.11-linux-glibc2.12-x86_64/lib -L. -L/cvmfs/dampe.cern.ch/centos7/opt/rh/devtoolset-4/root/usr/bin/../lib/gcc/x86_64-redhat-linux/5.3.1/../../.. CMakeFiles/cmTC_c9def.dir/CMakeCCompilerABI.c.o -lgcc --as-needed -lgcc_s --no-as-needed -lc -lgcc --as-needed -lgcc_s --no-as-needed /cvmfs/dampe.cern.ch/centos7/opt/rh/devtoolset-4/root/usr/bin/../lib/gcc/x86_64-redhat-linux/5.3.1/crtend.o /lib/../lib64/crtn.o]
    arg [/cvmfs/dampe.cern.ch/centos7/opt/rh/devtoolset-4/root/usr/bin/../libexec/gcc/x86_64-redhat-linux/5.3.1/collect2] ==> ignore
    arg [-plugin] ==> ignore
    arg [/cvmfs/dampe.cern.ch/centos7/opt/rh/devtoolset-4/root/usr/bin/../libexec/gcc/x86_64-redhat-linux/5.3.1/liblto_plugin.so] ==> ignore
    arg [-plugin-opt=/cvmfs/dampe.cern.ch/centos7/opt/rh/devtoolset-4/root/usr/bin/../libexec/gcc/x86_64-redhat-linux/5.3.1/lto-wrapper] ==> ignore
    arg [-plugin-opt=-fresolution=/tmp/ccH8lzX4.res] ==> ignore
    arg [-plugin-opt=-pass-through=-lgcc] ==> ignore
    arg [-plugin-opt=-pass-through=-lgcc_s] ==> ignore
    arg [-plugin-opt=-pass-through=-lc] ==> ignore
    arg [-plugin-opt=-pass-through=-lgcc] ==> ignore
    arg [-plugin-opt=-pass-through=-lgcc_s] ==> ignore
    arg [--build-id] ==> ignore
    arg [--no-add-needed] ==> ignore
    arg [--eh-frame-hdr] ==> ignore
    arg [--hash-style=gnu] ==> ignore
    arg [-m] ==> ignore
    arg [elf_x86_64] ==> ignore
    arg [-export-dynamic] ==> ignore
    arg [-dynamic-linker] ==> ignore
    arg [/lib64/ld-linux-x86-64.so.2] ==> ignore
    arg [-o] ==> ignore
    arg [cmTC_c9def] ==> ignore
    arg [/lib/../lib64/crt1.o] ==> ignore
    arg [/lib/../lib64/crti.o] ==> ignore
    arg [/cvmfs/dampe.cern.ch/centos7/opt/rh/devtoolset-4/root/usr/bin/../lib/gcc/x86_64-redhat-linux/5.3.1/crtbegin.o] ==> ignore
    arg [-L/cvmfs/dampe.cern.ch/centos7/opt/rh/devtoolset-4/root/usr/bin/../lib/gcc/x86_64-redhat-linux/5.3.1] ==> dir [/cvmfs/dampe.cern.ch/centos7/opt/rh/devtoolset-4/root/usr/bin/../lib/gcc/x86_64-redhat-linux/5.3.1]
    arg [-L/cvmfs/dampe.cern.ch/centos7/opt/rh/devtoolset-4/root/usr/bin/../lib/gcc] ==> dir [/cvmfs/dampe.cern.ch/centos7/opt/rh/devtoolset-4/root/usr/bin/../lib/gcc]
    arg [-L/cvmfs/dampe.cern.ch/centos7/lib/../lib64] ==> dir [/cvmfs/dampe.cern.ch/centos7/lib/../lib64]
    arg [-L/cvmfs/dampe.cern.ch/centos7/lib64/../lib64] ==> dir [/cvmfs/dampe.cern.ch/centos7/lib64/../lib64]
    arg [-L/cvmfs/dampe.cern.ch/centos7/opt/rh/devtoolset-4/root/usr/bin/../lib/gcc/x86_64-redhat-linux/5.3.1/../../../../lib64] ==> dir [/cvmfs/dampe.cern.ch/centos7/opt/rh/devtoolset-4/root/usr/bin/../lib/gcc/x86_64-redhat-linux/5.3.1/../../../../lib64]
    arg [-L/lib/../lib64] ==> dir [/lib/../lib64]
    arg [-L/usr/lib/../lib64] ==> dir [/usr/lib/../lib64]
    arg [-L/cvmfs/dampe.cern.ch/centos7/lib] ==> dir [/cvmfs/dampe.cern.ch/centos7/lib]
    arg [-L/cvmfs/dampe.cern.ch/centos7/lib64] ==> dir [/cvmfs/dampe.cern.ch/centos7/lib64]
    arg [-L/cvmfs/dampe.cern.ch/centos7/opt/conda/lib] ==> dir [/cvmfs/dampe.cern.ch/centos7/opt/conda/lib]
    arg [-L/cvmfs/dampe.cern.ch/centos7/opt/mysql-connector-c-6.1.11-linux-glibc2.12-x86_64/lib] ==> dir [/cvmfs/dampe.cern.ch/centos7/opt/mysql-connector-c-6.1.11-linux-glibc2.12-x86_64/lib]
    arg [-L.] ==> ignore
    arg [-L/cvmfs/dampe.cern.ch/centos7/opt/rh/devtoolset-4/root/usr/bin/../lib/gcc/x86_64-redhat-linux/5.3.1/../../..] ==> dir [/cvmfs/dampe.cern.ch/centos7/opt/rh/devtoolset-4/root/usr/bin/../lib/gcc/x86_64-redhat-linux/5.3.1/../../..]
    arg [CMakeFiles/cmTC_c9def.dir/CMakeCCompilerABI.c.o] ==> ignore
    arg [-lgcc] ==> lib [gcc]
    arg [--as-needed] ==> ignore
    arg [-lgcc_s] ==> lib [gcc_s]
    arg [--no-as-needed] ==> ignore
    arg [-lc] ==> lib [c]
    arg [-lgcc] ==> lib [gcc]
    arg [--as-needed] ==> ignore
    arg [-lgcc_s] ==> lib [gcc_s]
    arg [--no-as-needed] ==> ignore
    arg [/cvmfs/dampe.cern.ch/centos7/opt/rh/devtoolset-4/root/usr/bin/../lib/gcc/x86_64-redhat-linux/5.3.1/crtend.o] ==> ignore
    arg [/lib/../lib64/crtn.o] ==> ignore
  collapse library dir [/cvmfs/dampe.cern.ch/centos7/opt/rh/devtoolset-4/root/usr/bin/../lib/gcc/x86_64-redhat-linux/5.3.1] ==> [/cvmfs/dampe.cern.ch/centos7/opt/rh/devtoolset-4/root/usr/lib/gcc/x86_64-redhat-linux/5.3.1]
  collapse library dir [/cvmfs/dampe.cern.ch/centos7/opt/rh/devtoolset-4/root/usr/bin/../lib/gcc] ==> [/cvmfs/dampe.cern.ch/centos7/opt/rh/devtoolset-4/root/usr/lib/gcc]
  collapse library dir [/cvmfs/dampe.cern.ch/centos7/lib/../lib64] ==> [/cvmfs/dampe.cern.ch/centos7/lib64]
  collapse library dir [/cvmfs/dampe.cern.ch/centos7/lib64/../lib64] ==> [/cvmfs/dampe.cern.ch/centos7/lib64]
  collapse library dir [/cvmfs/dampe.cern.ch/centos7/opt/rh/devtoolset-4/root/usr/bin/../lib/gcc/x86_64-redhat-linux/5.3.1/../../../../lib64] ==> [/cvmfs/dampe.cern.ch/centos7/opt/rh/devtoolset-4/root/usr/lib64]
  collapse library dir [/lib/../lib64] ==> [/lib64]
  collapse library dir [/usr/lib/../lib64] ==> [/usr/lib64]
  collapse library dir [/cvmfs/dampe.cern.ch/centos7/lib] ==> [/cvmfs/dampe.cern.ch/centos7/lib]
  collapse library dir [/cvmfs/dampe.cern.ch/centos7/lib64] ==> [/cvmfs/dampe.cern.ch/centos7/lib64]
  collapse library dir [/cvmfs/dampe.cern.ch/centos7/opt/conda/lib] ==> [/cvmfs/dampe.cern.ch/centos7/opt/conda/lib]
  collapse library dir [/cvmfs/dampe.cern.ch/centos7/opt/mysql-connector-c-6.1.11-linux-glibc2.12-x86_64/lib] ==> [/cvmfs/dampe.cern.ch/centos7/opt/mysql-connector-c-6.1.11-linux-glibc2.12-x86_64/lib]
  collapse library dir [/cvmfs/dampe.cern.ch/centos7/opt/rh/devtoolset-4/root/usr/bin/../lib/gcc/x86_64-redhat-linux/5.3.1/../../..] ==> [/cvmfs/dampe.cern.ch/centos7/opt/rh/devtoolset-4/root/usr/lib]
  implicit libs: [gcc;gcc_s;c;gcc;gcc_s]
  implicit dirs: [/cvmfs/dampe.cern.ch/centos7/opt/rh/devtoolset-4/root/usr/lib/gcc/x86_64-redhat-linux/5.3.1;/cvmfs/dampe.cern.ch/centos7/opt/rh/devtoolset-4/root/usr/lib/gcc;/cvmfs/dampe.cern.ch/centos7/lib64;/cvmfs/dampe.cern.ch/centos7/opt/rh/devtoolset-4/root/usr/lib64;/lib64;/usr/lib64;/cvmfs/dampe.cern.ch/centos7/lib;/cvmfs/dampe.cern.ch/centos7/opt/conda/lib;/cvmfs/dampe.cern.ch/centos7/opt/mysql-connector-c-6.1.11-linux-glibc2.12-x86_64/lib;/cvmfs/dampe.cern.ch/centos7/opt/rh/devtoolset-4/root/usr/lib]
  implicit fwks: []




Detecting C [-std=c11] compiler features compiled with the following output:
Change Dir: /atlas/users/coppinp/bee/GeantExamples/Hadr00/build/CMakeFiles/CMakeTmp

Run Build Command:"/usr/bin/gmake" "cmTC_040f9/fast"
/usr/bin/gmake -f CMakeFiles/cmTC_040f9.dir/build.make CMakeFiles/cmTC_040f9.dir/build
gmake[1]: Entering directory `/beegfs1/users/coppinp/GeantExamples/Hadr00/build/CMakeFiles/CMakeTmp'
Building C object CMakeFiles/cmTC_040f9.dir/feature_tests.c.o
/cvmfs/dampe.cern.ch/centos7/opt/rh/devtoolset-4/root/usr/bin/gcc   -std=c11 -o CMakeFiles/cmTC_040f9.dir/feature_tests.c.o   -c /atlas/users/coppinp/bee/GeantExamples/Hadr00/build/CMakeFiles/feature_tests.c
Linking C executable cmTC_040f9
/cvmfs/dampe.cern.ch/centos7/bin/cmake -E cmake_link_script CMakeFiles/cmTC_040f9.dir/link.txt --verbose=1
/cvmfs/dampe.cern.ch/centos7/opt/rh/devtoolset-4/root/usr/bin/gcc      -rdynamic CMakeFiles/cmTC_040f9.dir/feature_tests.c.o  -o cmTC_040f9 
gmake[1]: Leaving directory `/beegfs1/users/coppinp/GeantExamples/Hadr00/build/CMakeFiles/CMakeTmp'


    Feature record: C_FEATURE:1c_function_prototypes
    Feature record: C_FEATURE:1c_restrict
    Feature record: C_FEATURE:1c_static_assert
    Feature record: C_FEATURE:1c_variadic_macros


Detecting C [-std=c99] compiler features compiled with the following output:
Change Dir: /atlas/users/coppinp/bee/GeantExamples/Hadr00/build/CMakeFiles/CMakeTmp

Run Build Command:"/usr/bin/gmake" "cmTC_e5559/fast"
/usr/bin/gmake -f CMakeFiles/cmTC_e5559.dir/build.make CMakeFiles/cmTC_e5559.dir/build
gmake[1]: Entering directory `/beegfs1/users/coppinp/GeantExamples/Hadr00/build/CMakeFiles/CMakeTmp'
Building C object CMakeFiles/cmTC_e5559.dir/feature_tests.c.o
/cvmfs/dampe.cern.ch/centos7/opt/rh/devtoolset-4/root/usr/bin/gcc   -std=c99 -o CMakeFiles/cmTC_e5559.dir/feature_tests.c.o   -c /atlas/users/coppinp/bee/GeantExamples/Hadr00/build/CMakeFiles/feature_tests.c
Linking C executable cmTC_e5559
/cvmfs/dampe.cern.ch/centos7/bin/cmake -E cmake_link_script CMakeFiles/cmTC_e5559.dir/link.txt --verbose=1
/cvmfs/dampe.cern.ch/centos7/opt/rh/devtoolset-4/root/usr/bin/gcc      -rdynamic CMakeFiles/cmTC_e5559.dir/feature_tests.c.o  -o cmTC_e5559 
gmake[1]: Leaving directory `/beegfs1/users/coppinp/GeantExamples/Hadr00/build/CMakeFiles/CMakeTmp'


    Feature record: C_FEATURE:1c_function_prototypes
    Feature record: C_FEATURE:1c_restrict
    Feature record: C_FEATURE:0c_static_assert
    Feature record: C_FEATURE:1c_variadic_macros


Detecting C [-std=c90] compiler features compiled with the following output:
Change Dir: /atlas/users/coppinp/bee/GeantExamples/Hadr00/build/CMakeFiles/CMakeTmp

Run Build Command:"/usr/bin/gmake" "cmTC_1ff3c/fast"
/usr/bin/gmake -f CMakeFiles/cmTC_1ff3c.dir/build.make CMakeFiles/cmTC_1ff3c.dir/build
gmake[1]: Entering directory `/beegfs1/users/coppinp/GeantExamples/Hadr00/build/CMakeFiles/CMakeTmp'
Building C object CMakeFiles/cmTC_1ff3c.dir/feature_tests.c.o
/cvmfs/dampe.cern.ch/centos7/opt/rh/devtoolset-4/root/usr/bin/gcc   -std=c90 -o CMakeFiles/cmTC_1ff3c.dir/feature_tests.c.o   -c /atlas/users/coppinp/bee/GeantExamples/Hadr00/build/CMakeFiles/feature_tests.c
Linking C executable cmTC_1ff3c
/cvmfs/dampe.cern.ch/centos7/bin/cmake -E cmake_link_script CMakeFiles/cmTC_1ff3c.dir/link.txt --verbose=1
/cvmfs/dampe.cern.ch/centos7/opt/rh/devtoolset-4/root/usr/bin/gcc      -rdynamic CMakeFiles/cmTC_1ff3c.dir/feature_tests.c.o  -o cmTC_1ff3c 
gmake[1]: Leaving directory `/beegfs1/users/coppinp/GeantExamples/Hadr00/build/CMakeFiles/CMakeTmp'


    Feature record: C_FEATURE:1c_function_prototypes
    Feature record: C_FEATURE:0c_restrict
    Feature record: C_FEATURE:0c_static_assert
    Feature record: C_FEATURE:0c_variadic_macros
Determining if the CXX compiler works passed with the following output:
Change Dir: /atlas/users/coppinp/bee/GeantExamples/Hadr00/build/CMakeFiles/CMakeTmp

Run Build Command:"/usr/bin/gmake" "cmTC_36678/fast"
/usr/bin/gmake -f CMakeFiles/cmTC_36678.dir/build.make CMakeFiles/cmTC_36678.dir/build
gmake[1]: Entering directory `/beegfs1/users/coppinp/GeantExamples/Hadr00/build/CMakeFiles/CMakeTmp'
Building CXX object CMakeFiles/cmTC_36678.dir/testCXXCompiler.cxx.o
/cvmfs/dampe.cern.ch/centos7/opt/rh/devtoolset-4/root/usr/bin/g++     -o CMakeFiles/cmTC_36678.dir/testCXXCompiler.cxx.o -c /atlas/users/coppinp/bee/GeantExamples/Hadr00/build/CMakeFiles/CMakeTmp/testCXXCompiler.cxx
Linking CXX executable cmTC_36678
/cvmfs/dampe.cern.ch/centos7/bin/cmake -E cmake_link_script CMakeFiles/cmTC_36678.dir/link.txt --verbose=1
/cvmfs/dampe.cern.ch/centos7/opt/rh/devtoolset-4/root/usr/bin/g++       -rdynamic CMakeFiles/cmTC_36678.dir/testCXXCompiler.cxx.o  -o cmTC_36678 
gmake[1]: Leaving directory `/beegfs1/users/coppinp/GeantExamples/Hadr00/build/CMakeFiles/CMakeTmp'


Detecting CXX compiler ABI info compiled with the following output:
Change Dir: /atlas/users/coppinp/bee/GeantExamples/Hadr00/build/CMakeFiles/CMakeTmp

Run Build Command:"/usr/bin/gmake" "cmTC_ced19/fast"
/usr/bin/gmake -f CMakeFiles/cmTC_ced19.dir/build.make CMakeFiles/cmTC_ced19.dir/build
gmake[1]: Entering directory `/beegfs1/users/coppinp/GeantExamples/Hadr00/build/CMakeFiles/CMakeTmp'
Building CXX object CMakeFiles/cmTC_ced19.dir/CMakeCXXCompilerABI.cpp.o
/cvmfs/dampe.cern.ch/centos7/opt/rh/devtoolset-4/root/usr/bin/g++     -o CMakeFiles/cmTC_ced19.dir/CMakeCXXCompilerABI.cpp.o -c /cvmfs/dampe.cern.ch/centos7/share/cmake-3.9/Modules/CMakeCXXCompilerABI.cpp
Linking CXX executable cmTC_ced19
/cvmfs/dampe.cern.ch/centos7/bin/cmake -E cmake_link_script CMakeFiles/cmTC_ced19.dir/link.txt --verbose=1
/cvmfs/dampe.cern.ch/centos7/opt/rh/devtoolset-4/root/usr/bin/g++      -v -rdynamic CMakeFiles/cmTC_ced19.dir/CMakeCXXCompilerABI.cpp.o  -o cmTC_ced19 
Using built-in specs.
COLLECT_GCC=/cvmfs/dampe.cern.ch/centos7/opt/rh/devtoolset-4/root/usr/bin/g++
COLLECT_LTO_WRAPPER=/cvmfs/dampe.cern.ch/centos7/opt/rh/devtoolset-4/root/usr/bin/../libexec/gcc/x86_64-redhat-linux/5.3.1/lto-wrapper
Target: x86_64-redhat-linux
Configured with: ../configure --enable-bootstrap --enable-languages=c,c++,fortran,lto --prefix=/opt/rh/devtoolset-4/root/usr --mandir=/opt/rh/devtoolset-4/root/usr/share/man --infodir=/opt/rh/devtoolset-4/root/usr/share/info --with-bugurl=http://bugzilla.redhat.com/bugzilla --enable-shared --enable-threads=posix --enable-checking=release --enable-multilib --with-system-zlib --enable-__cxa_atexit --disable-libunwind-exceptions --enable-gnu-unique-object --enable-linker-build-id --enable-plugin --with-linker-hash-style=gnu --enable-initfini-array --disable-libgcj --with-default-libstdcxx-abi=gcc4-compatible --with-isl=/builddir/build/BUILD/gcc-5.3.1-20160406/obj-x86_64-redhat-linux/isl-install --enable-libmpx --enable-gnu-indirect-function --with-tune=generic --with-arch_32=i686 --build=x86_64-redhat-linux
Thread model: posix
gcc version 5.3.1 20160406 (Red Hat 5.3.1-6) (GCC) 
COMPILER_PATH=/cvmfs/dampe.cern.ch/centos7/opt/rh/devtoolset-4/root/usr/bin/../libexec/gcc/x86_64-redhat-linux/5.3.1/:/cvmfs/dampe.cern.ch/centos7/opt/rh/devtoolset-4/root/usr/bin/../libexec/gcc/
LIBRARY_PATH=/cvmfs/dampe.cern.ch/centos7/opt/rh/devtoolset-4/root/usr/bin/../lib/gcc/x86_64-redhat-linux/5.3.1/:/cvmfs/dampe.cern.ch/centos7/opt/rh/devtoolset-4/root/usr/bin/../lib/gcc/:/cvmfs/dampe.cern.ch/centos7/lib/../lib64/:/cvmfs/dampe.cern.ch/centos7/lib64/../lib64/:/cvmfs/dampe.cern.ch/centos7/opt/rh/devtoolset-4/root/usr/bin/../lib/gcc/x86_64-redhat-linux/5.3.1/../../../../lib64/:/lib/../lib64/:/usr/lib/../lib64/:/cvmfs/dampe.cern.ch/centos7/lib/:/cvmfs/dampe.cern.ch/centos7/lib64/:/cvmfs/dampe.cern.ch/centos7/opt/conda/lib/:/cvmfs/dampe.cern.ch/centos7/opt/mysql-connector-c-6.1.11-linux-glibc2.12-x86_64/lib/:./:/cvmfs/dampe.cern.ch/centos7/opt/rh/devtoolset-4/root/usr/bin/../lib/gcc/x86_64-redhat-linux/5.3.1/../../../:/lib/:/usr/lib/
COLLECT_GCC_OPTIONS='-v' '-rdynamic' '-o' 'cmTC_ced19' '-shared-libgcc' '-mtune=generic' '-march=x86-64'
 /cvmfs/dampe.cern.ch/centos7/opt/rh/devtoolset-4/root/usr/bin/../libexec/gcc/x86_64-redhat-linux/5.3.1/collect2 -plugin /cvmfs/dampe.cern.ch/centos7/opt/rh/devtoolset-4/root/usr/bin/../libexec/gcc/x86_64-redhat-linux/5.3.1/liblto_plugin.so -plugin-opt=/cvmfs/dampe.cern.ch/centos7/opt/rh/devtoolset-4/root/usr/bin/../libexec/gcc/x86_64-redhat-linux/5.3.1/lto-wrapper -plugin-opt=-fresolution=/tmp/ccptuUXY.res -plugin-opt=-pass-through=-lgcc_s -plugin-opt=-pass-through=-lgcc -plugin-opt=-pass-through=-lc -plugin-opt=-pass-through=-lgcc_s -plugin-opt=-pass-through=-lgcc --build-id --no-add-needed --eh-frame-hdr --hash-style=gnu -m elf_x86_64 -export-dynamic -dynamic-linker /lib64/ld-linux-x86-64.so.2 -o cmTC_ced19 /lib/../lib64/crt1.o /lib/../lib64/crti.o /cvmfs/dampe.cern.ch/centos7/opt/rh/devtoolset-4/root/usr/bin/../lib/gcc/x86_64-redhat-linux/5.3.1/crtbegin.o -L/cvmfs/dampe.cern.ch/centos7/opt/rh/devtoolset-4/root/usr/bin/../lib/gcc/x86_64-redhat-linux/5.3.1 -L/cvmfs/dampe.cern.ch/centos7/opt/rh/devtoolset-4/root/usr/bin/../lib/gcc -L/cvmfs/dampe.cern.ch/centos7/lib/../lib64 -L/cvmfs/dampe.cern.ch/centos7/lib64/../lib64 -L/cvmfs/dampe.cern.ch/centos7/opt/rh/devtoolset-4/root/usr/bin/../lib/gcc/x86_64-redhat-linux/5.3.1/../../../../lib64 -L/lib/../lib64 -L/usr/lib/../lib64 -L/cvmfs/dampe.cern.ch/centos7/lib -L/cvmfs/dampe.cern.ch/centos7/lib64 -L/cvmfs/dampe.cern.ch/centos7/opt/conda/lib -L/cvmfs/dampe.cern.ch/centos7/opt/mysql-connector-c-6.1.11-linux-glibc2.12-x86_64/lib -L. -L/cvmfs/dampe.cern.ch/centos7/opt/rh/devtoolset-4/root/usr/bin/../lib/gcc/x86_64-redhat-linux/5.3.1/../../.. CMakeFiles/cmTC_ced19.dir/CMakeCXXCompilerABI.cpp.o -lstdc++ -lm -lgcc_s -lgcc -lc -lgcc_s -lgcc /cvmfs/dampe.cern.ch/centos7/opt/rh/devtoolset-4/root/usr/bin/../lib/gcc/x86_64-redhat-linux/5.3.1/crtend.o /lib/../lib64/crtn.o
gmake[1]: Leaving directory `/beegfs1/users/coppinp/GeantExamples/Hadr00/build/CMakeFiles/CMakeTmp'


Parsed CXX implicit link information from above output:
  link line regex: [^( *|.*[/\])(ld|CMAKE_LINK_STARTFILE-NOTFOUND|([^/\]+-)?ld|collect2)[^/\]*( |$)]
  ignore line: [Change Dir: /atlas/users/coppinp/bee/GeantExamples/Hadr00/build/CMakeFiles/CMakeTmp]
  ignore line: []
  ignore line: [Run Build Command:"/usr/bin/gmake" "cmTC_ced19/fast"]
  ignore line: [/usr/bin/gmake -f CMakeFiles/cmTC_ced19.dir/build.make CMakeFiles/cmTC_ced19.dir/build]
  ignore line: [gmake[1]: Entering directory `/beegfs1/users/coppinp/GeantExamples/Hadr00/build/CMakeFiles/CMakeTmp']
  ignore line: [Building CXX object CMakeFiles/cmTC_ced19.dir/CMakeCXXCompilerABI.cpp.o]
  ignore line: [/cvmfs/dampe.cern.ch/centos7/opt/rh/devtoolset-4/root/usr/bin/g++     -o CMakeFiles/cmTC_ced19.dir/CMakeCXXCompilerABI.cpp.o -c /cvmfs/dampe.cern.ch/centos7/share/cmake-3.9/Modules/CMakeCXXCompilerABI.cpp]
  ignore line: [Linking CXX executable cmTC_ced19]
  ignore line: [/cvmfs/dampe.cern.ch/centos7/bin/cmake -E cmake_link_script CMakeFiles/cmTC_ced19.dir/link.txt --verbose=1]
  ignore line: [/cvmfs/dampe.cern.ch/centos7/opt/rh/devtoolset-4/root/usr/bin/g++      -v -rdynamic CMakeFiles/cmTC_ced19.dir/CMakeCXXCompilerABI.cpp.o  -o cmTC_ced19 ]
  ignore line: [Using built-in specs.]
  ignore line: [COLLECT_GCC=/cvmfs/dampe.cern.ch/centos7/opt/rh/devtoolset-4/root/usr/bin/g++]
  ignore line: [COLLECT_LTO_WRAPPER=/cvmfs/dampe.cern.ch/centos7/opt/rh/devtoolset-4/root/usr/bin/../libexec/gcc/x86_64-redhat-linux/5.3.1/lto-wrapper]
  ignore line: [Target: x86_64-redhat-linux]
  ignore line: [Configured with: ../configure --enable-bootstrap --enable-languages=c,c++,fortran,lto --prefix=/opt/rh/devtoolset-4/root/usr --mandir=/opt/rh/devtoolset-4/root/usr/share/man --infodir=/opt/rh/devtoolset-4/root/usr/share/info --with-bugurl=http://bugzilla.redhat.com/bugzilla --enable-shared --enable-threads=posix --enable-checking=release --enable-multilib --with-system-zlib --enable-__cxa_atexit --disable-libunwind-exceptions --enable-gnu-unique-object --enable-linker-build-id --enable-plugin --with-linker-hash-style=gnu --enable-initfini-array --disable-libgcj --with-default-libstdcxx-abi=gcc4-compatible --with-isl=/builddir/build/BUILD/gcc-5.3.1-20160406/obj-x86_64-redhat-linux/isl-install --enable-libmpx --enable-gnu-indirect-function --with-tune=generic --with-arch_32=i686 --build=x86_64-redhat-linux]
  ignore line: [Thread model: posix]
  ignore line: [gcc version 5.3.1 20160406 (Red Hat 5.3.1-6) (GCC) ]
  ignore line: [COMPILER_PATH=/cvmfs/dampe.cern.ch/centos7/opt/rh/devtoolset-4/root/usr/bin/../libexec/gcc/x86_64-redhat-linux/5.3.1/:/cvmfs/dampe.cern.ch/centos7/opt/rh/devtoolset-4/root/usr/bin/../libexec/gcc/]
  ignore line: [LIBRARY_PATH=/cvmfs/dampe.cern.ch/centos7/opt/rh/devtoolset-4/root/usr/bin/../lib/gcc/x86_64-redhat-linux/5.3.1/:/cvmfs/dampe.cern.ch/centos7/opt/rh/devtoolset-4/root/usr/bin/../lib/gcc/:/cvmfs/dampe.cern.ch/centos7/lib/../lib64/:/cvmfs/dampe.cern.ch/centos7/lib64/../lib64/:/cvmfs/dampe.cern.ch/centos7/opt/rh/devtoolset-4/root/usr/bin/../lib/gcc/x86_64-redhat-linux/5.3.1/../../../../lib64/:/lib/../lib64/:/usr/lib/../lib64/:/cvmfs/dampe.cern.ch/centos7/lib/:/cvmfs/dampe.cern.ch/centos7/lib64/:/cvmfs/dampe.cern.ch/centos7/opt/conda/lib/:/cvmfs/dampe.cern.ch/centos7/opt/mysql-connector-c-6.1.11-linux-glibc2.12-x86_64/lib/:./:/cvmfs/dampe.cern.ch/centos7/opt/rh/devtoolset-4/root/usr/bin/../lib/gcc/x86_64-redhat-linux/5.3.1/../../../:/lib/:/usr/lib/]
  ignore line: [COLLECT_GCC_OPTIONS='-v' '-rdynamic' '-o' 'cmTC_ced19' '-shared-libgcc' '-mtune=generic' '-march=x86-64']
  link line: [ /cvmfs/dampe.cern.ch/centos7/opt/rh/devtoolset-4/root/usr/bin/../libexec/gcc/x86_64-redhat-linux/5.3.1/collect2 -plugin /cvmfs/dampe.cern.ch/centos7/opt/rh/devtoolset-4/root/usr/bin/../libexec/gcc/x86_64-redhat-linux/5.3.1/liblto_plugin.so -plugin-opt=/cvmfs/dampe.cern.ch/centos7/opt/rh/devtoolset-4/root/usr/bin/../libexec/gcc/x86_64-redhat-linux/5.3.1/lto-wrapper -plugin-opt=-fresolution=/tmp/ccptuUXY.res -plugin-opt=-pass-through=-lgcc_s -plugin-opt=-pass-through=-lgcc -plugin-opt=-pass-through=-lc -plugin-opt=-pass-through=-lgcc_s -plugin-opt=-pass-through=-lgcc --build-id --no-add-needed --eh-frame-hdr --hash-style=gnu -m elf_x86_64 -export-dynamic -dynamic-linker /lib64/ld-linux-x86-64.so.2 -o cmTC_ced19 /lib/../lib64/crt1.o /lib/../lib64/crti.o /cvmfs/dampe.cern.ch/centos7/opt/rh/devtoolset-4/root/usr/bin/../lib/gcc/x86_64-redhat-linux/5.3.1/crtbegin.o -L/cvmfs/dampe.cern.ch/centos7/opt/rh/devtoolset-4/root/usr/bin/../lib/gcc/x86_64-redhat-linux/5.3.1 -L/cvmfs/dampe.cern.ch/centos7/opt/rh/devtoolset-4/root/usr/bin/../lib/gcc -L/cvmfs/dampe.cern.ch/centos7/lib/../lib64 -L/cvmfs/dampe.cern.ch/centos7/lib64/../lib64 -L/cvmfs/dampe.cern.ch/centos7/opt/rh/devtoolset-4/root/usr/bin/../lib/gcc/x86_64-redhat-linux/5.3.1/../../../../lib64 -L/lib/../lib64 -L/usr/lib/../lib64 -L/cvmfs/dampe.cern.ch/centos7/lib -L/cvmfs/dampe.cern.ch/centos7/lib64 -L/cvmfs/dampe.cern.ch/centos7/opt/conda/lib -L/cvmfs/dampe.cern.ch/centos7/opt/mysql-connector-c-6.1.11-linux-glibc2.12-x86_64/lib -L. -L/cvmfs/dampe.cern.ch/centos7/opt/rh/devtoolset-4/root/usr/bin/../lib/gcc/x86_64-redhat-linux/5.3.1/../../.. CMakeFiles/cmTC_ced19.dir/CMakeCXXCompilerABI.cpp.o -lstdc++ -lm -lgcc_s -lgcc -lc -lgcc_s -lgcc /cvmfs/dampe.cern.ch/centos7/opt/rh/devtoolset-4/root/usr/bin/../lib/gcc/x86_64-redhat-linux/5.3.1/crtend.o /lib/../lib64/crtn.o]
    arg [/cvmfs/dampe.cern.ch/centos7/opt/rh/devtoolset-4/root/usr/bin/../libexec/gcc/x86_64-redhat-linux/5.3.1/collect2] ==> ignore
    arg [-plugin] ==> ignore
    arg [/cvmfs/dampe.cern.ch/centos7/opt/rh/devtoolset-4/root/usr/bin/../libexec/gcc/x86_64-redhat-linux/5.3.1/liblto_plugin.so] ==> ignore
    arg [-plugin-opt=/cvmfs/dampe.cern.ch/centos7/opt/rh/devtoolset-4/root/usr/bin/../libexec/gcc/x86_64-redhat-linux/5.3.1/lto-wrapper] ==> ignore
    arg [-plugin-opt=-fresolution=/tmp/ccptuUXY.res] ==> ignore
    arg [-plugin-opt=-pass-through=-lgcc_s] ==> ignore
    arg [-plugin-opt=-pass-through=-lgcc] ==> ignore
    arg [-plugin-opt=-pass-through=-lc] ==> ignore
    arg [-plugin-opt=-pass-through=-lgcc_s] ==> ignore
    arg [-plugin-opt=-pass-through=-lgcc] ==> ignore
    arg [--build-id] ==> ignore
    arg [--no-add-needed] ==> ignore
    arg [--eh-frame-hdr] ==> ignore
    arg [--hash-style=gnu] ==> ignore
    arg [-m] ==> ignore
    arg [elf_x86_64] ==> ignore
    arg [-export-dynamic] ==> ignore
    arg [-dynamic-linker] ==> ignore
    arg [/lib64/ld-linux-x86-64.so.2] ==> ignore
    arg [-o] ==> ignore
    arg [cmTC_ced19] ==> ignore
    arg [/lib/../lib64/crt1.o] ==> ignore
    arg [/lib/../lib64/crti.o] ==> ignore
    arg [/cvmfs/dampe.cern.ch/centos7/opt/rh/devtoolset-4/root/usr/bin/../lib/gcc/x86_64-redhat-linux/5.3.1/crtbegin.o] ==> ignore
    arg [-L/cvmfs/dampe.cern.ch/centos7/opt/rh/devtoolset-4/root/usr/bin/../lib/gcc/x86_64-redhat-linux/5.3.1] ==> dir [/cvmfs/dampe.cern.ch/centos7/opt/rh/devtoolset-4/root/usr/bin/../lib/gcc/x86_64-redhat-linux/5.3.1]
    arg [-L/cvmfs/dampe.cern.ch/centos7/opt/rh/devtoolset-4/root/usr/bin/../lib/gcc] ==> dir [/cvmfs/dampe.cern.ch/centos7/opt/rh/devtoolset-4/root/usr/bin/../lib/gcc]
    arg [-L/cvmfs/dampe.cern.ch/centos7/lib/../lib64] ==> dir [/cvmfs/dampe.cern.ch/centos7/lib/../lib64]
    arg [-L/cvmfs/dampe.cern.ch/centos7/lib64/../lib64] ==> dir [/cvmfs/dampe.cern.ch/centos7/lib64/../lib64]
    arg [-L/cvmfs/dampe.cern.ch/centos7/opt/rh/devtoolset-4/root/usr/bin/../lib/gcc/x86_64-redhat-linux/5.3.1/../../../../lib64] ==> dir [/cvmfs/dampe.cern.ch/centos7/opt/rh/devtoolset-4/root/usr/bin/../lib/gcc/x86_64-redhat-linux/5.3.1/../../../../lib64]
    arg [-L/lib/../lib64] ==> dir [/lib/../lib64]
    arg [-L/usr/lib/../lib64] ==> dir [/usr/lib/../lib64]
    arg [-L/cvmfs/dampe.cern.ch/centos7/lib] ==> dir [/cvmfs/dampe.cern.ch/centos7/lib]
    arg [-L/cvmfs/dampe.cern.ch/centos7/lib64] ==> dir [/cvmfs/dampe.cern.ch/centos7/lib64]
    arg [-L/cvmfs/dampe.cern.ch/centos7/opt/conda/lib] ==> dir [/cvmfs/dampe.cern.ch/centos7/opt/conda/lib]
    arg [-L/cvmfs/dampe.cern.ch/centos7/opt/mysql-connector-c-6.1.11-linux-glibc2.12-x86_64/lib] ==> dir [/cvmfs/dampe.cern.ch/centos7/opt/mysql-connector-c-6.1.11-linux-glibc2.12-x86_64/lib]
    arg [-L.] ==> ignore
    arg [-L/cvmfs/dampe.cern.ch/centos7/opt/rh/devtoolset-4/root/usr/bin/../lib/gcc/x86_64-redhat-linux/5.3.1/../../..] ==> dir [/cvmfs/dampe.cern.ch/centos7/opt/rh/devtoolset-4/root/usr/bin/../lib/gcc/x86_64-redhat-linux/5.3.1/../../..]
    arg [CMakeFiles/cmTC_ced19.dir/CMakeCXXCompilerABI.cpp.o] ==> ignore
    arg [-lstdc++] ==> lib [stdc++]
    arg [-lm] ==> lib [m]
    arg [-lgcc_s] ==> lib [gcc_s]
    arg [-lgcc] ==> lib [gcc]
    arg [-lc] ==> lib [c]
    arg [-lgcc_s] ==> lib [gcc_s]
    arg [-lgcc] ==> lib [gcc]
    arg [/cvmfs/dampe.cern.ch/centos7/opt/rh/devtoolset-4/root/usr/bin/../lib/gcc/x86_64-redhat-linux/5.3.1/crtend.o] ==> ignore
    arg [/lib/../lib64/crtn.o] ==> ignore
  collapse library dir [/cvmfs/dampe.cern.ch/centos7/opt/rh/devtoolset-4/root/usr/bin/../lib/gcc/x86_64-redhat-linux/5.3.1] ==> [/cvmfs/dampe.cern.ch/centos7/opt/rh/devtoolset-4/root/usr/lib/gcc/x86_64-redhat-linux/5.3.1]
  collapse library dir [/cvmfs/dampe.cern.ch/centos7/opt/rh/devtoolset-4/root/usr/bin/../lib/gcc] ==> [/cvmfs/dampe.cern.ch/centos7/opt/rh/devtoolset-4/root/usr/lib/gcc]
  collapse library dir [/cvmfs/dampe.cern.ch/centos7/lib/../lib64] ==> [/cvmfs/dampe.cern.ch/centos7/lib64]
  collapse library dir [/cvmfs/dampe.cern.ch/centos7/lib64/../lib64] ==> [/cvmfs/dampe.cern.ch/centos7/lib64]
  collapse library dir [/cvmfs/dampe.cern.ch/centos7/opt/rh/devtoolset-4/root/usr/bin/../lib/gcc/x86_64-redhat-linux/5.3.1/../../../../lib64] ==> [/cvmfs/dampe.cern.ch/centos7/opt/rh/devtoolset-4/root/usr/lib64]
  collapse library dir [/lib/../lib64] ==> [/lib64]
  collapse library dir [/usr/lib/../lib64] ==> [/usr/lib64]
  collapse library dir [/cvmfs/dampe.cern.ch/centos7/lib] ==> [/cvmfs/dampe.cern.ch/centos7/lib]
  collapse library dir [/cvmfs/dampe.cern.ch/centos7/lib64] ==> [/cvmfs/dampe.cern.ch/centos7/lib64]
  collapse library dir [/cvmfs/dampe.cern.ch/centos7/opt/conda/lib] ==> [/cvmfs/dampe.cern.ch/centos7/opt/conda/lib]
  collapse library dir [/cvmfs/dampe.cern.ch/centos7/opt/mysql-connector-c-6.1.11-linux-glibc2.12-x86_64/lib] ==> [/cvmfs/dampe.cern.ch/centos7/opt/mysql-connector-c-6.1.11-linux-glibc2.12-x86_64/lib]
  collapse library dir [/cvmfs/dampe.cern.ch/centos7/opt/rh/devtoolset-4/root/usr/bin/../lib/gcc/x86_64-redhat-linux/5.3.1/../../..] ==> [/cvmfs/dampe.cern.ch/centos7/opt/rh/devtoolset-4/root/usr/lib]
  implicit libs: [stdc++;m;gcc_s;gcc;c;gcc_s;gcc]
  implicit dirs: [/cvmfs/dampe.cern.ch/centos7/opt/rh/devtoolset-4/root/usr/lib/gcc/x86_64-redhat-linux/5.3.1;/cvmfs/dampe.cern.ch/centos7/opt/rh/devtoolset-4/root/usr/lib/gcc;/cvmfs/dampe.cern.ch/centos7/lib64;/cvmfs/dampe.cern.ch/centos7/opt/rh/devtoolset-4/root/usr/lib64;/lib64;/usr/lib64;/cvmfs/dampe.cern.ch/centos7/lib;/cvmfs/dampe.cern.ch/centos7/opt/conda/lib;/cvmfs/dampe.cern.ch/centos7/opt/mysql-connector-c-6.1.11-linux-glibc2.12-x86_64/lib;/cvmfs/dampe.cern.ch/centos7/opt/rh/devtoolset-4/root/usr/lib]
  implicit fwks: []




Detecting CXX [-std=c++1z] compiler features compiled with the following output:
Change Dir: /atlas/users/coppinp/bee/GeantExamples/Hadr00/build/CMakeFiles/CMakeTmp

Run Build Command:"/usr/bin/gmake" "cmTC_5faf5/fast"
/usr/bin/gmake -f CMakeFiles/cmTC_5faf5.dir/build.make CMakeFiles/cmTC_5faf5.dir/build
gmake[1]: Entering directory `/beegfs1/users/coppinp/GeantExamples/Hadr00/build/CMakeFiles/CMakeTmp'
Building CXX object CMakeFiles/cmTC_5faf5.dir/feature_tests.cxx.o
/cvmfs/dampe.cern.ch/centos7/opt/rh/devtoolset-4/root/usr/bin/g++    -std=c++1z -o CMakeFiles/cmTC_5faf5.dir/feature_tests.cxx.o -c /atlas/users/coppinp/bee/GeantExamples/Hadr00/build/CMakeFiles/feature_tests.cxx
Linking CXX executable cmTC_5faf5
/cvmfs/dampe.cern.ch/centos7/bin/cmake -E cmake_link_script CMakeFiles/cmTC_5faf5.dir/link.txt --verbose=1
/cvmfs/dampe.cern.ch/centos7/opt/rh/devtoolset-4/root/usr/bin/g++       -rdynamic CMakeFiles/cmTC_5faf5.dir/feature_tests.cxx.o  -o cmTC_5faf5 
gmake[1]: Leaving directory `/beegfs1/users/coppinp/GeantExamples/Hadr00/build/CMakeFiles/CMakeTmp'


    Feature record: CXX_FEATURE:1cxx_aggregate_default_initializers
    Feature record: CXX_FEATURE:1cxx_alias_templates
    Feature record: CXX_FEATURE:1cxx_alignas
    Feature record: CXX_FEATURE:1cxx_alignof
    Feature record: CXX_FEATURE:1cxx_attributes
    Feature record: CXX_FEATURE:1cxx_attribute_deprecated
    Feature record: CXX_FEATURE:1cxx_auto_type
    Feature record: CXX_FEATURE:1cxx_binary_literals
    Feature record: CXX_FEATURE:1cxx_constexpr
    Feature record: CXX_FEATURE:1cxx_contextual_conversions
    Feature record: CXX_FEATURE:1cxx_decltype
    Feature record: CXX_FEATURE:1cxx_decltype_auto
    Feature record: CXX_FEATURE:1cxx_decltype_incomplete_return_types
    Feature record: CXX_FEATURE:1cxx_default_function_template_args
    Feature record: CXX_FEATURE:1cxx_defaulted_functions
    Feature record: CXX_FEATURE:1cxx_defaulted_move_initializers
    Feature record: CXX_FEATURE:1cxx_delegating_constructors
    Feature record: CXX_FEATURE:1cxx_deleted_functions
    Feature record: CXX_FEATURE:1cxx_digit_separators
    Feature record: CXX_FEATURE:1cxx_enum_forward_declarations
    Feature record: CXX_FEATURE:1cxx_explicit_conversions
    Feature record: CXX_FEATURE:1cxx_extended_friend_declarations
    Feature record: CXX_FEATURE:1cxx_extern_templates
    Feature record: CXX_FEATURE:1cxx_final
    Feature record: CXX_FEATURE:1cxx_func_identifier
    Feature record: CXX_FEATURE:1cxx_generalized_initializers
    Feature record: CXX_FEATURE:1cxx_generic_lambdas
    Feature record: CXX_FEATURE:1cxx_inheriting_constructors
    Feature record: CXX_FEATURE:1cxx_inline_namespaces
    Feature record: CXX_FEATURE:1cxx_lambdas
    Feature record: CXX_FEATURE:1cxx_lambda_init_captures
    Feature record: CXX_FEATURE:1cxx_local_type_template_args
    Feature record: CXX_FEATURE:1cxx_long_long_type
    Feature record: CXX_FEATURE:1cxx_noexcept
    Feature record: CXX_FEATURE:1cxx_nonstatic_member_init
    Feature record: CXX_FEATURE:1cxx_nullptr
    Feature record: CXX_FEATURE:1cxx_override
    Feature record: CXX_FEATURE:1cxx_range_for
    Feature record: CXX_FEATURE:1cxx_raw_string_literals
    Feature record: CXX_FEATURE:1cxx_reference_qualified_functions
    Feature record: CXX_FEATURE:1cxx_relaxed_constexpr
    Feature record: CXX_FEATURE:1cxx_return_type_deduction
    Feature record: CXX_FEATURE:1cxx_right_angle_brackets
    Feature record: CXX_FEATURE:1cxx_rvalue_references
    Feature record: CXX_FEATURE:1cxx_sizeof_member
    Feature record: CXX_FEATURE:1cxx_static_assert
    Feature record: CXX_FEATURE:1cxx_strong_enums
    Feature record: CXX_FEATURE:1cxx_template_template_parameters
    Feature record: CXX_FEATURE:1cxx_thread_local
    Feature record: CXX_FEATURE:1cxx_trailing_return_types
    Feature record: CXX_FEATURE:1cxx_unicode_literals
    Feature record: CXX_FEATURE:1cxx_uniform_initialization
    Feature record: CXX_FEATURE:1cxx_unrestricted_unions
    Feature record: CXX_FEATURE:1cxx_user_literals
    Feature record: CXX_FEATURE:1cxx_variable_templates
    Feature record: CXX_FEATURE:1cxx_variadic_macros
    Feature record: CXX_FEATURE:1cxx_variadic_templates


Detecting CXX [-std=c++14] compiler features compiled with the following output:
Change Dir: /atlas/users/coppinp/bee/GeantExamples/Hadr00/build/CMakeFiles/CMakeTmp

Run Build Command:"/usr/bin/gmake" "cmTC_ef44d/fast"
/usr/bin/gmake -f CMakeFiles/cmTC_ef44d.dir/build.make CMakeFiles/cmTC_ef44d.dir/build
gmake[1]: Entering directory `/beegfs1/users/coppinp/GeantExamples/Hadr00/build/CMakeFiles/CMakeTmp'
Building CXX object CMakeFiles/cmTC_ef44d.dir/feature_tests.cxx.o
/cvmfs/dampe.cern.ch/centos7/opt/rh/devtoolset-4/root/usr/bin/g++    -std=c++14 -o CMakeFiles/cmTC_ef44d.dir/feature_tests.cxx.o -c /atlas/users/coppinp/bee/GeantExamples/Hadr00/build/CMakeFiles/feature_tests.cxx
Linking CXX executable cmTC_ef44d
/cvmfs/dampe.cern.ch/centos7/bin/cmake -E cmake_link_script CMakeFiles/cmTC_ef44d.dir/link.txt --verbose=1
/cvmfs/dampe.cern.ch/centos7/opt/rh/devtoolset-4/root/usr/bin/g++       -rdynamic CMakeFiles/cmTC_ef44d.dir/feature_tests.cxx.o  -o cmTC_ef44d 
gmake[1]: Leaving directory `/beegfs1/users/coppinp/GeantExamples/Hadr00/build/CMakeFiles/CMakeTmp'


    Feature record: CXX_FEATURE:1cxx_aggregate_default_initializers
    Feature record: CXX_FEATURE:1cxx_alias_templates
    Feature record: CXX_FEATURE:1cxx_alignas
    Feature record: CXX_FEATURE:1cxx_alignof
    Feature record: CXX_FEATURE:1cxx_attributes
    Feature record: CXX_FEATURE:1cxx_attribute_deprecated
    Feature record: CXX_FEATURE:1cxx_auto_type
    Feature record: CXX_FEATURE:1cxx_binary_literals
    Feature record: CXX_FEATURE:1cxx_constexpr
    Feature record: CXX_FEATURE:1cxx_contextual_conversions
    Feature record: CXX_FEATURE:1cxx_decltype
    Feature record: CXX_FEATURE:1cxx_decltype_auto
    Feature record: CXX_FEATURE:1cxx_decltype_incomplete_return_types
    Feature record: CXX_FEATURE:1cxx_default_function_template_args
    Feature record: CXX_FEATURE:1cxx_defaulted_functions
    Feature record: CXX_FEATURE:1cxx_defaulted_move_initializers
    Feature record: CXX_FEATURE:1cxx_delegating_constructors
    Feature record: CXX_FEATURE:1cxx_deleted_functions
    Feature record: CXX_FEATURE:1cxx_digit_separators
    Feature record: CXX_FEATURE:1cxx_enum_forward_declarations
    Feature record: CXX_FEATURE:1cxx_explicit_conversions
    Feature record: CXX_FEATURE:1cxx_extended_friend_declarations
    Feature record: CXX_FEATURE:1cxx_extern_templates
    Feature record: CXX_FEATURE:1cxx_final
    Feature record: CXX_FEATURE:1cxx_func_identifier
    Feature record: CXX_FEATURE:1cxx_generalized_initializers
    Feature record: CXX_FEATURE:1cxx_generic_lambdas
    Feature record: CXX_FEATURE:1cxx_inheriting_constructors
    Feature record: CXX_FEATURE:1cxx_inline_namespaces
    Feature record: CXX_FEATURE:1cxx_lambdas
    Feature record: CXX_FEATURE:1cxx_lambda_init_captures
    Feature record: CXX_FEATURE:1cxx_local_type_template_args
    Feature record: CXX_FEATURE:1cxx_long_long_type
    Feature record: CXX_FEATURE:1cxx_noexcept
    Feature record: CXX_FEATURE:1cxx_nonstatic_member_init
    Feature record: CXX_FEATURE:1cxx_nullptr
    Feature record: CXX_FEATURE:1cxx_override
    Feature record: CXX_FEATURE:1cxx_range_for
    Feature record: CXX_FEATURE:1cxx_raw_string_literals
    Feature record: CXX_FEATURE:1cxx_reference_qualified_functions
    Feature record: CXX_FEATURE:1cxx_relaxed_constexpr
    Feature record: CXX_FEATURE:1cxx_return_type_deduction
    Feature record: CXX_FEATURE:1cxx_right_angle_brackets
    Feature record: CXX_FEATURE:1cxx_rvalue_references
    Feature record: CXX_FEATURE:1cxx_sizeof_member
    Feature record: CXX_FEATURE:1cxx_static_assert
    Feature record: CXX_FEATURE:1cxx_strong_enums
    Feature record: CXX_FEATURE:1cxx_template_template_parameters
    Feature record: CXX_FEATURE:1cxx_thread_local
    Feature record: CXX_FEATURE:1cxx_trailing_return_types
    Feature record: CXX_FEATURE:1cxx_unicode_literals
    Feature record: CXX_FEATURE:1cxx_uniform_initialization
    Feature record: CXX_FEATURE:1cxx_unrestricted_unions
    Feature record: CXX_FEATURE:1cxx_user_literals
    Feature record: CXX_FEATURE:1cxx_variable_templates
    Feature record: CXX_FEATURE:1cxx_variadic_macros
    Feature record: CXX_FEATURE:1cxx_variadic_templates


Detecting CXX [-std=c++11] compiler features compiled with the following output:
Change Dir: /atlas/users/coppinp/bee/GeantExamples/Hadr00/build/CMakeFiles/CMakeTmp

Run Build Command:"/usr/bin/gmake" "cmTC_e292e/fast"
/usr/bin/gmake -f CMakeFiles/cmTC_e292e.dir/build.make CMakeFiles/cmTC_e292e.dir/build
gmake[1]: Entering directory `/beegfs1/users/coppinp/GeantExamples/Hadr00/build/CMakeFiles/CMakeTmp'
Building CXX object CMakeFiles/cmTC_e292e.dir/feature_tests.cxx.o
/cvmfs/dampe.cern.ch/centos7/opt/rh/devtoolset-4/root/usr/bin/g++    -std=c++11 -o CMakeFiles/cmTC_e292e.dir/feature_tests.cxx.o -c /atlas/users/coppinp/bee/GeantExamples/Hadr00/build/CMakeFiles/feature_tests.cxx
Linking CXX executable cmTC_e292e
/cvmfs/dampe.cern.ch/centos7/bin/cmake -E cmake_link_script CMakeFiles/cmTC_e292e.dir/link.txt --verbose=1
/cvmfs/dampe.cern.ch/centos7/opt/rh/devtoolset-4/root/usr/bin/g++       -rdynamic CMakeFiles/cmTC_e292e.dir/feature_tests.cxx.o  -o cmTC_e292e 
gmake[1]: Leaving directory `/beegfs1/users/coppinp/GeantExamples/Hadr00/build/CMakeFiles/CMakeTmp'


    Feature record: CXX_FEATURE:0cxx_aggregate_default_initializers
    Feature record: CXX_FEATURE:1cxx_alias_templates
    Feature record: CXX_FEATURE:1cxx_alignas
    Feature record: CXX_FEATURE:1cxx_alignof
    Feature record: CXX_FEATURE:1cxx_attributes
    Feature record: CXX_FEATURE:0cxx_attribute_deprecated
    Feature record: CXX_FEATURE:1cxx_auto_type
    Feature record: CXX_FEATURE:0cxx_binary_literals
    Feature record: CXX_FEATURE:1cxx_constexpr
    Feature record: CXX_FEATURE:0cxx_contextual_conversions
    Feature record: CXX_FEATURE:1cxx_decltype
    Feature record: CXX_FEATURE:0cxx_decltype_auto
    Feature record: CXX_FEATURE:1cxx_decltype_incomplete_return_types
    Feature record: CXX_FEATURE:1cxx_default_function_template_args
    Feature record: CXX_FEATURE:1cxx_defaulted_functions
    Feature record: CXX_FEATURE:1cxx_defaulted_move_initializers
    Feature record: CXX_FEATURE:1cxx_delegating_constructors
    Feature record: CXX_FEATURE:1cxx_deleted_functions
    Feature record: CXX_FEATURE:0cxx_digit_separators
    Feature record: CXX_FEATURE:1cxx_enum_forward_declarations
    Feature record: CXX_FEATURE:1cxx_explicit_conversions
    Feature record: CXX_FEATURE:1cxx_extended_friend_declarations
    Feature record: CXX_FEATURE:1cxx_extern_templates
    Feature record: CXX_FEATURE:1cxx_final
    Feature record: CXX_FEATURE:1cxx_func_identifier
    Feature record: CXX_FEATURE:1cxx_generalized_initializers
    Feature record: CXX_FEATURE:0cxx_generic_lambdas
    Feature record: CXX_FEATURE:1cxx_inheriting_constructors
    Feature record: CXX_FEATURE:1cxx_inline_namespaces
    Feature record: CXX_FEATURE:1cxx_lambdas
    Feature record: CXX_FEATURE:0cxx_lambda_init_captures
    Feature record: CXX_FEATURE:1cxx_local_type_template_args
    Feature record: CXX_FEATURE:1cxx_long_long_type
    Feature record: CXX_FEATURE:1cxx_noexcept
    Feature record: CXX_FEATURE:1cxx_nonstatic_member_init
    Feature record: CXX_FEATURE:1cxx_nullptr
    Feature record: CXX_FEATURE:1cxx_override
    Feature record: CXX_FEATURE:1cxx_range_for
    Feature record: CXX_FEATURE:1cxx_raw_string_literals
    Feature record: CXX_FEATURE:1cxx_reference_qualified_functions
    Feature record: CXX_FEATURE:0cxx_relaxed_constexpr
    Feature record: CXX_FEATURE:0cxx_return_type_deduction
    Feature record: CXX_FEATURE:1cxx_right_angle_brackets
    Feature record: CXX_FEATURE:1cxx_rvalue_references
    Feature record: CXX_FEATURE:1cxx_sizeof_member
    Feature record: CXX_FEATURE:1cxx_static_assert
    Feature record: CXX_FEATURE:1cxx_strong_enums
    Feature record: CXX_FEATURE:1cxx_template_template_parameters
    Feature record: CXX_FEATURE:1cxx_thread_local
    Feature record: CXX_FEATURE:1cxx_trailing_return_types
    Feature record: CXX_FEATURE:1cxx_unicode_literals
    Feature record: CXX_FEATURE:1cxx_uniform_initialization
    Feature record: CXX_FEATURE:1cxx_unrestricted_unions
    Feature record: CXX_FEATURE:1cxx_user_literals
    Feature record: CXX_FEATURE:0cxx_variable_templates
    Feature record: CXX_FEATURE:1cxx_variadic_macros
    Feature record: CXX_FEATURE:1cxx_variadic_templates


Detecting CXX [-std=c++98] compiler features compiled with the following output:
Change Dir: /atlas/users/coppinp/bee/GeantExamples/Hadr00/build/CMakeFiles/CMakeTmp

Run Build Command:"/usr/bin/gmake" "cmTC_d8aea/fast"
/usr/bin/gmake -f CMakeFiles/cmTC_d8aea.dir/build.make CMakeFiles/cmTC_d8aea.dir/build
gmake[1]: Entering directory `/beegfs1/users/coppinp/GeantExamples/Hadr00/build/CMakeFiles/CMakeTmp'
Building CXX object CMakeFiles/cmTC_d8aea.dir/feature_tests.cxx.o
/cvmfs/dampe.cern.ch/centos7/opt/rh/devtoolset-4/root/usr/bin/g++    -std=c++98 -o CMakeFiles/cmTC_d8aea.dir/feature_tests.cxx.o -c /atlas/users/coppinp/bee/GeantExamples/Hadr00/build/CMakeFiles/feature_tests.cxx
Linking CXX executable cmTC_d8aea
/cvmfs/dampe.cern.ch/centos7/bin/cmake -E cmake_link_script CMakeFiles/cmTC_d8aea.dir/link.txt --verbose=1
/cvmfs/dampe.cern.ch/centos7/opt/rh/devtoolset-4/root/usr/bin/g++       -rdynamic CMakeFiles/cmTC_d8aea.dir/feature_tests.cxx.o  -o cmTC_d8aea 
gmake[1]: Leaving directory `/beegfs1/users/coppinp/GeantExamples/Hadr00/build/CMakeFiles/CMakeTmp'


    Feature record: CXX_FEATURE:0cxx_aggregate_default_initializers
    Feature record: CXX_FEATURE:0cxx_alias_templates
    Feature record: CXX_FEATURE:0cxx_alignas
    Feature record: CXX_FEATURE:0cxx_alignof
    Feature record: CXX_FEATURE:0cxx_attributes
    Feature record: CXX_FEATURE:0cxx_attribute_deprecated
    Feature record: CXX_FEATURE:0cxx_auto_type
    Feature record: CXX_FEATURE:0cxx_binary_literals
    Feature record: CXX_FEATURE:0cxx_constexpr
    Feature record: CXX_FEATURE:0cxx_contextual_conversions
    Feature record: CXX_FEATURE:0cxx_decltype
    Feature record: CXX_FEATURE:0cxx_decltype_auto
    Feature record: CXX_FEATURE:0cxx_decltype_incomplete_return_types
    Feature record: CXX_FEATURE:0cxx_default_function_template_args
    Feature record: CXX_FEATURE:0cxx_defaulted_functions
    Feature record: CXX_FEATURE:0cxx_defaulted_move_initializers
    Feature record: CXX_FEATURE:0cxx_delegating_constructors
    Feature record: CXX_FEATURE:0cxx_deleted_functions
    Feature record: CXX_FEATURE:0cxx_digit_separators
    Feature record: CXX_FEATURE:0cxx_enum_forward_declarations
    Feature record: CXX_FEATURE:0cxx_explicit_conversions
    Feature record: CXX_FEATURE:0cxx_extended_friend_declarations
    Feature record: CXX_FEATURE:0cxx_extern_templates
    Feature record: CXX_FEATURE:0cxx_final
    Feature record: CXX_FEATURE:0cxx_func_identifier
    Feature record: CXX_FEATURE:0cxx_generalized_initializers
    Feature record: CXX_FEATURE:0cxx_generic_lambdas
    Feature record: CXX_FEATURE:0cxx_inheriting_constructors
    Feature record: CXX_FEATURE:0cxx_inline_namespaces
    Feature record: CXX_FEATURE:0cxx_lambdas
    Feature record: CXX_FEATURE:0cxx_lambda_init_captures
    Feature record: CXX_FEATURE:0cxx_local_type_template_args
    Feature record: CXX_FEATURE:0cxx_long_long_type
    Feature record: CXX_FEATURE:0cxx_noexcept
    Feature record: CXX_FEATURE:0cxx_nonstatic_member_init
    Feature record: CXX_FEATURE:0cxx_nullptr
    Feature record: CXX_FEATURE:0cxx_override
    Feature record: CXX_FEATURE:0cxx_range_for
    Feature record: CXX_FEATURE:0cxx_raw_string_literals
    Feature record: CXX_FEATURE:0cxx_reference_qualified_functions
    Feature record: CXX_FEATURE:0cxx_relaxed_constexpr
    Feature record: CXX_FEATURE:0cxx_return_type_deduction
    Feature record: CXX_FEATURE:0cxx_right_angle_brackets
    Feature record: CXX_FEATURE:0cxx_rvalue_references
    Feature record: CXX_FEATURE:0cxx_sizeof_member
    Feature record: CXX_FEATURE:0cxx_static_assert
    Feature record: CXX_FEATURE:0cxx_strong_enums
    Feature record: CXX_FEATURE:1cxx_template_template_parameters
    Feature record: CXX_FEATURE:0cxx_thread_local
    Feature record: CXX_FEATURE:0cxx_trailing_return_types
    Feature record: CXX_FEATURE:0cxx_unicode_literals
    Feature record: CXX_FEATURE:0cxx_uniform_initialization
    Feature record: CXX_FEATURE:0cxx_unrestricted_unions
    Feature record: CXX_FEATURE:0cxx_user_literals
    Feature record: CXX_FEATURE:0cxx_variable_templates
    Feature record: CXX_FEATURE:0cxx_variadic_macros
    Feature record: CXX_FEATURE:0cxx_variadic_templates
