Determining if the pthread_create exist failed with the following output:
Change Dir: /home/users/c/coppinp/bee/GeantExamples/Hadr00/build/CMakeFiles/CMakeTmp

Run Build Command:"/usr/bin/gmake" "cmTC_b003a/fast"
/usr/bin/gmake -f CMakeFiles/cmTC_b003a.dir/build.make CMakeFiles/cmTC_b003a.dir/build
gmake[1]: Map '/dpnc/beegfs/users/coppinp/GeantExamples/Hadr00/build/CMakeFiles/CMakeTmp' wordt binnengegaan
Building C object CMakeFiles/cmTC_b003a.dir/CheckSymbolExists.c.o
/cvmfs/dampe.cern.ch/centos7/opt/rh/devtoolset-4/root/usr/bin/gcc    -o CMakeFiles/cmTC_b003a.dir/CheckSymbolExists.c.o   -c /home/users/c/coppinp/bee/GeantExamples/Hadr00/build/CMakeFiles/CMakeTmp/CheckSymbolExists.c
Linking C executable cmTC_b003a
/cvmfs/dampe.cern.ch/centos7/bin/cmake -E cmake_link_script CMakeFiles/cmTC_b003a.dir/link.txt --verbose=1
/cvmfs/dampe.cern.ch/centos7/opt/rh/devtoolset-4/root/usr/bin/gcc      CMakeFiles/cmTC_b003a.dir/CheckSymbolExists.c.o  -o cmTC_b003a 
CMakeFiles/cmTC_b003a.dir/CheckSymbolExists.c.o: In function `main':
CheckSymbolExists.c:(.text+0x16): undefined reference to `pthread_create'
collect2: error: ld returned 1 exit status
gmake[1]: *** [cmTC_b003a] Fout 1
gmake[1]: Map '/dpnc/beegfs/users/coppinp/GeantExamples/Hadr00/build/CMakeFiles/CMakeTmp' wordt verlaten
gmake: *** [cmTC_b003a/fast] Fout 2

File /home/users/c/coppinp/bee/GeantExamples/Hadr00/build/CMakeFiles/CMakeTmp/CheckSymbolExists.c:
/* */
#include <pthread.h>

int main(int argc, char** argv)
{
  (void)argv;
#ifndef pthread_create
  return ((int*)(&pthread_create))[argc];
#else
  (void)argc;
  return 0;
#endif
}

