The system is: Linux - 3.10.0-1160.49.1.el7.x86_64 - x86_64
Compiling the C compiler identification source file "CMakeCCompilerId.c" succeeded.
Compiler: /cvmfs/dampe.cern.ch/centos7/opt/rh/devtoolset-4/root/usr/bin/gcc 
Build flags: 
Id flags:  

The output was:
0


Compilation of the C compiler identification source "CMakeCCompilerId.c" produced "a.out"

The C compiler identification is GNU, found in "/home/users/c/coppinp/bee/GeantExamples/B1/build/CMakeFiles/3.9.3/CompilerIdC/a.out"

Compiling the CXX compiler identification source file "CMakeCXXCompilerId.cpp" succeeded.
Compiler: /cvmfs/dampe.cern.ch/centos7/opt/rh/devtoolset-4/root/usr/bin/g++ 
Build flags: 
Id flags:  

The output was:
0


Compilation of the CXX compiler identification source "CMakeCXXCompilerId.cpp" produced "a.out"

The CXX compiler identification is GNU, found in "/home/users/c/coppinp/bee/GeantExamples/B1/build/CMakeFiles/3.9.3/CompilerIdCXX/a.out"

Determining if the C compiler works passed with the following output:
Change Dir: /home/users/c/coppinp/bee/GeantExamples/B1/build/CMakeFiles/CMakeTmp

Run Build Command:"/usr/bin/gmake" "cmTC_aef0a/fast"
/usr/bin/gmake -f CMakeFiles/cmTC_aef0a.dir/build.make CMakeFiles/cmTC_aef0a.dir/build
gmake[1]: Map '/dpnc/beegfs/users/coppinp/GeantExamples/B1/build/CMakeFiles/CMakeTmp' wordt binnengegaan
Building C object CMakeFiles/cmTC_aef0a.dir/testCCompiler.c.o
/cvmfs/dampe.cern.ch/centos7/opt/rh/devtoolset-4/root/usr/bin/gcc    -o CMakeFiles/cmTC_aef0a.dir/testCCompiler.c.o   -c /home/users/c/coppinp/bee/GeantExamples/B1/build/CMakeFiles/CMakeTmp/testCCompiler.c
Linking C executable cmTC_aef0a
/cvmfs/dampe.cern.ch/centos7/bin/cmake -E cmake_link_script CMakeFiles/cmTC_aef0a.dir/link.txt --verbose=1
/cvmfs/dampe.cern.ch/centos7/opt/rh/devtoolset-4/root/usr/bin/gcc      -rdynamic CMakeFiles/cmTC_aef0a.dir/testCCompiler.c.o  -o cmTC_aef0a 
gmake[1]: Map '/dpnc/beegfs/users/coppinp/GeantExamples/B1/build/CMakeFiles/CMakeTmp' wordt verlaten


Detecting C compiler ABI info compiled with the following output:
Change Dir: /home/users/c/coppinp/bee/GeantExamples/B1/build/CMakeFiles/CMakeTmp

Run Build Command:"/usr/bin/gmake" "cmTC_10cbc/fast"
/usr/bin/gmake -f CMakeFiles/cmTC_10cbc.dir/build.make CMakeFiles/cmTC_10cbc.dir/build
gmake[1]: Map '/dpnc/beegfs/users/coppinp/GeantExamples/B1/build/CMakeFiles/CMakeTmp' wordt binnengegaan
Building C object CMakeFiles/cmTC_10cbc.dir/CMakeCCompilerABI.c.o
/cvmfs/dampe.cern.ch/centos7/opt/rh/devtoolset-4/root/usr/bin/gcc    -o CMakeFiles/cmTC_10cbc.dir/CMakeCCompilerABI.c.o   -c /cvmfs/dampe.cern.ch/centos7/share/cmake-3.9/Modules/CMakeCCompilerABI.c
Linking C executable cmTC_10cbc
/cvmfs/dampe.cern.ch/centos7/bin/cmake -E cmake_link_script CMakeFiles/cmTC_10cbc.dir/link.txt --verbose=1
/cvmfs/dampe.cern.ch/centos7/opt/rh/devtoolset-4/root/usr/bin/gcc     -v -rdynamic CMakeFiles/cmTC_10cbc.dir/CMakeCCompilerABI.c.o  -o cmTC_10cbc 
Using built-in specs.
COLLECT_GCC=/cvmfs/dampe.cern.ch/centos7/opt/rh/devtoolset-4/root/usr/bin/gcc
COLLECT_LTO_WRAPPER=/cvmfs/dampe.cern.ch/centos7/opt/rh/devtoolset-4/root/usr/bin/../libexec/gcc/x86_64-redhat-linux/5.3.1/lto-wrapper
Target: x86_64-redhat-linux
Configured with: ../configure --enable-bootstrap --enable-languages=c,c++,fortran,lto --prefix=/opt/rh/devtoolset-4/root/usr --mandir=/opt/rh/devtoolset-4/root/usr/share/man --infodir=/opt/rh/devtoolset-4/root/usr/share/info --with-bugurl=http://bugzilla.redhat.com/bugzilla --enable-shared --enable-threads=posix --enable-checking=release --enable-multilib --with-system-zlib --enable-__cxa_atexit --disable-libunwind-exceptions --enable-gnu-unique-object --enable-linker-build-id --enable-plugin --with-linker-hash-style=gnu --enable-initfini-array --disable-libgcj --with-default-libstdcxx-abi=gcc4-compatible --with-isl=/builddir/build/BUILD/gcc-5.3.1-20160406/obj-x86_64-redhat-linux/isl-install --enable-libmpx --enable-gnu-indirect-function --with-tune=generic --with-arch_32=i686 --build=x86_64-redhat-linux
Thread model: posix
gcc version 5.3.1 20160406 (Red Hat 5.3.1-6) (GCC) 
COMPILER_PATH=/cvmfs/dampe.cern.ch/centos7/opt/rh/devtoolset-4/root/usr/bin/../libexec/gcc/x86_64-redhat-linux/5.3.1/:/cvmfs/dampe.cern.ch/centos7/opt/rh/devtoolset-4/root/usr/bin/../libexec/gcc/
LIBRARY_PATH=/cvmfs/dampe.cern.ch/centos7/opt/rh/devtoolset-4/root/usr/bin/../lib/gcc/x86_64-redhat-linux/5.3.1/:/cvmfs/dampe.cern.ch/centos7/opt/rh/devtoolset-4/root/usr/bin/../lib/gcc/:/cvmfs/dampe.cern.ch/centos7/lib/../lib64/:/cvmfs/dampe.cern.ch/centos7/lib64/../lib64/:/cvmfs/dampe.cern.ch/centos7/opt/rh/devtoolset-4/root/usr/bin/../lib/gcc/x86_64-redhat-linux/5.3.1/../../../../lib64/:/lib/../lib64/:/usr/lib/../lib64/:/cvmfs/dampe.cern.ch/centos7/lib/:/cvmfs/dampe.cern.ch/centos7/lib64/:/cvmfs/dampe.cern.ch/centos7/opt/conda/lib/:/cvmfs/dampe.cern.ch/centos7/opt/mysql-connector-c-6.1.11-linux-glibc2.12-x86_64/lib/:./:/cvmfs/dampe.cern.ch/centos7/opt/rh/devtoolset-4/root/usr/bin/../lib/gcc/x86_64-redhat-linux/5.3.1/../../../:/lib/:/usr/lib/
COLLECT_GCC_OPTIONS='-v' '-rdynamic' '-o' 'cmTC_10cbc' '-mtune=generic' '-march=x86-64'
 /cvmfs/dampe.cern.ch/centos7/opt/rh/devtoolset-4/root/usr/bin/../libexec/gcc/x86_64-redhat-linux/5.3.1/collect2 -plugin /cvmfs/dampe.cern.ch/centos7/opt/rh/devtoolset-4/root/usr/bin/../libexec/gcc/x86_64-redhat-linux/5.3.1/liblto_plugin.so -plugin-opt=/cvmfs/dampe.cern.ch/centos7/opt/rh/devtoolset-4/root/usr/bin/../libexec/gcc/x86_64-redhat-linux/5.3.1/lto-wrapper -plugin-opt=-fresolution=/tmp/ccDoRWmj.res -plugin-opt=-pass-through=-lgcc -plugin-opt=-pass-through=-lgcc_s -plugin-opt=-pass-through=-lc -plugin-opt=-pass-through=-lgcc -plugin-opt=-pass-through=-lgcc_s --build-id --no-add-needed --eh-frame-hdr --hash-style=gnu -m elf_x86_64 -export-dynamic -dynamic-linker /lib64/ld-linux-x86-64.so.2 -o cmTC_10cbc /lib/../lib64/crt1.o /lib/../lib64/crti.o /cvmfs/dampe.cern.ch/centos7/opt/rh/devtoolset-4/root/usr/bin/../lib/gcc/x86_64-redhat-linux/5.3.1/crtbegin.o -L/cvmfs/dampe.cern.ch/centos7/opt/rh/devtoolset-4/root/usr/bin/../lib/gcc/x86_64-redhat-linux/5.3.1 -L/cvmfs/dampe.cern.ch/centos7/opt/rh/devtoolset-4/root/usr/bin/../lib/gcc -L/cvmfs/dampe.cern.ch/centos7/lib/../lib64 -L/cvmfs/dampe.cern.ch/centos7/lib64/../lib64 -L/cvmfs/dampe.cern.ch/centos7/opt/rh/devtoolset-4/root/usr/bin/../lib/gcc/x86_64-redhat-linux/5.3.1/../../../../lib64 -L/lib/../lib64 -L/usr/lib/../lib64 -L/cvmfs/dampe.cern.ch/centos7/lib -L/cvmfs/dampe.cern.ch/centos7/lib64 -L/cvmfs/dampe.cern.ch/centos7/opt/conda/lib -L/cvmfs/dampe.cern.ch/centos7/opt/mysql-connector-c-6.1.11-linux-glibc2.12-x86_64/lib -L. -L/cvmfs/dampe.cern.ch/centos7/opt/rh/devtoolset-4/root/usr/bin/../lib/gcc/x86_64-redhat-linux/5.3.1/../../.. CMakeFiles/cmTC_10cbc.dir/CMakeCCompilerABI.c.o -lgcc --as-needed -lgcc_s --no-as-needed -lc -lgcc --as-needed -lgcc_s --no-as-needed /cvmfs/dampe.cern.ch/centos7/opt/rh/devtoolset-4/root/usr/bin/../lib/gcc/x86_64-redhat-linux/5.3.1/crtend.o /lib/../lib64/crtn.o
gmake[1]: Map '/dpnc/beegfs/users/coppinp/GeantExamples/B1/build/CMakeFiles/CMakeTmp' wordt verlaten


Parsed C implicit link information from above output:
  link line regex: [^( *|.*[/\])(ld|CMAKE_LINK_STARTFILE-NOTFOUND|([^/\]+-)?ld|collect2)[^/\]*( |$)]
  ignore line: [Change Dir: /home/users/c/coppinp/bee/GeantExamples/B1/build/CMakeFiles/CMakeTmp]
  ignore line: []
  ignore line: [Run Build Command:"/usr/bin/gmake" "cmTC_10cbc/fast"]
  ignore line: [/usr/bin/gmake -f CMakeFiles/cmTC_10cbc.dir/build.make CMakeFiles/cmTC_10cbc.dir/build]
  ignore line: [gmake[1]: Map '/dpnc/beegfs/users/coppinp/GeantExamples/B1/build/CMakeFiles/CMakeTmp' wordt binnengegaan]
  ignore line: [Building C object CMakeFiles/cmTC_10cbc.dir/CMakeCCompilerABI.c.o]
  ignore line: [/cvmfs/dampe.cern.ch/centos7/opt/rh/devtoolset-4/root/usr/bin/gcc    -o CMakeFiles/cmTC_10cbc.dir/CMakeCCompilerABI.c.o   -c /cvmfs/dampe.cern.ch/centos7/share/cmake-3.9/Modules/CMakeCCompilerABI.c]
  ignore line: [Linking C executable cmTC_10cbc]
  ignore line: [/cvmfs/dampe.cern.ch/centos7/bin/cmake -E cmake_link_script CMakeFiles/cmTC_10cbc.dir/link.txt --verbose=1]
  ignore line: [/cvmfs/dampe.cern.ch/centos7/opt/rh/devtoolset-4/root/usr/bin/gcc     -v -rdynamic CMakeFiles/cmTC_10cbc.dir/CMakeCCompilerABI.c.o  -o cmTC_10cbc ]
  ignore line: [Using built-in specs.]
  ignore line: [COLLECT_GCC=/cvmfs/dampe.cern.ch/centos7/opt/rh/devtoolset-4/root/usr/bin/gcc]
  ignore line: [COLLECT_LTO_WRAPPER=/cvmfs/dampe.cern.ch/centos7/opt/rh/devtoolset-4/root/usr/bin/../libexec/gcc/x86_64-redhat-linux/5.3.1/lto-wrapper]
  ignore line: [Target: x86_64-redhat-linux]
  ignore line: [Configured with: ../configure --enable-bootstrap --enable-languages=c,c++,fortran,lto --prefix=/opt/rh/devtoolset-4/root/usr --mandir=/opt/rh/devtoolset-4/root/usr/share/man --infodir=/opt/rh/devtoolset-4/root/usr/share/info --with-bugurl=http://bugzilla.redhat.com/bugzilla --enable-shared --enable-threads=posix --enable-checking=release --enable-multilib --with-system-zlib --enable-__cxa_atexit --disable-libunwind-exceptions --enable-gnu-unique-object --enable-linker-build-id --enable-plugin --with-linker-hash-style=gnu --enable-initfini-array --disable-libgcj --with-default-libstdcxx-abi=gcc4-compatible --with-isl=/builddir/build/BUILD/gcc-5.3.1-20160406/obj-x86_64-redhat-linux/isl-install --enable-libmpx --enable-gnu-indirect-function --with-tune=generic --with-arch_32=i686 --build=x86_64-redhat-linux]
  ignore line: [Thread model: posix]
  ignore line: [gcc version 5.3.1 20160406 (Red Hat 5.3.1-6) (GCC) ]
  ignore line: [COMPILER_PATH=/cvmfs/dampe.cern.ch/centos7/opt/rh/devtoolset-4/root/usr/bin/../libexec/gcc/x86_64-redhat-linux/5.3.1/:/cvmfs/dampe.cern.ch/centos7/opt/rh/devtoolset-4/root/usr/bin/../libexec/gcc/]
  ignore line: [LIBRARY_PATH=/cvmfs/dampe.cern.ch/centos7/opt/rh/devtoolset-4/root/usr/bin/../lib/gcc/x86_64-redhat-linux/5.3.1/:/cvmfs/dampe.cern.ch/centos7/opt/rh/devtoolset-4/root/usr/bin/../lib/gcc/:/cvmfs/dampe.cern.ch/centos7/lib/../lib64/:/cvmfs/dampe.cern.ch/centos7/lib64/../lib64/:/cvmfs/dampe.cern.ch/centos7/opt/rh/devtoolset-4/root/usr/bin/../lib/gcc/x86_64-redhat-linux/5.3.1/../../../../lib64/:/lib/../lib64/:/usr/lib/../lib64/:/cvmfs/dampe.cern.ch/centos7/lib/:/cvmfs/dampe.cern.ch/centos7/lib64/:/cvmfs/dampe.cern.ch/centos7/opt/conda/lib/:/cvmfs/dampe.cern.ch/centos7/opt/mysql-connector-c-6.1.11-linux-glibc2.12-x86_64/lib/:./:/cvmfs/dampe.cern.ch/centos7/opt/rh/devtoolset-4/root/usr/bin/../lib/gcc/x86_64-redhat-linux/5.3.1/../../../:/lib/:/usr/lib/]
  ignore line: [COLLECT_GCC_OPTIONS='-v' '-rdynamic' '-o' 'cmTC_10cbc' '-mtune=generic' '-march=x86-64']
  link line: [ /cvmfs/dampe.cern.ch/centos7/opt/rh/devtoolset-4/root/usr/bin/../libexec/gcc/x86_64-redhat-linux/5.3.1/collect2 -plugin /cvmfs/dampe.cern.ch/centos7/opt/rh/devtoolset-4/root/usr/bin/../libexec/gcc/x86_64-redhat-linux/5.3.1/liblto_plugin.so -plugin-opt=/cvmfs/dampe.cern.ch/centos7/opt/rh/devtoolset-4/root/usr/bin/../libexec/gcc/x86_64-redhat-linux/5.3.1/lto-wrapper -plugin-opt=-fresolution=/tmp/ccDoRWmj.res -plugin-opt=-pass-through=-lgcc -plugin-opt=-pass-through=-lgcc_s -plugin-opt=-pass-through=-lc -plugin-opt=-pass-through=-lgcc -plugin-opt=-pass-through=-lgcc_s --build-id --no-add-needed --eh-frame-hdr --hash-style=gnu -m elf_x86_64 -export-dynamic -dynamic-linker /lib64/ld-linux-x86-64.so.2 -o cmTC_10cbc /lib/../lib64/crt1.o /lib/../lib64/crti.o /cvmfs/dampe.cern.ch/centos7/opt/rh/devtoolset-4/root/usr/bin/../lib/gcc/x86_64-redhat-linux/5.3.1/crtbegin.o -L/cvmfs/dampe.cern.ch/centos7/opt/rh/devtoolset-4/root/usr/bin/../lib/gcc/x86_64-redhat-linux/5.3.1 -L/cvmfs/dampe.cern.ch/centos7/opt/rh/devtoolset-4/root/usr/bin/../lib/gcc -L/cvmfs/dampe.cern.ch/centos7/lib/../lib64 -L/cvmfs/dampe.cern.ch/centos7/lib64/../lib64 -L/cvmfs/dampe.cern.ch/centos7/opt/rh/devtoolset-4/root/usr/bin/../lib/gcc/x86_64-redhat-linux/5.3.1/../../../../lib64 -L/lib/../lib64 -L/usr/lib/../lib64 -L/cvmfs/dampe.cern.ch/centos7/lib -L/cvmfs/dampe.cern.ch/centos7/lib64 -L/cvmfs/dampe.cern.ch/centos7/opt/conda/lib -L/cvmfs/dampe.cern.ch/centos7/opt/mysql-connector-c-6.1.11-linux-glibc2.12-x86_64/lib -L. -L/cvmfs/dampe.cern.ch/centos7/opt/rh/devtoolset-4/root/usr/bin/../lib/gcc/x86_64-redhat-linux/5.3.1/../../.. CMakeFiles/cmTC_10cbc.dir/CMakeCCompilerABI.c.o -lgcc --as-needed -lgcc_s --no-as-needed -lc -lgcc --as-needed -lgcc_s --no-as-needed /cvmfs/dampe.cern.ch/centos7/opt/rh/devtoolset-4/root/usr/bin/../lib/gcc/x86_64-redhat-linux/5.3.1/crtend.o /lib/../lib64/crtn.o]
    arg [/cvmfs/dampe.cern.ch/centos7/opt/rh/devtoolset-4/root/usr/bin/../libexec/gcc/x86_64-redhat-linux/5.3.1/collect2] ==> ignore
    arg [-plugin] ==> ignore
    arg [/cvmfs/dampe.cern.ch/centos7/opt/rh/devtoolset-4/root/usr/bin/../libexec/gcc/x86_64-redhat-linux/5.3.1/liblto_plugin.so] ==> ignore
    arg [-plugin-opt=/cvmfs/dampe.cern.ch/centos7/opt/rh/devtoolset-4/root/usr/bin/../libexec/gcc/x86_64-redhat-linux/5.3.1/lto-wrapper] ==> ignore
    arg [-plugin-opt=-fresolution=/tmp/ccDoRWmj.res] ==> ignore
    arg [-plugin-opt=-pass-through=-lgcc] ==> ignore
    arg [-plugin-opt=-pass-through=-lgcc_s] ==> ignore
    arg [-plugin-opt=-pass-through=-lc] ==> ignore
    arg [-plugin-opt=-pass-through=-lgcc] ==> ignore
    arg [-plugin-opt=-pass-through=-lgcc_s] ==> ignore
    arg [--build-id] ==> ignore
    arg [--no-add-needed] ==> ignore
    arg [--eh-frame-hdr] ==> ignore
    arg [--hash-style=gnu] ==> ignore
    arg [-m] ==> ignore
    arg [elf_x86_64] ==> ignore
    arg [-export-dynamic] ==> ignore
    arg [-dynamic-linker] ==> ignore
    arg [/lib64/ld-linux-x86-64.so.2] ==> ignore
    arg [-o] ==> ignore
    arg [cmTC_10cbc] ==> ignore
    arg [/lib/../lib64/crt1.o] ==> ignore
    arg [/lib/../lib64/crti.o] ==> ignore
    arg [/cvmfs/dampe.cern.ch/centos7/opt/rh/devtoolset-4/root/usr/bin/../lib/gcc/x86_64-redhat-linux/5.3.1/crtbegin.o] ==> ignore
    arg [-L/cvmfs/dampe.cern.ch/centos7/opt/rh/devtoolset-4/root/usr/bin/../lib/gcc/x86_64-redhat-linux/5.3.1] ==> dir [/cvmfs/dampe.cern.ch/centos7/opt/rh/devtoolset-4/root/usr/bin/../lib/gcc/x86_64-redhat-linux/5.3.1]
    arg [-L/cvmfs/dampe.cern.ch/centos7/opt/rh/devtoolset-4/root/usr/bin/../lib/gcc] ==> dir [/cvmfs/dampe.cern.ch/centos7/opt/rh/devtoolset-4/root/usr/bin/../lib/gcc]
    arg [-L/cvmfs/dampe.cern.ch/centos7/lib/../lib64] ==> dir [/cvmfs/dampe.cern.ch/centos7/lib/../lib64]
    arg [-L/cvmfs/dampe.cern.ch/centos7/lib64/../lib64] ==> dir [/cvmfs/dampe.cern.ch/centos7/lib64/../lib64]
    arg [-L/cvmfs/dampe.cern.ch/centos7/opt/rh/devtoolset-4/root/usr/bin/../lib/gcc/x86_64-redhat-linux/5.3.1/../../../../lib64] ==> dir [/cvmfs/dampe.cern.ch/centos7/opt/rh/devtoolset-4/root/usr/bin/../lib/gcc/x86_64-redhat-linux/5.3.1/../../../../lib64]
    arg [-L/lib/../lib64] ==> dir [/lib/../lib64]
    arg [-L/usr/lib/../lib64] ==> dir [/usr/lib/../lib64]
    arg [-L/cvmfs/dampe.cern.ch/centos7/lib] ==> dir [/cvmfs/dampe.cern.ch/centos7/lib]
    arg [-L/cvmfs/dampe.cern.ch/centos7/lib64] ==> dir [/cvmfs/dampe.cern.ch/centos7/lib64]
    arg [-L/cvmfs/dampe.cern.ch/centos7/opt/conda/lib] ==> dir [/cvmfs/dampe.cern.ch/centos7/opt/conda/lib]
    arg [-L/cvmfs/dampe.cern.ch/centos7/opt/mysql-connector-c-6.1.11-linux-glibc2.12-x86_64/lib] ==> dir [/cvmfs/dampe.cern.ch/centos7/opt/mysql-connector-c-6.1.11-linux-glibc2.12-x86_64/lib]
    arg [-L.] ==> ignore
    arg [-L/cvmfs/dampe.cern.ch/centos7/opt/rh/devtoolset-4/root/usr/bin/../lib/gcc/x86_64-redhat-linux/5.3.1/../../..] ==> dir [/cvmfs/dampe.cern.ch/centos7/opt/rh/devtoolset-4/root/usr/bin/../lib/gcc/x86_64-redhat-linux/5.3.1/../../..]
    arg [CMakeFiles/cmTC_10cbc.dir/CMakeCCompilerABI.c.o] ==> ignore
    arg [-lgcc] ==> lib [gcc]
    arg [--as-needed] ==> ignore
    arg [-lgcc_s] ==> lib [gcc_s]
    arg [--no-as-needed] ==> ignore
    arg [-lc] ==> lib [c]
    arg [-lgcc] ==> lib [gcc]
    arg [--as-needed] ==> ignore
    arg [-lgcc_s] ==> lib [gcc_s]
    arg [--no-as-needed] ==> ignore
    arg [/cvmfs/dampe.cern.ch/centos7/opt/rh/devtoolset-4/root/usr/bin/../lib/gcc/x86_64-redhat-linux/5.3.1/crtend.o] ==> ignore
    arg [/lib/../lib64/crtn.o] ==> ignore
  collapse library dir [/cvmfs/dampe.cern.ch/centos7/opt/rh/devtoolset-4/root/usr/bin/../lib/gcc/x86_64-redhat-linux/5.3.1] ==> [/cvmfs/dampe.cern.ch/centos7/opt/rh/devtoolset-4/root/usr/lib/gcc/x86_64-redhat-linux/5.3.1]
  collapse library dir [/cvmfs/dampe.cern.ch/centos7/opt/rh/devtoolset-4/root/usr/bin/../lib/gcc] ==> [/cvmfs/dampe.cern.ch/centos7/opt/rh/devtoolset-4/root/usr/lib/gcc]
  collapse library dir [/cvmfs/dampe.cern.ch/centos7/lib/../lib64] ==> [/cvmfs/dampe.cern.ch/centos7/lib64]
  collapse library dir [/cvmfs/dampe.cern.ch/centos7/lib64/../lib64] ==> [/cvmfs/dampe.cern.ch/centos7/lib64]
  collapse library dir [/cvmfs/dampe.cern.ch/centos7/opt/rh/devtoolset-4/root/usr/bin/../lib/gcc/x86_64-redhat-linux/5.3.1/../../../../lib64] ==> [/cvmfs/dampe.cern.ch/centos7/opt/rh/devtoolset-4/root/usr/lib64]
  collapse library dir [/lib/../lib64] ==> [/lib64]
  collapse library dir [/usr/lib/../lib64] ==> [/usr/lib64]
  collapse library dir [/cvmfs/dampe.cern.ch/centos7/lib] ==> [/cvmfs/dampe.cern.ch/centos7/lib]
  collapse library dir [/cvmfs/dampe.cern.ch/centos7/lib64] ==> [/cvmfs/dampe.cern.ch/centos7/lib64]
  collapse library dir [/cvmfs/dampe.cern.ch/centos7/opt/conda/lib] ==> [/cvmfs/dampe.cern.ch/centos7/opt/conda/lib]
  collapse library dir [/cvmfs/dampe.cern.ch/centos7/opt/mysql-connector-c-6.1.11-linux-glibc2.12-x86_64/lib] ==> [/cvmfs/dampe.cern.ch/centos7/opt/mysql-connector-c-6.1.11-linux-glibc2.12-x86_64/lib]
  collapse library dir [/cvmfs/dampe.cern.ch/centos7/opt/rh/devtoolset-4/root/usr/bin/../lib/gcc/x86_64-redhat-linux/5.3.1/../../..] ==> [/cvmfs/dampe.cern.ch/centos7/opt/rh/devtoolset-4/root/usr/lib]
  implicit libs: [gcc;gcc_s;c;gcc;gcc_s]
  implicit dirs: [/cvmfs/dampe.cern.ch/centos7/opt/rh/devtoolset-4/root/usr/lib/gcc/x86_64-redhat-linux/5.3.1;/cvmfs/dampe.cern.ch/centos7/opt/rh/devtoolset-4/root/usr/lib/gcc;/cvmfs/dampe.cern.ch/centos7/lib64;/cvmfs/dampe.cern.ch/centos7/opt/rh/devtoolset-4/root/usr/lib64;/lib64;/usr/lib64;/cvmfs/dampe.cern.ch/centos7/lib;/cvmfs/dampe.cern.ch/centos7/opt/conda/lib;/cvmfs/dampe.cern.ch/centos7/opt/mysql-connector-c-6.1.11-linux-glibc2.12-x86_64/lib;/cvmfs/dampe.cern.ch/centos7/opt/rh/devtoolset-4/root/usr/lib]
  implicit fwks: []




Detecting C [-std=c11] compiler features compiled with the following output:
Change Dir: /home/users/c/coppinp/bee/GeantExamples/B1/build/CMakeFiles/CMakeTmp

Run Build Command:"/usr/bin/gmake" "cmTC_d723a/fast"
/usr/bin/gmake -f CMakeFiles/cmTC_d723a.dir/build.make CMakeFiles/cmTC_d723a.dir/build
gmake[1]: Map '/dpnc/beegfs/users/coppinp/GeantExamples/B1/build/CMakeFiles/CMakeTmp' wordt binnengegaan
Building C object CMakeFiles/cmTC_d723a.dir/feature_tests.c.o
/cvmfs/dampe.cern.ch/centos7/opt/rh/devtoolset-4/root/usr/bin/gcc   -std=c11 -o CMakeFiles/cmTC_d723a.dir/feature_tests.c.o   -c /home/users/c/coppinp/bee/GeantExamples/B1/build/CMakeFiles/feature_tests.c
Linking C executable cmTC_d723a
/cvmfs/dampe.cern.ch/centos7/bin/cmake -E cmake_link_script CMakeFiles/cmTC_d723a.dir/link.txt --verbose=1
/cvmfs/dampe.cern.ch/centos7/opt/rh/devtoolset-4/root/usr/bin/gcc      -rdynamic CMakeFiles/cmTC_d723a.dir/feature_tests.c.o  -o cmTC_d723a 
gmake[1]: Map '/dpnc/beegfs/users/coppinp/GeantExamples/B1/build/CMakeFiles/CMakeTmp' wordt verlaten


    Feature record: C_FEATURE:1c_function_prototypes
    Feature record: C_FEATURE:1c_restrict
    Feature record: C_FEATURE:1c_static_assert
    Feature record: C_FEATURE:1c_variadic_macros


Detecting C [-std=c99] compiler features compiled with the following output:
Change Dir: /home/users/c/coppinp/bee/GeantExamples/B1/build/CMakeFiles/CMakeTmp

Run Build Command:"/usr/bin/gmake" "cmTC_8c73c/fast"
/usr/bin/gmake -f CMakeFiles/cmTC_8c73c.dir/build.make CMakeFiles/cmTC_8c73c.dir/build
gmake[1]: Map '/dpnc/beegfs/users/coppinp/GeantExamples/B1/build/CMakeFiles/CMakeTmp' wordt binnengegaan
Building C object CMakeFiles/cmTC_8c73c.dir/feature_tests.c.o
/cvmfs/dampe.cern.ch/centos7/opt/rh/devtoolset-4/root/usr/bin/gcc   -std=c99 -o CMakeFiles/cmTC_8c73c.dir/feature_tests.c.o   -c /home/users/c/coppinp/bee/GeantExamples/B1/build/CMakeFiles/feature_tests.c
Linking C executable cmTC_8c73c
/cvmfs/dampe.cern.ch/centos7/bin/cmake -E cmake_link_script CMakeFiles/cmTC_8c73c.dir/link.txt --verbose=1
/cvmfs/dampe.cern.ch/centos7/opt/rh/devtoolset-4/root/usr/bin/gcc      -rdynamic CMakeFiles/cmTC_8c73c.dir/feature_tests.c.o  -o cmTC_8c73c 
gmake[1]: Map '/dpnc/beegfs/users/coppinp/GeantExamples/B1/build/CMakeFiles/CMakeTmp' wordt verlaten


    Feature record: C_FEATURE:1c_function_prototypes
    Feature record: C_FEATURE:1c_restrict
    Feature record: C_FEATURE:0c_static_assert
    Feature record: C_FEATURE:1c_variadic_macros


Detecting C [-std=c90] compiler features compiled with the following output:
Change Dir: /home/users/c/coppinp/bee/GeantExamples/B1/build/CMakeFiles/CMakeTmp

Run Build Command:"/usr/bin/gmake" "cmTC_c4d90/fast"
/usr/bin/gmake -f CMakeFiles/cmTC_c4d90.dir/build.make CMakeFiles/cmTC_c4d90.dir/build
gmake[1]: Map '/dpnc/beegfs/users/coppinp/GeantExamples/B1/build/CMakeFiles/CMakeTmp' wordt binnengegaan
Building C object CMakeFiles/cmTC_c4d90.dir/feature_tests.c.o
/cvmfs/dampe.cern.ch/centos7/opt/rh/devtoolset-4/root/usr/bin/gcc   -std=c90 -o CMakeFiles/cmTC_c4d90.dir/feature_tests.c.o   -c /home/users/c/coppinp/bee/GeantExamples/B1/build/CMakeFiles/feature_tests.c
Linking C executable cmTC_c4d90
/cvmfs/dampe.cern.ch/centos7/bin/cmake -E cmake_link_script CMakeFiles/cmTC_c4d90.dir/link.txt --verbose=1
/cvmfs/dampe.cern.ch/centos7/opt/rh/devtoolset-4/root/usr/bin/gcc      -rdynamic CMakeFiles/cmTC_c4d90.dir/feature_tests.c.o  -o cmTC_c4d90 
gmake[1]: Map '/dpnc/beegfs/users/coppinp/GeantExamples/B1/build/CMakeFiles/CMakeTmp' wordt verlaten


    Feature record: C_FEATURE:1c_function_prototypes
    Feature record: C_FEATURE:0c_restrict
    Feature record: C_FEATURE:0c_static_assert
    Feature record: C_FEATURE:0c_variadic_macros
Determining if the CXX compiler works passed with the following output:
Change Dir: /home/users/c/coppinp/bee/GeantExamples/B1/build/CMakeFiles/CMakeTmp

Run Build Command:"/usr/bin/gmake" "cmTC_04ffa/fast"
/usr/bin/gmake -f CMakeFiles/cmTC_04ffa.dir/build.make CMakeFiles/cmTC_04ffa.dir/build
gmake[1]: Map '/dpnc/beegfs/users/coppinp/GeantExamples/B1/build/CMakeFiles/CMakeTmp' wordt binnengegaan
Building CXX object CMakeFiles/cmTC_04ffa.dir/testCXXCompiler.cxx.o
/cvmfs/dampe.cern.ch/centos7/opt/rh/devtoolset-4/root/usr/bin/g++     -o CMakeFiles/cmTC_04ffa.dir/testCXXCompiler.cxx.o -c /home/users/c/coppinp/bee/GeantExamples/B1/build/CMakeFiles/CMakeTmp/testCXXCompiler.cxx
Linking CXX executable cmTC_04ffa
/cvmfs/dampe.cern.ch/centos7/bin/cmake -E cmake_link_script CMakeFiles/cmTC_04ffa.dir/link.txt --verbose=1
/cvmfs/dampe.cern.ch/centos7/opt/rh/devtoolset-4/root/usr/bin/g++       -rdynamic CMakeFiles/cmTC_04ffa.dir/testCXXCompiler.cxx.o  -o cmTC_04ffa 
gmake[1]: Map '/dpnc/beegfs/users/coppinp/GeantExamples/B1/build/CMakeFiles/CMakeTmp' wordt verlaten


Detecting CXX compiler ABI info compiled with the following output:
Change Dir: /home/users/c/coppinp/bee/GeantExamples/B1/build/CMakeFiles/CMakeTmp

Run Build Command:"/usr/bin/gmake" "cmTC_40570/fast"
/usr/bin/gmake -f CMakeFiles/cmTC_40570.dir/build.make CMakeFiles/cmTC_40570.dir/build
gmake[1]: Map '/dpnc/beegfs/users/coppinp/GeantExamples/B1/build/CMakeFiles/CMakeTmp' wordt binnengegaan
Building CXX object CMakeFiles/cmTC_40570.dir/CMakeCXXCompilerABI.cpp.o
/cvmfs/dampe.cern.ch/centos7/opt/rh/devtoolset-4/root/usr/bin/g++     -o CMakeFiles/cmTC_40570.dir/CMakeCXXCompilerABI.cpp.o -c /cvmfs/dampe.cern.ch/centos7/share/cmake-3.9/Modules/CMakeCXXCompilerABI.cpp
Linking CXX executable cmTC_40570
/cvmfs/dampe.cern.ch/centos7/bin/cmake -E cmake_link_script CMakeFiles/cmTC_40570.dir/link.txt --verbose=1
/cvmfs/dampe.cern.ch/centos7/opt/rh/devtoolset-4/root/usr/bin/g++      -v -rdynamic CMakeFiles/cmTC_40570.dir/CMakeCXXCompilerABI.cpp.o  -o cmTC_40570 
Using built-in specs.
COLLECT_GCC=/cvmfs/dampe.cern.ch/centos7/opt/rh/devtoolset-4/root/usr/bin/g++
COLLECT_LTO_WRAPPER=/cvmfs/dampe.cern.ch/centos7/opt/rh/devtoolset-4/root/usr/bin/../libexec/gcc/x86_64-redhat-linux/5.3.1/lto-wrapper
Target: x86_64-redhat-linux
Configured with: ../configure --enable-bootstrap --enable-languages=c,c++,fortran,lto --prefix=/opt/rh/devtoolset-4/root/usr --mandir=/opt/rh/devtoolset-4/root/usr/share/man --infodir=/opt/rh/devtoolset-4/root/usr/share/info --with-bugurl=http://bugzilla.redhat.com/bugzilla --enable-shared --enable-threads=posix --enable-checking=release --enable-multilib --with-system-zlib --enable-__cxa_atexit --disable-libunwind-exceptions --enable-gnu-unique-object --enable-linker-build-id --enable-plugin --with-linker-hash-style=gnu --enable-initfini-array --disable-libgcj --with-default-libstdcxx-abi=gcc4-compatible --with-isl=/builddir/build/BUILD/gcc-5.3.1-20160406/obj-x86_64-redhat-linux/isl-install --enable-libmpx --enable-gnu-indirect-function --with-tune=generic --with-arch_32=i686 --build=x86_64-redhat-linux
Thread model: posix
gcc version 5.3.1 20160406 (Red Hat 5.3.1-6) (GCC) 
COMPILER_PATH=/cvmfs/dampe.cern.ch/centos7/opt/rh/devtoolset-4/root/usr/bin/../libexec/gcc/x86_64-redhat-linux/5.3.1/:/cvmfs/dampe.cern.ch/centos7/opt/rh/devtoolset-4/root/usr/bin/../libexec/gcc/
LIBRARY_PATH=/cvmfs/dampe.cern.ch/centos7/opt/rh/devtoolset-4/root/usr/bin/../lib/gcc/x86_64-redhat-linux/5.3.1/:/cvmfs/dampe.cern.ch/centos7/opt/rh/devtoolset-4/root/usr/bin/../lib/gcc/:/cvmfs/dampe.cern.ch/centos7/lib/../lib64/:/cvmfs/dampe.cern.ch/centos7/lib64/../lib64/:/cvmfs/dampe.cern.ch/centos7/opt/rh/devtoolset-4/root/usr/bin/../lib/gcc/x86_64-redhat-linux/5.3.1/../../../../lib64/:/lib/../lib64/:/usr/lib/../lib64/:/cvmfs/dampe.cern.ch/centos7/lib/:/cvmfs/dampe.cern.ch/centos7/lib64/:/cvmfs/dampe.cern.ch/centos7/opt/conda/lib/:/cvmfs/dampe.cern.ch/centos7/opt/mysql-connector-c-6.1.11-linux-glibc2.12-x86_64/lib/:./:/cvmfs/dampe.cern.ch/centos7/opt/rh/devtoolset-4/root/usr/bin/../lib/gcc/x86_64-redhat-linux/5.3.1/../../../:/lib/:/usr/lib/
COLLECT_GCC_OPTIONS='-v' '-rdynamic' '-o' 'cmTC_40570' '-shared-libgcc' '-mtune=generic' '-march=x86-64'
 /cvmfs/dampe.cern.ch/centos7/opt/rh/devtoolset-4/root/usr/bin/../libexec/gcc/x86_64-redhat-linux/5.3.1/collect2 -plugin /cvmfs/dampe.cern.ch/centos7/opt/rh/devtoolset-4/root/usr/bin/../libexec/gcc/x86_64-redhat-linux/5.3.1/liblto_plugin.so -plugin-opt=/cvmfs/dampe.cern.ch/centos7/opt/rh/devtoolset-4/root/usr/bin/../libexec/gcc/x86_64-redhat-linux/5.3.1/lto-wrapper -plugin-opt=-fresolution=/tmp/cc5BCTHG.res -plugin-opt=-pass-through=-lgcc_s -plugin-opt=-pass-through=-lgcc -plugin-opt=-pass-through=-lc -plugin-opt=-pass-through=-lgcc_s -plugin-opt=-pass-through=-lgcc --build-id --no-add-needed --eh-frame-hdr --hash-style=gnu -m elf_x86_64 -export-dynamic -dynamic-linker /lib64/ld-linux-x86-64.so.2 -o cmTC_40570 /lib/../lib64/crt1.o /lib/../lib64/crti.o /cvmfs/dampe.cern.ch/centos7/opt/rh/devtoolset-4/root/usr/bin/../lib/gcc/x86_64-redhat-linux/5.3.1/crtbegin.o -L/cvmfs/dampe.cern.ch/centos7/opt/rh/devtoolset-4/root/usr/bin/../lib/gcc/x86_64-redhat-linux/5.3.1 -L/cvmfs/dampe.cern.ch/centos7/opt/rh/devtoolset-4/root/usr/bin/../lib/gcc -L/cvmfs/dampe.cern.ch/centos7/lib/../lib64 -L/cvmfs/dampe.cern.ch/centos7/lib64/../lib64 -L/cvmfs/dampe.cern.ch/centos7/opt/rh/devtoolset-4/root/usr/bin/../lib/gcc/x86_64-redhat-linux/5.3.1/../../../../lib64 -L/lib/../lib64 -L/usr/lib/../lib64 -L/cvmfs/dampe.cern.ch/centos7/lib -L/cvmfs/dampe.cern.ch/centos7/lib64 -L/cvmfs/dampe.cern.ch/centos7/opt/conda/lib -L/cvmfs/dampe.cern.ch/centos7/opt/mysql-connector-c-6.1.11-linux-glibc2.12-x86_64/lib -L. -L/cvmfs/dampe.cern.ch/centos7/opt/rh/devtoolset-4/root/usr/bin/../lib/gcc/x86_64-redhat-linux/5.3.1/../../.. CMakeFiles/cmTC_40570.dir/CMakeCXXCompilerABI.cpp.o -lstdc++ -lm -lgcc_s -lgcc -lc -lgcc_s -lgcc /cvmfs/dampe.cern.ch/centos7/opt/rh/devtoolset-4/root/usr/bin/../lib/gcc/x86_64-redhat-linux/5.3.1/crtend.o /lib/../lib64/crtn.o
gmake[1]: Map '/dpnc/beegfs/users/coppinp/GeantExamples/B1/build/CMakeFiles/CMakeTmp' wordt verlaten


Parsed CXX implicit link information from above output:
  link line regex: [^( *|.*[/\])(ld|CMAKE_LINK_STARTFILE-NOTFOUND|([^/\]+-)?ld|collect2)[^/\]*( |$)]
  ignore line: [Change Dir: /home/users/c/coppinp/bee/GeantExamples/B1/build/CMakeFiles/CMakeTmp]
  ignore line: []
  ignore line: [Run Build Command:"/usr/bin/gmake" "cmTC_40570/fast"]
  ignore line: [/usr/bin/gmake -f CMakeFiles/cmTC_40570.dir/build.make CMakeFiles/cmTC_40570.dir/build]
  ignore line: [gmake[1]: Map '/dpnc/beegfs/users/coppinp/GeantExamples/B1/build/CMakeFiles/CMakeTmp' wordt binnengegaan]
  ignore line: [Building CXX object CMakeFiles/cmTC_40570.dir/CMakeCXXCompilerABI.cpp.o]
  ignore line: [/cvmfs/dampe.cern.ch/centos7/opt/rh/devtoolset-4/root/usr/bin/g++     -o CMakeFiles/cmTC_40570.dir/CMakeCXXCompilerABI.cpp.o -c /cvmfs/dampe.cern.ch/centos7/share/cmake-3.9/Modules/CMakeCXXCompilerABI.cpp]
  ignore line: [Linking CXX executable cmTC_40570]
  ignore line: [/cvmfs/dampe.cern.ch/centos7/bin/cmake -E cmake_link_script CMakeFiles/cmTC_40570.dir/link.txt --verbose=1]
  ignore line: [/cvmfs/dampe.cern.ch/centos7/opt/rh/devtoolset-4/root/usr/bin/g++      -v -rdynamic CMakeFiles/cmTC_40570.dir/CMakeCXXCompilerABI.cpp.o  -o cmTC_40570 ]
  ignore line: [Using built-in specs.]
  ignore line: [COLLECT_GCC=/cvmfs/dampe.cern.ch/centos7/opt/rh/devtoolset-4/root/usr/bin/g++]
  ignore line: [COLLECT_LTO_WRAPPER=/cvmfs/dampe.cern.ch/centos7/opt/rh/devtoolset-4/root/usr/bin/../libexec/gcc/x86_64-redhat-linux/5.3.1/lto-wrapper]
  ignore line: [Target: x86_64-redhat-linux]
  ignore line: [Configured with: ../configure --enable-bootstrap --enable-languages=c,c++,fortran,lto --prefix=/opt/rh/devtoolset-4/root/usr --mandir=/opt/rh/devtoolset-4/root/usr/share/man --infodir=/opt/rh/devtoolset-4/root/usr/share/info --with-bugurl=http://bugzilla.redhat.com/bugzilla --enable-shared --enable-threads=posix --enable-checking=release --enable-multilib --with-system-zlib --enable-__cxa_atexit --disable-libunwind-exceptions --enable-gnu-unique-object --enable-linker-build-id --enable-plugin --with-linker-hash-style=gnu --enable-initfini-array --disable-libgcj --with-default-libstdcxx-abi=gcc4-compatible --with-isl=/builddir/build/BUILD/gcc-5.3.1-20160406/obj-x86_64-redhat-linux/isl-install --enable-libmpx --enable-gnu-indirect-function --with-tune=generic --with-arch_32=i686 --build=x86_64-redhat-linux]
  ignore line: [Thread model: posix]
  ignore line: [gcc version 5.3.1 20160406 (Red Hat 5.3.1-6) (GCC) ]
  ignore line: [COMPILER_PATH=/cvmfs/dampe.cern.ch/centos7/opt/rh/devtoolset-4/root/usr/bin/../libexec/gcc/x86_64-redhat-linux/5.3.1/:/cvmfs/dampe.cern.ch/centos7/opt/rh/devtoolset-4/root/usr/bin/../libexec/gcc/]
  ignore line: [LIBRARY_PATH=/cvmfs/dampe.cern.ch/centos7/opt/rh/devtoolset-4/root/usr/bin/../lib/gcc/x86_64-redhat-linux/5.3.1/:/cvmfs/dampe.cern.ch/centos7/opt/rh/devtoolset-4/root/usr/bin/../lib/gcc/:/cvmfs/dampe.cern.ch/centos7/lib/../lib64/:/cvmfs/dampe.cern.ch/centos7/lib64/../lib64/:/cvmfs/dampe.cern.ch/centos7/opt/rh/devtoolset-4/root/usr/bin/../lib/gcc/x86_64-redhat-linux/5.3.1/../../../../lib64/:/lib/../lib64/:/usr/lib/../lib64/:/cvmfs/dampe.cern.ch/centos7/lib/:/cvmfs/dampe.cern.ch/centos7/lib64/:/cvmfs/dampe.cern.ch/centos7/opt/conda/lib/:/cvmfs/dampe.cern.ch/centos7/opt/mysql-connector-c-6.1.11-linux-glibc2.12-x86_64/lib/:./:/cvmfs/dampe.cern.ch/centos7/opt/rh/devtoolset-4/root/usr/bin/../lib/gcc/x86_64-redhat-linux/5.3.1/../../../:/lib/:/usr/lib/]
  ignore line: [COLLECT_GCC_OPTIONS='-v' '-rdynamic' '-o' 'cmTC_40570' '-shared-libgcc' '-mtune=generic' '-march=x86-64']
  link line: [ /cvmfs/dampe.cern.ch/centos7/opt/rh/devtoolset-4/root/usr/bin/../libexec/gcc/x86_64-redhat-linux/5.3.1/collect2 -plugin /cvmfs/dampe.cern.ch/centos7/opt/rh/devtoolset-4/root/usr/bin/../libexec/gcc/x86_64-redhat-linux/5.3.1/liblto_plugin.so -plugin-opt=/cvmfs/dampe.cern.ch/centos7/opt/rh/devtoolset-4/root/usr/bin/../libexec/gcc/x86_64-redhat-linux/5.3.1/lto-wrapper -plugin-opt=-fresolution=/tmp/cc5BCTHG.res -plugin-opt=-pass-through=-lgcc_s -plugin-opt=-pass-through=-lgcc -plugin-opt=-pass-through=-lc -plugin-opt=-pass-through=-lgcc_s -plugin-opt=-pass-through=-lgcc --build-id --no-add-needed --eh-frame-hdr --hash-style=gnu -m elf_x86_64 -export-dynamic -dynamic-linker /lib64/ld-linux-x86-64.so.2 -o cmTC_40570 /lib/../lib64/crt1.o /lib/../lib64/crti.o /cvmfs/dampe.cern.ch/centos7/opt/rh/devtoolset-4/root/usr/bin/../lib/gcc/x86_64-redhat-linux/5.3.1/crtbegin.o -L/cvmfs/dampe.cern.ch/centos7/opt/rh/devtoolset-4/root/usr/bin/../lib/gcc/x86_64-redhat-linux/5.3.1 -L/cvmfs/dampe.cern.ch/centos7/opt/rh/devtoolset-4/root/usr/bin/../lib/gcc -L/cvmfs/dampe.cern.ch/centos7/lib/../lib64 -L/cvmfs/dampe.cern.ch/centos7/lib64/../lib64 -L/cvmfs/dampe.cern.ch/centos7/opt/rh/devtoolset-4/root/usr/bin/../lib/gcc/x86_64-redhat-linux/5.3.1/../../../../lib64 -L/lib/../lib64 -L/usr/lib/../lib64 -L/cvmfs/dampe.cern.ch/centos7/lib -L/cvmfs/dampe.cern.ch/centos7/lib64 -L/cvmfs/dampe.cern.ch/centos7/opt/conda/lib -L/cvmfs/dampe.cern.ch/centos7/opt/mysql-connector-c-6.1.11-linux-glibc2.12-x86_64/lib -L. -L/cvmfs/dampe.cern.ch/centos7/opt/rh/devtoolset-4/root/usr/bin/../lib/gcc/x86_64-redhat-linux/5.3.1/../../.. CMakeFiles/cmTC_40570.dir/CMakeCXXCompilerABI.cpp.o -lstdc++ -lm -lgcc_s -lgcc -lc -lgcc_s -lgcc /cvmfs/dampe.cern.ch/centos7/opt/rh/devtoolset-4/root/usr/bin/../lib/gcc/x86_64-redhat-linux/5.3.1/crtend.o /lib/../lib64/crtn.o]
    arg [/cvmfs/dampe.cern.ch/centos7/opt/rh/devtoolset-4/root/usr/bin/../libexec/gcc/x86_64-redhat-linux/5.3.1/collect2] ==> ignore
    arg [-plugin] ==> ignore
    arg [/cvmfs/dampe.cern.ch/centos7/opt/rh/devtoolset-4/root/usr/bin/../libexec/gcc/x86_64-redhat-linux/5.3.1/liblto_plugin.so] ==> ignore
    arg [-plugin-opt=/cvmfs/dampe.cern.ch/centos7/opt/rh/devtoolset-4/root/usr/bin/../libexec/gcc/x86_64-redhat-linux/5.3.1/lto-wrapper] ==> ignore
    arg [-plugin-opt=-fresolution=/tmp/cc5BCTHG.res] ==> ignore
    arg [-plugin-opt=-pass-through=-lgcc_s] ==> ignore
    arg [-plugin-opt=-pass-through=-lgcc] ==> ignore
    arg [-plugin-opt=-pass-through=-lc] ==> ignore
    arg [-plugin-opt=-pass-through=-lgcc_s] ==> ignore
    arg [-plugin-opt=-pass-through=-lgcc] ==> ignore
    arg [--build-id] ==> ignore
    arg [--no-add-needed] ==> ignore
    arg [--eh-frame-hdr] ==> ignore
    arg [--hash-style=gnu] ==> ignore
    arg [-m] ==> ignore
    arg [elf_x86_64] ==> ignore
    arg [-export-dynamic] ==> ignore
    arg [-dynamic-linker] ==> ignore
    arg [/lib64/ld-linux-x86-64.so.2] ==> ignore
    arg [-o] ==> ignore
    arg [cmTC_40570] ==> ignore
    arg [/lib/../lib64/crt1.o] ==> ignore
    arg [/lib/../lib64/crti.o] ==> ignore
    arg [/cvmfs/dampe.cern.ch/centos7/opt/rh/devtoolset-4/root/usr/bin/../lib/gcc/x86_64-redhat-linux/5.3.1/crtbegin.o] ==> ignore
    arg [-L/cvmfs/dampe.cern.ch/centos7/opt/rh/devtoolset-4/root/usr/bin/../lib/gcc/x86_64-redhat-linux/5.3.1] ==> dir [/cvmfs/dampe.cern.ch/centos7/opt/rh/devtoolset-4/root/usr/bin/../lib/gcc/x86_64-redhat-linux/5.3.1]
    arg [-L/cvmfs/dampe.cern.ch/centos7/opt/rh/devtoolset-4/root/usr/bin/../lib/gcc] ==> dir [/cvmfs/dampe.cern.ch/centos7/opt/rh/devtoolset-4/root/usr/bin/../lib/gcc]
    arg [-L/cvmfs/dampe.cern.ch/centos7/lib/../lib64] ==> dir [/cvmfs/dampe.cern.ch/centos7/lib/../lib64]
    arg [-L/cvmfs/dampe.cern.ch/centos7/lib64/../lib64] ==> dir [/cvmfs/dampe.cern.ch/centos7/lib64/../lib64]
    arg [-L/cvmfs/dampe.cern.ch/centos7/opt/rh/devtoolset-4/root/usr/bin/../lib/gcc/x86_64-redhat-linux/5.3.1/../../../../lib64] ==> dir [/cvmfs/dampe.cern.ch/centos7/opt/rh/devtoolset-4/root/usr/bin/../lib/gcc/x86_64-redhat-linux/5.3.1/../../../../lib64]
    arg [-L/lib/../lib64] ==> dir [/lib/../lib64]
    arg [-L/usr/lib/../lib64] ==> dir [/usr/lib/../lib64]
    arg [-L/cvmfs/dampe.cern.ch/centos7/lib] ==> dir [/cvmfs/dampe.cern.ch/centos7/lib]
    arg [-L/cvmfs/dampe.cern.ch/centos7/lib64] ==> dir [/cvmfs/dampe.cern.ch/centos7/lib64]
    arg [-L/cvmfs/dampe.cern.ch/centos7/opt/conda/lib] ==> dir [/cvmfs/dampe.cern.ch/centos7/opt/conda/lib]
    arg [-L/cvmfs/dampe.cern.ch/centos7/opt/mysql-connector-c-6.1.11-linux-glibc2.12-x86_64/lib] ==> dir [/cvmfs/dampe.cern.ch/centos7/opt/mysql-connector-c-6.1.11-linux-glibc2.12-x86_64/lib]
    arg [-L.] ==> ignore
    arg [-L/cvmfs/dampe.cern.ch/centos7/opt/rh/devtoolset-4/root/usr/bin/../lib/gcc/x86_64-redhat-linux/5.3.1/../../..] ==> dir [/cvmfs/dampe.cern.ch/centos7/opt/rh/devtoolset-4/root/usr/bin/../lib/gcc/x86_64-redhat-linux/5.3.1/../../..]
    arg [CMakeFiles/cmTC_40570.dir/CMakeCXXCompilerABI.cpp.o] ==> ignore
    arg [-lstdc++] ==> lib [stdc++]
    arg [-lm] ==> lib [m]
    arg [-lgcc_s] ==> lib [gcc_s]
    arg [-lgcc] ==> lib [gcc]
    arg [-lc] ==> lib [c]
    arg [-lgcc_s] ==> lib [gcc_s]
    arg [-lgcc] ==> lib [gcc]
    arg [/cvmfs/dampe.cern.ch/centos7/opt/rh/devtoolset-4/root/usr/bin/../lib/gcc/x86_64-redhat-linux/5.3.1/crtend.o] ==> ignore
    arg [/lib/../lib64/crtn.o] ==> ignore
  collapse library dir [/cvmfs/dampe.cern.ch/centos7/opt/rh/devtoolset-4/root/usr/bin/../lib/gcc/x86_64-redhat-linux/5.3.1] ==> [/cvmfs/dampe.cern.ch/centos7/opt/rh/devtoolset-4/root/usr/lib/gcc/x86_64-redhat-linux/5.3.1]
  collapse library dir [/cvmfs/dampe.cern.ch/centos7/opt/rh/devtoolset-4/root/usr/bin/../lib/gcc] ==> [/cvmfs/dampe.cern.ch/centos7/opt/rh/devtoolset-4/root/usr/lib/gcc]
  collapse library dir [/cvmfs/dampe.cern.ch/centos7/lib/../lib64] ==> [/cvmfs/dampe.cern.ch/centos7/lib64]
  collapse library dir [/cvmfs/dampe.cern.ch/centos7/lib64/../lib64] ==> [/cvmfs/dampe.cern.ch/centos7/lib64]
  collapse library dir [/cvmfs/dampe.cern.ch/centos7/opt/rh/devtoolset-4/root/usr/bin/../lib/gcc/x86_64-redhat-linux/5.3.1/../../../../lib64] ==> [/cvmfs/dampe.cern.ch/centos7/opt/rh/devtoolset-4/root/usr/lib64]
  collapse library dir [/lib/../lib64] ==> [/lib64]
  collapse library dir [/usr/lib/../lib64] ==> [/usr/lib64]
  collapse library dir [/cvmfs/dampe.cern.ch/centos7/lib] ==> [/cvmfs/dampe.cern.ch/centos7/lib]
  collapse library dir [/cvmfs/dampe.cern.ch/centos7/lib64] ==> [/cvmfs/dampe.cern.ch/centos7/lib64]
  collapse library dir [/cvmfs/dampe.cern.ch/centos7/opt/conda/lib] ==> [/cvmfs/dampe.cern.ch/centos7/opt/conda/lib]
  collapse library dir [/cvmfs/dampe.cern.ch/centos7/opt/mysql-connector-c-6.1.11-linux-glibc2.12-x86_64/lib] ==> [/cvmfs/dampe.cern.ch/centos7/opt/mysql-connector-c-6.1.11-linux-glibc2.12-x86_64/lib]
  collapse library dir [/cvmfs/dampe.cern.ch/centos7/opt/rh/devtoolset-4/root/usr/bin/../lib/gcc/x86_64-redhat-linux/5.3.1/../../..] ==> [/cvmfs/dampe.cern.ch/centos7/opt/rh/devtoolset-4/root/usr/lib]
  implicit libs: [stdc++;m;gcc_s;gcc;c;gcc_s;gcc]
  implicit dirs: [/cvmfs/dampe.cern.ch/centos7/opt/rh/devtoolset-4/root/usr/lib/gcc/x86_64-redhat-linux/5.3.1;/cvmfs/dampe.cern.ch/centos7/opt/rh/devtoolset-4/root/usr/lib/gcc;/cvmfs/dampe.cern.ch/centos7/lib64;/cvmfs/dampe.cern.ch/centos7/opt/rh/devtoolset-4/root/usr/lib64;/lib64;/usr/lib64;/cvmfs/dampe.cern.ch/centos7/lib;/cvmfs/dampe.cern.ch/centos7/opt/conda/lib;/cvmfs/dampe.cern.ch/centos7/opt/mysql-connector-c-6.1.11-linux-glibc2.12-x86_64/lib;/cvmfs/dampe.cern.ch/centos7/opt/rh/devtoolset-4/root/usr/lib]
  implicit fwks: []




Detecting CXX [-std=c++1z] compiler features compiled with the following output:
Change Dir: /home/users/c/coppinp/bee/GeantExamples/B1/build/CMakeFiles/CMakeTmp

Run Build Command:"/usr/bin/gmake" "cmTC_ee0e5/fast"
/usr/bin/gmake -f CMakeFiles/cmTC_ee0e5.dir/build.make CMakeFiles/cmTC_ee0e5.dir/build
gmake[1]: Map '/dpnc/beegfs/users/coppinp/GeantExamples/B1/build/CMakeFiles/CMakeTmp' wordt binnengegaan
Building CXX object CMakeFiles/cmTC_ee0e5.dir/feature_tests.cxx.o
/cvmfs/dampe.cern.ch/centos7/opt/rh/devtoolset-4/root/usr/bin/g++    -std=c++1z -o CMakeFiles/cmTC_ee0e5.dir/feature_tests.cxx.o -c /home/users/c/coppinp/bee/GeantExamples/B1/build/CMakeFiles/feature_tests.cxx
Linking CXX executable cmTC_ee0e5
/cvmfs/dampe.cern.ch/centos7/bin/cmake -E cmake_link_script CMakeFiles/cmTC_ee0e5.dir/link.txt --verbose=1
/cvmfs/dampe.cern.ch/centos7/opt/rh/devtoolset-4/root/usr/bin/g++       -rdynamic CMakeFiles/cmTC_ee0e5.dir/feature_tests.cxx.o  -o cmTC_ee0e5 
gmake[1]: Map '/dpnc/beegfs/users/coppinp/GeantExamples/B1/build/CMakeFiles/CMakeTmp' wordt verlaten


    Feature record: CXX_FEATURE:1cxx_aggregate_default_initializers
    Feature record: CXX_FEATURE:1cxx_alias_templates
    Feature record: CXX_FEATURE:1cxx_alignas
    Feature record: CXX_FEATURE:1cxx_alignof
    Feature record: CXX_FEATURE:1cxx_attributes
    Feature record: CXX_FEATURE:1cxx_attribute_deprecated
    Feature record: CXX_FEATURE:1cxx_auto_type
    Feature record: CXX_FEATURE:1cxx_binary_literals
    Feature record: CXX_FEATURE:1cxx_constexpr
    Feature record: CXX_FEATURE:1cxx_contextual_conversions
    Feature record: CXX_FEATURE:1cxx_decltype
    Feature record: CXX_FEATURE:1cxx_decltype_auto
    Feature record: CXX_FEATURE:1cxx_decltype_incomplete_return_types
    Feature record: CXX_FEATURE:1cxx_default_function_template_args
    Feature record: CXX_FEATURE:1cxx_defaulted_functions
    Feature record: CXX_FEATURE:1cxx_defaulted_move_initializers
    Feature record: CXX_FEATURE:1cxx_delegating_constructors
    Feature record: CXX_FEATURE:1cxx_deleted_functions
    Feature record: CXX_FEATURE:1cxx_digit_separators
    Feature record: CXX_FEATURE:1cxx_enum_forward_declarations
    Feature record: CXX_FEATURE:1cxx_explicit_conversions
    Feature record: CXX_FEATURE:1cxx_extended_friend_declarations
    Feature record: CXX_FEATURE:1cxx_extern_templates
    Feature record: CXX_FEATURE:1cxx_final
    Feature record: CXX_FEATURE:1cxx_func_identifier
    Feature record: CXX_FEATURE:1cxx_generalized_initializers
    Feature record: CXX_FEATURE:1cxx_generic_lambdas
    Feature record: CXX_FEATURE:1cxx_inheriting_constructors
    Feature record: CXX_FEATURE:1cxx_inline_namespaces
    Feature record: CXX_FEATURE:1cxx_lambdas
    Feature record: CXX_FEATURE:1cxx_lambda_init_captures
    Feature record: CXX_FEATURE:1cxx_local_type_template_args
    Feature record: CXX_FEATURE:1cxx_long_long_type
    Feature record: CXX_FEATURE:1cxx_noexcept
    Feature record: CXX_FEATURE:1cxx_nonstatic_member_init
    Feature record: CXX_FEATURE:1cxx_nullptr
    Feature record: CXX_FEATURE:1cxx_override
    Feature record: CXX_FEATURE:1cxx_range_for
    Feature record: CXX_FEATURE:1cxx_raw_string_literals
    Feature record: CXX_FEATURE:1cxx_reference_qualified_functions
    Feature record: CXX_FEATURE:1cxx_relaxed_constexpr
    Feature record: CXX_FEATURE:1cxx_return_type_deduction
    Feature record: CXX_FEATURE:1cxx_right_angle_brackets
    Feature record: CXX_FEATURE:1cxx_rvalue_references
    Feature record: CXX_FEATURE:1cxx_sizeof_member
    Feature record: CXX_FEATURE:1cxx_static_assert
    Feature record: CXX_FEATURE:1cxx_strong_enums
    Feature record: CXX_FEATURE:1cxx_template_template_parameters
    Feature record: CXX_FEATURE:1cxx_thread_local
    Feature record: CXX_FEATURE:1cxx_trailing_return_types
    Feature record: CXX_FEATURE:1cxx_unicode_literals
    Feature record: CXX_FEATURE:1cxx_uniform_initialization
    Feature record: CXX_FEATURE:1cxx_unrestricted_unions
    Feature record: CXX_FEATURE:1cxx_user_literals
    Feature record: CXX_FEATURE:1cxx_variable_templates
    Feature record: CXX_FEATURE:1cxx_variadic_macros
    Feature record: CXX_FEATURE:1cxx_variadic_templates


Detecting CXX [-std=c++14] compiler features compiled with the following output:
Change Dir: /home/users/c/coppinp/bee/GeantExamples/B1/build/CMakeFiles/CMakeTmp

Run Build Command:"/usr/bin/gmake" "cmTC_32345/fast"
/usr/bin/gmake -f CMakeFiles/cmTC_32345.dir/build.make CMakeFiles/cmTC_32345.dir/build
gmake[1]: Map '/dpnc/beegfs/users/coppinp/GeantExamples/B1/build/CMakeFiles/CMakeTmp' wordt binnengegaan
Building CXX object CMakeFiles/cmTC_32345.dir/feature_tests.cxx.o
/cvmfs/dampe.cern.ch/centos7/opt/rh/devtoolset-4/root/usr/bin/g++    -std=c++14 -o CMakeFiles/cmTC_32345.dir/feature_tests.cxx.o -c /home/users/c/coppinp/bee/GeantExamples/B1/build/CMakeFiles/feature_tests.cxx
Linking CXX executable cmTC_32345
/cvmfs/dampe.cern.ch/centos7/bin/cmake -E cmake_link_script CMakeFiles/cmTC_32345.dir/link.txt --verbose=1
/cvmfs/dampe.cern.ch/centos7/opt/rh/devtoolset-4/root/usr/bin/g++       -rdynamic CMakeFiles/cmTC_32345.dir/feature_tests.cxx.o  -o cmTC_32345 
gmake[1]: Map '/dpnc/beegfs/users/coppinp/GeantExamples/B1/build/CMakeFiles/CMakeTmp' wordt verlaten


    Feature record: CXX_FEATURE:1cxx_aggregate_default_initializers
    Feature record: CXX_FEATURE:1cxx_alias_templates
    Feature record: CXX_FEATURE:1cxx_alignas
    Feature record: CXX_FEATURE:1cxx_alignof
    Feature record: CXX_FEATURE:1cxx_attributes
    Feature record: CXX_FEATURE:1cxx_attribute_deprecated
    Feature record: CXX_FEATURE:1cxx_auto_type
    Feature record: CXX_FEATURE:1cxx_binary_literals
    Feature record: CXX_FEATURE:1cxx_constexpr
    Feature record: CXX_FEATURE:1cxx_contextual_conversions
    Feature record: CXX_FEATURE:1cxx_decltype
    Feature record: CXX_FEATURE:1cxx_decltype_auto
    Feature record: CXX_FEATURE:1cxx_decltype_incomplete_return_types
    Feature record: CXX_FEATURE:1cxx_default_function_template_args
    Feature record: CXX_FEATURE:1cxx_defaulted_functions
    Feature record: CXX_FEATURE:1cxx_defaulted_move_initializers
    Feature record: CXX_FEATURE:1cxx_delegating_constructors
    Feature record: CXX_FEATURE:1cxx_deleted_functions
    Feature record: CXX_FEATURE:1cxx_digit_separators
    Feature record: CXX_FEATURE:1cxx_enum_forward_declarations
    Feature record: CXX_FEATURE:1cxx_explicit_conversions
    Feature record: CXX_FEATURE:1cxx_extended_friend_declarations
    Feature record: CXX_FEATURE:1cxx_extern_templates
    Feature record: CXX_FEATURE:1cxx_final
    Feature record: CXX_FEATURE:1cxx_func_identifier
    Feature record: CXX_FEATURE:1cxx_generalized_initializers
    Feature record: CXX_FEATURE:1cxx_generic_lambdas
    Feature record: CXX_FEATURE:1cxx_inheriting_constructors
    Feature record: CXX_FEATURE:1cxx_inline_namespaces
    Feature record: CXX_FEATURE:1cxx_lambdas
    Feature record: CXX_FEATURE:1cxx_lambda_init_captures
    Feature record: CXX_FEATURE:1cxx_local_type_template_args
    Feature record: CXX_FEATURE:1cxx_long_long_type
    Feature record: CXX_FEATURE:1cxx_noexcept
    Feature record: CXX_FEATURE:1cxx_nonstatic_member_init
    Feature record: CXX_FEATURE:1cxx_nullptr
    Feature record: CXX_FEATURE:1cxx_override
    Feature record: CXX_FEATURE:1cxx_range_for
    Feature record: CXX_FEATURE:1cxx_raw_string_literals
    Feature record: CXX_FEATURE:1cxx_reference_qualified_functions
    Feature record: CXX_FEATURE:1cxx_relaxed_constexpr
    Feature record: CXX_FEATURE:1cxx_return_type_deduction
    Feature record: CXX_FEATURE:1cxx_right_angle_brackets
    Feature record: CXX_FEATURE:1cxx_rvalue_references
    Feature record: CXX_FEATURE:1cxx_sizeof_member
    Feature record: CXX_FEATURE:1cxx_static_assert
    Feature record: CXX_FEATURE:1cxx_strong_enums
    Feature record: CXX_FEATURE:1cxx_template_template_parameters
    Feature record: CXX_FEATURE:1cxx_thread_local
    Feature record: CXX_FEATURE:1cxx_trailing_return_types
    Feature record: CXX_FEATURE:1cxx_unicode_literals
    Feature record: CXX_FEATURE:1cxx_uniform_initialization
    Feature record: CXX_FEATURE:1cxx_unrestricted_unions
    Feature record: CXX_FEATURE:1cxx_user_literals
    Feature record: CXX_FEATURE:1cxx_variable_templates
    Feature record: CXX_FEATURE:1cxx_variadic_macros
    Feature record: CXX_FEATURE:1cxx_variadic_templates


Detecting CXX [-std=c++11] compiler features compiled with the following output:
Change Dir: /home/users/c/coppinp/bee/GeantExamples/B1/build/CMakeFiles/CMakeTmp

Run Build Command:"/usr/bin/gmake" "cmTC_49b07/fast"
/usr/bin/gmake -f CMakeFiles/cmTC_49b07.dir/build.make CMakeFiles/cmTC_49b07.dir/build
gmake[1]: Map '/dpnc/beegfs/users/coppinp/GeantExamples/B1/build/CMakeFiles/CMakeTmp' wordt binnengegaan
Building CXX object CMakeFiles/cmTC_49b07.dir/feature_tests.cxx.o
/cvmfs/dampe.cern.ch/centos7/opt/rh/devtoolset-4/root/usr/bin/g++    -std=c++11 -o CMakeFiles/cmTC_49b07.dir/feature_tests.cxx.o -c /home/users/c/coppinp/bee/GeantExamples/B1/build/CMakeFiles/feature_tests.cxx
Linking CXX executable cmTC_49b07
/cvmfs/dampe.cern.ch/centos7/bin/cmake -E cmake_link_script CMakeFiles/cmTC_49b07.dir/link.txt --verbose=1
/cvmfs/dampe.cern.ch/centos7/opt/rh/devtoolset-4/root/usr/bin/g++       -rdynamic CMakeFiles/cmTC_49b07.dir/feature_tests.cxx.o  -o cmTC_49b07 
gmake[1]: Map '/dpnc/beegfs/users/coppinp/GeantExamples/B1/build/CMakeFiles/CMakeTmp' wordt verlaten


    Feature record: CXX_FEATURE:0cxx_aggregate_default_initializers
    Feature record: CXX_FEATURE:1cxx_alias_templates
    Feature record: CXX_FEATURE:1cxx_alignas
    Feature record: CXX_FEATURE:1cxx_alignof
    Feature record: CXX_FEATURE:1cxx_attributes
    Feature record: CXX_FEATURE:0cxx_attribute_deprecated
    Feature record: CXX_FEATURE:1cxx_auto_type
    Feature record: CXX_FEATURE:0cxx_binary_literals
    Feature record: CXX_FEATURE:1cxx_constexpr
    Feature record: CXX_FEATURE:0cxx_contextual_conversions
    Feature record: CXX_FEATURE:1cxx_decltype
    Feature record: CXX_FEATURE:0cxx_decltype_auto
    Feature record: CXX_FEATURE:1cxx_decltype_incomplete_return_types
    Feature record: CXX_FEATURE:1cxx_default_function_template_args
    Feature record: CXX_FEATURE:1cxx_defaulted_functions
    Feature record: CXX_FEATURE:1cxx_defaulted_move_initializers
    Feature record: CXX_FEATURE:1cxx_delegating_constructors
    Feature record: CXX_FEATURE:1cxx_deleted_functions
    Feature record: CXX_FEATURE:0cxx_digit_separators
    Feature record: CXX_FEATURE:1cxx_enum_forward_declarations
    Feature record: CXX_FEATURE:1cxx_explicit_conversions
    Feature record: CXX_FEATURE:1cxx_extended_friend_declarations
    Feature record: CXX_FEATURE:1cxx_extern_templates
    Feature record: CXX_FEATURE:1cxx_final
    Feature record: CXX_FEATURE:1cxx_func_identifier
    Feature record: CXX_FEATURE:1cxx_generalized_initializers
    Feature record: CXX_FEATURE:0cxx_generic_lambdas
    Feature record: CXX_FEATURE:1cxx_inheriting_constructors
    Feature record: CXX_FEATURE:1cxx_inline_namespaces
    Feature record: CXX_FEATURE:1cxx_lambdas
    Feature record: CXX_FEATURE:0cxx_lambda_init_captures
    Feature record: CXX_FEATURE:1cxx_local_type_template_args
    Feature record: CXX_FEATURE:1cxx_long_long_type
    Feature record: CXX_FEATURE:1cxx_noexcept
    Feature record: CXX_FEATURE:1cxx_nonstatic_member_init
    Feature record: CXX_FEATURE:1cxx_nullptr
    Feature record: CXX_FEATURE:1cxx_override
    Feature record: CXX_FEATURE:1cxx_range_for
    Feature record: CXX_FEATURE:1cxx_raw_string_literals
    Feature record: CXX_FEATURE:1cxx_reference_qualified_functions
    Feature record: CXX_FEATURE:0cxx_relaxed_constexpr
    Feature record: CXX_FEATURE:0cxx_return_type_deduction
    Feature record: CXX_FEATURE:1cxx_right_angle_brackets
    Feature record: CXX_FEATURE:1cxx_rvalue_references
    Feature record: CXX_FEATURE:1cxx_sizeof_member
    Feature record: CXX_FEATURE:1cxx_static_assert
    Feature record: CXX_FEATURE:1cxx_strong_enums
    Feature record: CXX_FEATURE:1cxx_template_template_parameters
    Feature record: CXX_FEATURE:1cxx_thread_local
    Feature record: CXX_FEATURE:1cxx_trailing_return_types
    Feature record: CXX_FEATURE:1cxx_unicode_literals
    Feature record: CXX_FEATURE:1cxx_uniform_initialization
    Feature record: CXX_FEATURE:1cxx_unrestricted_unions
    Feature record: CXX_FEATURE:1cxx_user_literals
    Feature record: CXX_FEATURE:0cxx_variable_templates
    Feature record: CXX_FEATURE:1cxx_variadic_macros
    Feature record: CXX_FEATURE:1cxx_variadic_templates


Detecting CXX [-std=c++98] compiler features compiled with the following output:
Change Dir: /home/users/c/coppinp/bee/GeantExamples/B1/build/CMakeFiles/CMakeTmp

Run Build Command:"/usr/bin/gmake" "cmTC_238e8/fast"
/usr/bin/gmake -f CMakeFiles/cmTC_238e8.dir/build.make CMakeFiles/cmTC_238e8.dir/build
gmake[1]: Map '/dpnc/beegfs/users/coppinp/GeantExamples/B1/build/CMakeFiles/CMakeTmp' wordt binnengegaan
Building CXX object CMakeFiles/cmTC_238e8.dir/feature_tests.cxx.o
/cvmfs/dampe.cern.ch/centos7/opt/rh/devtoolset-4/root/usr/bin/g++    -std=c++98 -o CMakeFiles/cmTC_238e8.dir/feature_tests.cxx.o -c /home/users/c/coppinp/bee/GeantExamples/B1/build/CMakeFiles/feature_tests.cxx
Linking CXX executable cmTC_238e8
/cvmfs/dampe.cern.ch/centos7/bin/cmake -E cmake_link_script CMakeFiles/cmTC_238e8.dir/link.txt --verbose=1
/cvmfs/dampe.cern.ch/centos7/opt/rh/devtoolset-4/root/usr/bin/g++       -rdynamic CMakeFiles/cmTC_238e8.dir/feature_tests.cxx.o  -o cmTC_238e8 
gmake[1]: Map '/dpnc/beegfs/users/coppinp/GeantExamples/B1/build/CMakeFiles/CMakeTmp' wordt verlaten


    Feature record: CXX_FEATURE:0cxx_aggregate_default_initializers
    Feature record: CXX_FEATURE:0cxx_alias_templates
    Feature record: CXX_FEATURE:0cxx_alignas
    Feature record: CXX_FEATURE:0cxx_alignof
    Feature record: CXX_FEATURE:0cxx_attributes
    Feature record: CXX_FEATURE:0cxx_attribute_deprecated
    Feature record: CXX_FEATURE:0cxx_auto_type
    Feature record: CXX_FEATURE:0cxx_binary_literals
    Feature record: CXX_FEATURE:0cxx_constexpr
    Feature record: CXX_FEATURE:0cxx_contextual_conversions
    Feature record: CXX_FEATURE:0cxx_decltype
    Feature record: CXX_FEATURE:0cxx_decltype_auto
    Feature record: CXX_FEATURE:0cxx_decltype_incomplete_return_types
    Feature record: CXX_FEATURE:0cxx_default_function_template_args
    Feature record: CXX_FEATURE:0cxx_defaulted_functions
    Feature record: CXX_FEATURE:0cxx_defaulted_move_initializers
    Feature record: CXX_FEATURE:0cxx_delegating_constructors
    Feature record: CXX_FEATURE:0cxx_deleted_functions
    Feature record: CXX_FEATURE:0cxx_digit_separators
    Feature record: CXX_FEATURE:0cxx_enum_forward_declarations
    Feature record: CXX_FEATURE:0cxx_explicit_conversions
    Feature record: CXX_FEATURE:0cxx_extended_friend_declarations
    Feature record: CXX_FEATURE:0cxx_extern_templates
    Feature record: CXX_FEATURE:0cxx_final
    Feature record: CXX_FEATURE:0cxx_func_identifier
    Feature record: CXX_FEATURE:0cxx_generalized_initializers
    Feature record: CXX_FEATURE:0cxx_generic_lambdas
    Feature record: CXX_FEATURE:0cxx_inheriting_constructors
    Feature record: CXX_FEATURE:0cxx_inline_namespaces
    Feature record: CXX_FEATURE:0cxx_lambdas
    Feature record: CXX_FEATURE:0cxx_lambda_init_captures
    Feature record: CXX_FEATURE:0cxx_local_type_template_args
    Feature record: CXX_FEATURE:0cxx_long_long_type
    Feature record: CXX_FEATURE:0cxx_noexcept
    Feature record: CXX_FEATURE:0cxx_nonstatic_member_init
    Feature record: CXX_FEATURE:0cxx_nullptr
    Feature record: CXX_FEATURE:0cxx_override
    Feature record: CXX_FEATURE:0cxx_range_for
    Feature record: CXX_FEATURE:0cxx_raw_string_literals
    Feature record: CXX_FEATURE:0cxx_reference_qualified_functions
    Feature record: CXX_FEATURE:0cxx_relaxed_constexpr
    Feature record: CXX_FEATURE:0cxx_return_type_deduction
    Feature record: CXX_FEATURE:0cxx_right_angle_brackets
    Feature record: CXX_FEATURE:0cxx_rvalue_references
    Feature record: CXX_FEATURE:0cxx_sizeof_member
    Feature record: CXX_FEATURE:0cxx_static_assert
    Feature record: CXX_FEATURE:0cxx_strong_enums
    Feature record: CXX_FEATURE:1cxx_template_template_parameters
    Feature record: CXX_FEATURE:0cxx_thread_local
    Feature record: CXX_FEATURE:0cxx_trailing_return_types
    Feature record: CXX_FEATURE:0cxx_unicode_literals
    Feature record: CXX_FEATURE:0cxx_uniform_initialization
    Feature record: CXX_FEATURE:0cxx_unrestricted_unions
    Feature record: CXX_FEATURE:0cxx_user_literals
    Feature record: CXX_FEATURE:0cxx_variable_templates
    Feature record: CXX_FEATURE:0cxx_variadic_macros
    Feature record: CXX_FEATURE:0cxx_variadic_templates
Determining if the include file pthread.h exists passed with the following output:
Change Dir: /home/users/c/coppinp/bee/GeantExamples/B1/build/CMakeFiles/CMakeTmp

Run Build Command:"/usr/bin/gmake" "cmTC_a367f/fast"
/usr/bin/gmake -f CMakeFiles/cmTC_a367f.dir/build.make CMakeFiles/cmTC_a367f.dir/build
gmake[1]: Map '/dpnc/beegfs/users/coppinp/GeantExamples/B1/build/CMakeFiles/CMakeTmp' wordt binnengegaan
Building C object CMakeFiles/cmTC_a367f.dir/CheckIncludeFile.c.o
/cvmfs/dampe.cern.ch/centos7/opt/rh/devtoolset-4/root/usr/bin/gcc    -o CMakeFiles/cmTC_a367f.dir/CheckIncludeFile.c.o   -c /home/users/c/coppinp/bee/GeantExamples/B1/build/CMakeFiles/CMakeTmp/CheckIncludeFile.c
Linking C executable cmTC_a367f
/cvmfs/dampe.cern.ch/centos7/bin/cmake -E cmake_link_script CMakeFiles/cmTC_a367f.dir/link.txt --verbose=1
/cvmfs/dampe.cern.ch/centos7/opt/rh/devtoolset-4/root/usr/bin/gcc      CMakeFiles/cmTC_a367f.dir/CheckIncludeFile.c.o  -o cmTC_a367f 
gmake[1]: Map '/dpnc/beegfs/users/coppinp/GeantExamples/B1/build/CMakeFiles/CMakeTmp' wordt verlaten


Determining if the function XOpenDisplay exists in the /usr/lib64/libX11.so;/usr/lib64/libXext.so passed with the following output:
Change Dir: /home/users/c/coppinp/bee/GeantExamples/B1/build/CMakeFiles/CMakeTmp

Run Build Command:"/usr/bin/gmake" "cmTC_eee21/fast"
/usr/bin/gmake -f CMakeFiles/cmTC_eee21.dir/build.make CMakeFiles/cmTC_eee21.dir/build
gmake[1]: Map '/dpnc/beegfs/users/coppinp/GeantExamples/B1/build/CMakeFiles/CMakeTmp' wordt binnengegaan
Building C object CMakeFiles/cmTC_eee21.dir/CheckFunctionExists.c.o
/cvmfs/dampe.cern.ch/centos7/opt/rh/devtoolset-4/root/usr/bin/gcc   -DCHECK_FUNCTION_EXISTS=XOpenDisplay   -o CMakeFiles/cmTC_eee21.dir/CheckFunctionExists.c.o   -c /cvmfs/dampe.cern.ch/centos7/share/cmake-3.9/Modules/CheckFunctionExists.c
Linking C executable cmTC_eee21
/cvmfs/dampe.cern.ch/centos7/bin/cmake -E cmake_link_script CMakeFiles/cmTC_eee21.dir/link.txt --verbose=1
/cvmfs/dampe.cern.ch/centos7/opt/rh/devtoolset-4/root/usr/bin/gcc  -DCHECK_FUNCTION_EXISTS=XOpenDisplay    CMakeFiles/cmTC_eee21.dir/CheckFunctionExists.c.o  -o cmTC_eee21 /usr/lib64/libX11.so /usr/lib64/libXext.so 
gmake[1]: Map '/dpnc/beegfs/users/coppinp/GeantExamples/B1/build/CMakeFiles/CMakeTmp' wordt verlaten


Determining if the function gethostbyname exists passed with the following output:
Change Dir: /home/users/c/coppinp/bee/GeantExamples/B1/build/CMakeFiles/CMakeTmp

Run Build Command:"/usr/bin/gmake" "cmTC_c666b/fast"
/usr/bin/gmake -f CMakeFiles/cmTC_c666b.dir/build.make CMakeFiles/cmTC_c666b.dir/build
gmake[1]: Map '/dpnc/beegfs/users/coppinp/GeantExamples/B1/build/CMakeFiles/CMakeTmp' wordt binnengegaan
Building C object CMakeFiles/cmTC_c666b.dir/CheckFunctionExists.c.o
/cvmfs/dampe.cern.ch/centos7/opt/rh/devtoolset-4/root/usr/bin/gcc   -DCHECK_FUNCTION_EXISTS=gethostbyname   -o CMakeFiles/cmTC_c666b.dir/CheckFunctionExists.c.o   -c /cvmfs/dampe.cern.ch/centos7/share/cmake-3.9/Modules/CheckFunctionExists.c
Linking C executable cmTC_c666b
/cvmfs/dampe.cern.ch/centos7/bin/cmake -E cmake_link_script CMakeFiles/cmTC_c666b.dir/link.txt --verbose=1
/cvmfs/dampe.cern.ch/centos7/opt/rh/devtoolset-4/root/usr/bin/gcc  -DCHECK_FUNCTION_EXISTS=gethostbyname    CMakeFiles/cmTC_c666b.dir/CheckFunctionExists.c.o  -o cmTC_c666b 
gmake[1]: Map '/dpnc/beegfs/users/coppinp/GeantExamples/B1/build/CMakeFiles/CMakeTmp' wordt verlaten


Determining if the function connect exists passed with the following output:
Change Dir: /home/users/c/coppinp/bee/GeantExamples/B1/build/CMakeFiles/CMakeTmp

Run Build Command:"/usr/bin/gmake" "cmTC_8ad30/fast"
/usr/bin/gmake -f CMakeFiles/cmTC_8ad30.dir/build.make CMakeFiles/cmTC_8ad30.dir/build
gmake[1]: Map '/dpnc/beegfs/users/coppinp/GeantExamples/B1/build/CMakeFiles/CMakeTmp' wordt binnengegaan
Building C object CMakeFiles/cmTC_8ad30.dir/CheckFunctionExists.c.o
/cvmfs/dampe.cern.ch/centos7/opt/rh/devtoolset-4/root/usr/bin/gcc   -DCHECK_FUNCTION_EXISTS=connect   -o CMakeFiles/cmTC_8ad30.dir/CheckFunctionExists.c.o   -c /cvmfs/dampe.cern.ch/centos7/share/cmake-3.9/Modules/CheckFunctionExists.c
Linking C executable cmTC_8ad30
/cvmfs/dampe.cern.ch/centos7/bin/cmake -E cmake_link_script CMakeFiles/cmTC_8ad30.dir/link.txt --verbose=1
/cvmfs/dampe.cern.ch/centos7/opt/rh/devtoolset-4/root/usr/bin/gcc  -DCHECK_FUNCTION_EXISTS=connect    CMakeFiles/cmTC_8ad30.dir/CheckFunctionExists.c.o  -o cmTC_8ad30 
gmake[1]: Map '/dpnc/beegfs/users/coppinp/GeantExamples/B1/build/CMakeFiles/CMakeTmp' wordt verlaten


Determining if the function remove exists passed with the following output:
Change Dir: /home/users/c/coppinp/bee/GeantExamples/B1/build/CMakeFiles/CMakeTmp

Run Build Command:"/usr/bin/gmake" "cmTC_45ea6/fast"
/usr/bin/gmake -f CMakeFiles/cmTC_45ea6.dir/build.make CMakeFiles/cmTC_45ea6.dir/build
gmake[1]: Map '/dpnc/beegfs/users/coppinp/GeantExamples/B1/build/CMakeFiles/CMakeTmp' wordt binnengegaan
Building C object CMakeFiles/cmTC_45ea6.dir/CheckFunctionExists.c.o
/cvmfs/dampe.cern.ch/centos7/opt/rh/devtoolset-4/root/usr/bin/gcc   -DCHECK_FUNCTION_EXISTS=remove   -o CMakeFiles/cmTC_45ea6.dir/CheckFunctionExists.c.o   -c /cvmfs/dampe.cern.ch/centos7/share/cmake-3.9/Modules/CheckFunctionExists.c
Linking C executable cmTC_45ea6
/cvmfs/dampe.cern.ch/centos7/bin/cmake -E cmake_link_script CMakeFiles/cmTC_45ea6.dir/link.txt --verbose=1
/cvmfs/dampe.cern.ch/centos7/opt/rh/devtoolset-4/root/usr/bin/gcc  -DCHECK_FUNCTION_EXISTS=remove    CMakeFiles/cmTC_45ea6.dir/CheckFunctionExists.c.o  -o cmTC_45ea6 
gmake[1]: Map '/dpnc/beegfs/users/coppinp/GeantExamples/B1/build/CMakeFiles/CMakeTmp' wordt verlaten


Determining if the function shmat exists passed with the following output:
Change Dir: /home/users/c/coppinp/bee/GeantExamples/B1/build/CMakeFiles/CMakeTmp

Run Build Command:"/usr/bin/gmake" "cmTC_4f165/fast"
/usr/bin/gmake -f CMakeFiles/cmTC_4f165.dir/build.make CMakeFiles/cmTC_4f165.dir/build
gmake[1]: Map '/dpnc/beegfs/users/coppinp/GeantExamples/B1/build/CMakeFiles/CMakeTmp' wordt binnengegaan
Building C object CMakeFiles/cmTC_4f165.dir/CheckFunctionExists.c.o
/cvmfs/dampe.cern.ch/centos7/opt/rh/devtoolset-4/root/usr/bin/gcc   -DCHECK_FUNCTION_EXISTS=shmat   -o CMakeFiles/cmTC_4f165.dir/CheckFunctionExists.c.o   -c /cvmfs/dampe.cern.ch/centos7/share/cmake-3.9/Modules/CheckFunctionExists.c
Linking C executable cmTC_4f165
/cvmfs/dampe.cern.ch/centos7/bin/cmake -E cmake_link_script CMakeFiles/cmTC_4f165.dir/link.txt --verbose=1
/cvmfs/dampe.cern.ch/centos7/opt/rh/devtoolset-4/root/usr/bin/gcc  -DCHECK_FUNCTION_EXISTS=shmat    CMakeFiles/cmTC_4f165.dir/CheckFunctionExists.c.o  -o cmTC_4f165 
gmake[1]: Map '/dpnc/beegfs/users/coppinp/GeantExamples/B1/build/CMakeFiles/CMakeTmp' wordt verlaten


Determining if the function IceConnectionNumber exists in the ICE passed with the following output:
Change Dir: /home/users/c/coppinp/bee/GeantExamples/B1/build/CMakeFiles/CMakeTmp

Run Build Command:"/usr/bin/gmake" "cmTC_187a9/fast"
/usr/bin/gmake -f CMakeFiles/cmTC_187a9.dir/build.make CMakeFiles/cmTC_187a9.dir/build
gmake[1]: Map '/dpnc/beegfs/users/coppinp/GeantExamples/B1/build/CMakeFiles/CMakeTmp' wordt binnengegaan
Building C object CMakeFiles/cmTC_187a9.dir/CheckFunctionExists.c.o
/cvmfs/dampe.cern.ch/centos7/opt/rh/devtoolset-4/root/usr/bin/gcc   -DCHECK_FUNCTION_EXISTS=IceConnectionNumber   -o CMakeFiles/cmTC_187a9.dir/CheckFunctionExists.c.o   -c /cvmfs/dampe.cern.ch/centos7/share/cmake-3.9/Modules/CheckFunctionExists.c
Linking C executable cmTC_187a9
/cvmfs/dampe.cern.ch/centos7/bin/cmake -E cmake_link_script CMakeFiles/cmTC_187a9.dir/link.txt --verbose=1
/cvmfs/dampe.cern.ch/centos7/opt/rh/devtoolset-4/root/usr/bin/gcc  -DCHECK_FUNCTION_EXISTS=IceConnectionNumber    CMakeFiles/cmTC_187a9.dir/CheckFunctionExists.c.o  -o cmTC_187a9 -lICE 
gmake[1]: Map '/dpnc/beegfs/users/coppinp/GeantExamples/B1/build/CMakeFiles/CMakeTmp' wordt verlaten


