
**************************************************************
 Geant4 version Name: geant4-10-05-patch-01    (17-April-2019)
                       Copyright : Geant4 Collaboration
                      References : NIM A 506 (2003), 250-303
                                 : IEEE-TNS 53 (2006), 270-278
                                 : NIM A 835 (2016), 186-225
                             WWW : http://geant4.org/
**************************************************************

##### Hadr00 started in sequential mode #####
G4PhysListFactory::GetReferencePhysList <FTFP_BERT>  EMoption= 0
<<< Geant4 Physics List simulation engine: FTFP_BERT 2.0

<<< Reference Physics List FTFP_BERT is built

/run/verbose 1
/tracking/verbose 0
/testhadr/verbose 1
/testhadr/particle proton
/testhadr/targetElm W
/testhadr/TargetMat G4_W
/testhadr/TargetRadius 2 cm
/testhadr/TargetLength 50 cm
/testhadr/minEnergy 1 keV
/testhadr/maxEnergy 10000 TeV
/run/printProgress 10
/run/setCut 1 km
/testhadr/RadDecay true
/run/initialize
### Target consist of G4_W disks with R(mm)= 20  fLength(mm)= 500  ###

***** Table : Nb of materials = 3 *****

 Material:    G4_Al    density:  2.699 g/cm3   RadL:   8.896 cm   Nucl.Int.Length:  38.894 cm 
                       Imean: 166.000 eV   temperature: 293.15 K  pressure:   1.00 atm

   --->  Element: Al (Al)   Z = 13.0   N =    27   A = 26.982 g/mole
         --->  Isotope:  Al27   Z = 13   N =  27   A =  26.98 g/mole   abundance: 100.000 %
          ElmMassFraction: 100.00 %  ElmAbundance 100.00 % 


 Material: G4_Galactic    density:  0.000 kg/m3   RadL: 204310101.835 pc   Nucl.Int.Length: 113427275.267 pc 
                       Imean:  21.800 eV   temperature:   2.73 K  pressure:   0.00 atm

   --->  Element: H (H)   Z =  1.0   N =     1   A =  1.008 g/mole
         --->  Isotope:    H1   Z =  1   N =   1   A =   1.01 g/mole   abundance: 99.989 %
         --->  Isotope:    H2   Z =  1   N =   2   A =   2.01 g/mole   abundance:  0.011 %
          ElmMassFraction: 100.00 %  ElmAbundance 100.00 % 


 Material:     G4_W    density: 19.300 g/cm3   RadL:   3.504 mm   Nucl.Int.Length:  10.312 cm 
                       Imean: 727.000 eV   temperature: 293.15 K  pressure:   1.00 atm

   --->  Element: W (W)   Z = 74.0   N =   184   A = 183.842 g/mole
         --->  Isotope:  W180   Z = 74   N = 180   A = 179.95 g/mole   abundance:  0.120 %
         --->  Isotope:  W182   Z = 74   N = 182   A = 181.95 g/mole   abundance: 26.500 %
         --->  Isotope:  W183   Z = 74   N = 183   A = 182.95 g/mole   abundance: 14.310 %
         --->  Isotope:  W184   Z = 74   N = 184   A = 183.95 g/mole   abundance: 30.640 %
         --->  Isotope:  W186   Z = 74   N = 186   A = 185.95 g/mole   abundance: 28.430 %
          ElmMassFraction: 100.00 %  ElmAbundance 100.00 % 




 FTFP_BERT : new threshold between BERT and FTFP is over the interval 
 for pions :   3 to 12 GeV
 for kaons :   3 to 12 GeV
 for proton :  3 to 12 GeV
 for neutron : 3 to 12 GeV

### Adding tracking cuts for neutron  TimeCut(ns)= 10000  KinEnergyCut(MeV)= 0
/process/em/workerVerbose 0
/run/physicsModified
/gun/energy 20. GeV
/testhadr/verbose 1
/run/beamOn 10

### ===  Deexcitation model UAtomDeexcitation is activated for 1 region:
          DefaultRegionForTheWorld  1  1  0
### ===  Auger cascade flag: 1
### ===  Ignore cuts flag:   1

phot:  for gamma SubType=12 BuildTable=0
      LambdaPrime table from 200 keV to 1 PeV in 68 bins 
      ===== EM models for the G4Region  DefaultRegionForTheWorld ======
 LivermorePhElectric : Emin=    0 eV  Emax=    1 PeV  SauterGavrila Fluo

compt:  for gamma SubType=13 BuildTable=1
      Lambda table from 100 eV  to 1 MeV, 7 bins/decade, spline: 1
      LambdaPrime table from 1 MeV to 1 PeV in 63 bins 
      ===== EM models for the G4Region  DefaultRegionForTheWorld ======
       Klein-Nishina : Emin=    0 eV  Emax=    1 PeV

conv:  for gamma SubType=14 BuildTable=1
      Lambda table from 1.022 MeV to 1 PeV, 17 bins/decade, spline: 1
      ===== EM models for the G4Region  DefaultRegionForTheWorld ======
        BetheHeitler : Emin=    0 eV  Emax=   80 GeV  ModifiedTsai
     BetheHeitlerLPM : Emin=   80 GeV Emax=    1 PeV  ModifiedTsai

Rayl:  for gamma SubType=11 BuildTable=1
      Lambda table from 100 eV  to 100 keV, 7 bins/decade, spline: 0
      LambdaPrime table from 100 keV to 1 PeV in 70 bins 
      ===== EM models for the G4Region  DefaultRegionForTheWorld ======
   LivermoreRayleigh : Emin=    0 eV  Emax=  100 TeV  CullenGenerator

msc:  for e-  SubType= 10
      RangeFactor= 0.04, stepLimType: 1, latDisp: 1
      ===== EM models for the G4Region  DefaultRegionForTheWorld ======
            UrbanMsc : Emin=    0 eV  Emax=  100 MeV Nbins=42 100 eV  - 100 MeV
        WentzelVIUni : Emin=  100 MeV Emax=  100 TeV Nbins=42 100 MeV - 100 TeV

eIoni:  for e-  SubType=2
      dE/dx and range tables from 100 eV  to 1 PeV in 91 bins
      Lambda tables from threshold to 1 PeV, 7 bins/decade, spline: 1
      StepFunction=(0.2, 1 mm), integ: 1, fluct: 1, linLossLim= 0.01
      ===== EM models for the G4Region  DefaultRegionForTheWorld ======
        MollerBhabha : Emin=    0 eV  Emax=    1 PeV

eBrem:  for e-  SubType=3
      dE/dx and range tables from 100 eV  to 1 PeV in 91 bins
      Lambda tables from threshold to 1 PeV, 7 bins/decade, spline: 1
      LPM flag: 1 for E > 1 GeV,  VertexHighEnergyTh(GeV)= 1e+06
      ===== EM models for the G4Region  DefaultRegionForTheWorld ======
             eBremSB : Emin=    0 eV  Emax=    1 GeV  ModifiedTsai
            eBremLPM : Emin=    1 GeV Emax=    1 PeV  ModifiedTsai

CoulombScat:  for e-, integral:1  SubType=1 BuildTable=1
      Lambda table from 100 MeV to 1 PeV, 7 bins/decade, spline: 1
      ThetaMin(p) < Theta(degree) < 180; pLimit(GeV^1)= 0.139531
      ===== EM models for the G4Region  DefaultRegionForTheWorld ======
  eCoulombScattering : Emin=  100 MeV Emax=  100 TeV

msc:  for e+  SubType= 10
      RangeFactor= 0.04, stepLimType: 1, latDisp: 1
      ===== EM models for the G4Region  DefaultRegionForTheWorld ======
            UrbanMsc : Emin=    0 eV  Emax=  100 MeV Nbins=42 100 eV  - 100 MeV
        WentzelVIUni : Emin=  100 MeV Emax=  100 TeV Nbins=42 100 MeV - 100 TeV

eIoni:  for e+  SubType=2
      dE/dx and range tables from 100 eV  to 1 PeV in 91 bins
      Lambda tables from threshold to 1 PeV, 7 bins/decade, spline: 1
      StepFunction=(0.2, 1 mm), integ: 1, fluct: 1, linLossLim= 0.01
      ===== EM models for the G4Region  DefaultRegionForTheWorld ======
        MollerBhabha : Emin=    0 eV  Emax=    1 PeV

eBrem:  for e+  SubType=3
      dE/dx and range tables from 100 eV  to 1 PeV in 91 bins
      Lambda tables from threshold to 1 PeV, 7 bins/decade, spline: 1
      LPM flag: 1 for E > 1 GeV,  VertexHighEnergyTh(GeV)= 1e+06
      ===== EM models for the G4Region  DefaultRegionForTheWorld ======
             eBremSB : Emin=    0 eV  Emax=    1 GeV  ModifiedTsai
            eBremLPM : Emin=    1 GeV Emax=    1 PeV  ModifiedTsai

annihil:  for e+, integral:1  SubType=5 BuildTable=0
      ===== EM models for the G4Region  DefaultRegionForTheWorld ======
            eplus2gg : Emin=    0 eV  Emax=  100 TeV

CoulombScat:  for e+, integral:1  SubType=1 BuildTable=1
      Lambda table from 100 MeV to 1 PeV, 7 bins/decade, spline: 1
      ThetaMin(p) < Theta(degree) < 180; pLimit(GeV^1)= 0.139531
      ===== EM models for the G4Region  DefaultRegionForTheWorld ======
  eCoulombScattering : Emin=  100 MeV Emax=  100 TeV

msc:  for proton  SubType= 10
      RangeFactor= 0.2, stepLimType: 0, latDisp: 0
      ===== EM models for the G4Region  DefaultRegionForTheWorld ======
        WentzelVIUni : Emin=    0 eV  Emax=  100 TeV Nbins=84 100 eV  - 100 TeV

hIoni:  for proton  SubType=2
      dE/dx and range tables from 100 eV  to 1 PeV in 91 bins
      Lambda tables from threshold to 1 PeV, 7 bins/decade, spline: 1
      StepFunction=(0.2, 0.1 mm), integ: 1, fluct: 1, linLossLim= 0.01
      ===== EM models for the G4Region  DefaultRegionForTheWorld ======
               Bragg : Emin=    0 eV  Emax=    2 MeV
          BetheBloch : Emin=    2 MeV Emax=    1 PeV

hBrems:  for proton  SubType=3
      dE/dx and range tables from 100 eV  to 1 PeV in 91 bins
      Lambda tables from threshold to 1 PeV, 7 bins/decade, spline: 1
      ===== EM models for the G4Region  DefaultRegionForTheWorld ======
               hBrem : Emin=    0 eV  Emax=    1 PeV

hPairProd:  for proton  SubType=4
      dE/dx and range tables from 100 eV  to 1 PeV in 91 bins
      Lambda tables from threshold to 1 PeV, 7 bins/decade, spline: 1
      Sampling table 21x1001; from 7.50618 GeV to 1000 TeV 
      ===== EM models for the G4Region  DefaultRegionForTheWorld ======
           hPairProd : Emin=    0 eV  Emax=    1 PeV

CoulombScat:  for proton, integral:1  SubType=1 BuildTable=1
      Lambda table from threshold  to 1 PeV, 7 bins/decade, spline: 1
      ThetaMin(p) < Theta(degree) < 180; pLimit(GeV^1)= 0.139531
      ===== EM models for the G4Region  DefaultRegionForTheWorld ======
  eCoulombScattering : Emin=    0 eV  Emax=  100 TeV

msc:  for GenericIon  SubType= 10
      RangeFactor= 0.2, stepLimType: 0, latDisp: 0
      ===== EM models for the G4Region  DefaultRegionForTheWorld ======
            UrbanMsc : Emin=    0 eV  Emax=  100 TeV

ionIoni:  for GenericIon  SubType=2
      dE/dx and range tables from 100 eV  to 1 PeV in 91 bins
      Lambda tables from threshold to 1 PeV, 7 bins/decade, spline: 1
      StepFunction=(0.2, 0.1 mm), integ: 1, fluct: 1, linLossLim= 0.02
      Stopping Power data for 17 ion/material pairs
      ===== EM models for the G4Region  DefaultRegionForTheWorld ======
            BraggIon : Emin=    0 eV  Emax=    2 MeV
          BetheBloch : Emin=    2 MeV Emax=    1 PeV
=======================================================================
======       Radioactive Decay Physics Parameters              ========
=======================================================================
Max life time                                     1.4427e+06 ps
Internal e- conversion flag                       1
Stored internal conversion coefficients           1
Enable correlated gamma emission                  0
Max 2J for sampling of angular correlations       10
Atomic de-excitation enabled                      1
Auger electron emission enabled                   1
Auger cascade enabled                             1
Check EM cuts disabled for atomic de-excitation   1
Use Bearden atomic level energies                 0
=======================================================================

msc:  for alpha  SubType= 10
      RangeFactor= 0.2, stepLimType: 0, latDisp: 0
      ===== EM models for the G4Region  DefaultRegionForTheWorld ======
            UrbanMsc : Emin=    0 eV  Emax=  100 TeV Nbins=84 100 eV  - 100 TeV

ionIoni:  for alpha  SubType=2
      dE/dx and range tables from 100 eV  to 1 PeV in 91 bins
      Lambda tables from threshold to 1 PeV, 7 bins/decade, spline: 1
      StepFunction=(0.2, 0.1 mm), integ: 1, fluct: 1, linLossLim= 0.02
      ===== EM models for the G4Region  DefaultRegionForTheWorld ======
            BraggIon : Emin=    0 eV  Emax=7.9452 MeV
          BetheBloch : Emin=7.9452 MeV Emax=    1 PeV

msc:  for anti_proton  SubType= 10
      RangeFactor= 0.2, stepLimType: 0, latDisp: 0
      ===== EM models for the G4Region  DefaultRegionForTheWorld ======
        WentzelVIUni : Emin=    0 eV  Emax=  100 TeV Nbins=84 100 eV  - 100 TeV

hIoni:  for anti_proton  SubType=2
      dE/dx and range tables from 100 eV  to 1 PeV in 91 bins
      Lambda tables from threshold to 1 PeV, 7 bins/decade, spline: 1
      StepFunction=(0.2, 0.1 mm), integ: 1, fluct: 1, linLossLim= 0.01
      ===== EM models for the G4Region  DefaultRegionForTheWorld ======
            ICRU73QO : Emin=    0 eV  Emax=    2 MeV
          BetheBloch : Emin=    2 MeV Emax=    1 PeV

hBrems:  for anti_proton  SubType=3
      dE/dx and range tables from 100 eV  to 1 PeV in 91 bins
      Lambda tables from threshold to 1 PeV, 7 bins/decade, spline: 1
      ===== EM models for the G4Region  DefaultRegionForTheWorld ======
               hBrem : Emin=    0 eV  Emax=    1 PeV

hPairProd:  for anti_proton  SubType=4
      dE/dx and range tables from 100 eV  to 1 PeV in 91 bins
      Lambda tables from threshold to 1 PeV, 7 bins/decade, spline: 1
      Sampling table 21x1001; from 7.50618 GeV to 1000 TeV 
      ===== EM models for the G4Region  DefaultRegionForTheWorld ======
           hPairProd : Emin=    0 eV  Emax=    1 PeV

CoulombScat:  for anti_proton, integral:1  SubType=1 BuildTable=1
      Lambda table from threshold  to 1 PeV, 7 bins/decade, spline: 1
      ThetaMin(p) < Theta(degree) < 180; pLimit(GeV^1)= 0.139531
      ===== EM models for the G4Region  DefaultRegionForTheWorld ======
  eCoulombScattering : Emin=    0 eV  Emax=  100 TeV

msc:  for kaon+  SubType= 10
      RangeFactor= 0.2, stepLimType: 0, latDisp: 0
      ===== EM models for the G4Region  DefaultRegionForTheWorld ======
        WentzelVIUni : Emin=    0 eV  Emax=  100 TeV Nbins=84 100 eV  - 100 TeV

hIoni:  for kaon+  SubType=2
      dE/dx and range tables from 100 eV  to 1 PeV in 91 bins
      Lambda tables from threshold to 1 PeV, 7 bins/decade, spline: 1
      StepFunction=(0.2, 0.1 mm), integ: 1, fluct: 1, linLossLim= 0.01
      ===== EM models for the G4Region  DefaultRegionForTheWorld ======
               Bragg : Emin=    0 eV  Emax=1.05231 MeV
          BetheBloch : Emin=1.05231 MeV Emax=    1 PeV

hBrems:  for kaon+  SubType=3
      dE/dx and range tables from 100 eV  to 1 PeV in 91 bins
      Lambda tables from threshold to 1 PeV, 7 bins/decade, spline: 1
      ===== EM models for the G4Region  DefaultRegionForTheWorld ======
               hBrem : Emin=    0 eV  Emax=    1 PeV

hPairProd:  for kaon+  SubType=4
      dE/dx and range tables from 100 eV  to 1 PeV in 91 bins
      Lambda tables from threshold to 1 PeV, 7 bins/decade, spline: 1
      Sampling table 22x1001; from 3.94942 GeV to 1000 TeV 
      ===== EM models for the G4Region  DefaultRegionForTheWorld ======
           hPairProd : Emin=    0 eV  Emax=    1 PeV

CoulombScat:  for kaon+, integral:1  SubType=1 BuildTable=1
      Lambda table from threshold  to 1 PeV, 7 bins/decade, spline: 1
      ThetaMin(p) < Theta(degree) < 180; pLimit(GeV^1)= 0.139531
      ===== EM models for the G4Region  DefaultRegionForTheWorld ======
  eCoulombScattering : Emin=    0 eV  Emax=  100 TeV

msc:  for kaon-  SubType= 10
      RangeFactor= 0.2, stepLimType: 0, latDisp: 0
      ===== EM models for the G4Region  DefaultRegionForTheWorld ======
        WentzelVIUni : Emin=    0 eV  Emax=  100 TeV Nbins=84 100 eV  - 100 TeV

hIoni:  for kaon-  SubType=2
      dE/dx and range tables from 100 eV  to 1 PeV in 91 bins
      Lambda tables from threshold to 1 PeV, 7 bins/decade, spline: 1
      StepFunction=(0.2, 0.1 mm), integ: 1, fluct: 1, linLossLim= 0.01
      ===== EM models for the G4Region  DefaultRegionForTheWorld ======
            ICRU73QO : Emin=    0 eV  Emax=1.05231 MeV
          BetheBloch : Emin=1.05231 MeV Emax=    1 PeV

hBrems:  for kaon-  SubType=3
      dE/dx and range tables from 100 eV  to 1 PeV in 91 bins
      Lambda tables from threshold to 1 PeV, 7 bins/decade, spline: 1
      ===== EM models for the G4Region  DefaultRegionForTheWorld ======
               hBrem : Emin=    0 eV  Emax=    1 PeV

hPairProd:  for kaon-  SubType=4
      dE/dx and range tables from 100 eV  to 1 PeV in 91 bins
      Lambda tables from threshold to 1 PeV, 7 bins/decade, spline: 1
      Sampling table 22x1001; from 3.94942 GeV to 1000 TeV 
      ===== EM models for the G4Region  DefaultRegionForTheWorld ======
           hPairProd : Emin=    0 eV  Emax=    1 PeV

CoulombScat:  for kaon-, integral:1  SubType=1 BuildTable=1
      Used Lambda table of kaon+
      ThetaMin(p) < Theta(degree) < 180; pLimit(GeV^1)= 0.139531
      ===== EM models for the G4Region  DefaultRegionForTheWorld ======
  eCoulombScattering : Emin=    0 eV  Emax=  100 TeV

msc:  for mu+  SubType= 10
      RangeFactor= 0.2, stepLimType: 0, latDisp: 0, polarAngLim(deg)= 180
      ===== EM models for the G4Region  DefaultRegionForTheWorld ======
        WentzelVIUni : Emin=    0 eV  Emax=  100 TeV Nbins=84 100 eV  - 100 TeV

muIoni:  for mu+  SubType=2
      dE/dx and range tables from 100 eV  to 1 PeV in 91 bins
      Lambda tables from threshold to 1 PeV, 7 bins/decade, spline: 1
      StepFunction=(0.2, 0.1 mm), integ: 1, fluct: 1, linLossLim= 0.01
      ===== EM models for the G4Region  DefaultRegionForTheWorld ======
               Bragg : Emin=    0 eV  Emax=  200 keV
          BetheBloch : Emin=  200 keV Emax=    1 GeV
        MuBetheBloch : Emin=    1 GeV Emax=    1 PeV

muBrems:  for mu+  SubType=3
      dE/dx and range tables from 100 eV  to 1 PeV in 91 bins
      Lambda tables from threshold to 1 PeV, 7 bins/decade, spline: 1
      ===== EM models for the G4Region  DefaultRegionForTheWorld ======
              MuBrem : Emin=    0 eV  Emax=    1 PeV

muPairProd:  for mu+  SubType=4
      dE/dx and range tables from 100 eV  to 1 PeV in 91 bins
      Lambda tables from threshold to 1 PeV, 7 bins/decade, spline: 1
      Sampling table 25x1001; from 1 GeV to 1000 TeV 
      ===== EM models for the G4Region  DefaultRegionForTheWorld ======
          muPairProd : Emin=    0 eV  Emax=    1 PeV

CoulombScat:  for mu+, integral:1  SubType=1 BuildTable=1
      Lambda table from threshold  to 1 PeV, 7 bins/decade, spline: 1
      ThetaMin(p) < Theta(degree) < 180; pLimit(GeV^1)= 0.139531
      ===== EM models for the G4Region  DefaultRegionForTheWorld ======
  eCoulombScattering : Emin=    0 eV  Emax=  100 TeV

msc:  for mu-  SubType= 10
      RangeFactor= 0.2, stepLimType: 0, latDisp: 0, polarAngLim(deg)= 180
      ===== EM models for the G4Region  DefaultRegionForTheWorld ======
        WentzelVIUni : Emin=    0 eV  Emax=  100 TeV Nbins=84 100 eV  - 100 TeV

muIoni:  for mu-  SubType=2
      dE/dx and range tables from 100 eV  to 1 PeV in 91 bins
      Lambda tables from threshold to 1 PeV, 7 bins/decade, spline: 1
      StepFunction=(0.2, 0.1 mm), integ: 1, fluct: 1, linLossLim= 0.01
      ===== EM models for the G4Region  DefaultRegionForTheWorld ======
            ICRU73QO : Emin=    0 eV  Emax=  200 keV
          BetheBloch : Emin=  200 keV Emax=    1 GeV
        MuBetheBloch : Emin=    1 GeV Emax=    1 PeV

muBrems:  for mu-  SubType=3
      dE/dx and range tables from 100 eV  to 1 PeV in 91 bins
      Lambda tables from threshold to 1 PeV, 7 bins/decade, spline: 1
      ===== EM models for the G4Region  DefaultRegionForTheWorld ======
              MuBrem : Emin=    0 eV  Emax=    1 PeV

muPairProd:  for mu-  SubType=4
      dE/dx and range tables from 100 eV  to 1 PeV in 91 bins
      Lambda tables from threshold to 1 PeV, 7 bins/decade, spline: 1
      Sampling table 25x1001; from 1 GeV to 1000 TeV 
      ===== EM models for the G4Region  DefaultRegionForTheWorld ======
          muPairProd : Emin=    0 eV  Emax=    1 PeV

CoulombScat:  for mu-, integral:1  SubType=1 BuildTable=1
      Used Lambda table of mu+
      ThetaMin(p) < Theta(degree) < 180; pLimit(GeV^1)= 0.139531
      ===== EM models for the G4Region  DefaultRegionForTheWorld ======
  eCoulombScattering : Emin=    0 eV  Emax=  100 TeV

msc:  for pi+  SubType= 10
      RangeFactor= 0.2, stepLimType: 0, latDisp: 0
      ===== EM models for the G4Region  DefaultRegionForTheWorld ======
        WentzelVIUni : Emin=    0 eV  Emax=  100 TeV Nbins=84 100 eV  - 100 TeV

hIoni:  for pi+  SubType=2
      dE/dx and range tables from 100 eV  to 1 PeV in 91 bins
      Lambda tables from threshold to 1 PeV, 7 bins/decade, spline: 1
      StepFunction=(0.2, 0.1 mm), integ: 1, fluct: 1, linLossLim= 0.01
      ===== EM models for the G4Region  DefaultRegionForTheWorld ======
               Bragg : Emin=    0 eV  Emax=297.505 keV
          BetheBloch : Emin=297.505 keV Emax=    1 PeV

hBrems:  for pi+  SubType=3
      dE/dx and range tables from 100 eV  to 1 PeV in 91 bins
      Lambda tables from threshold to 1 PeV, 7 bins/decade, spline: 1
      ===== EM models for the G4Region  DefaultRegionForTheWorld ======
               hBrem : Emin=    0 eV  Emax=    1 PeV

hPairProd:  for pi+  SubType=4
      dE/dx and range tables from 100 eV  to 1 PeV in 91 bins
      Lambda tables from threshold to 1 PeV, 7 bins/decade, spline: 1
      Sampling table 24x1001; from 1.11656 GeV to 1000 TeV 
      ===== EM models for the G4Region  DefaultRegionForTheWorld ======
           hPairProd : Emin=    0 eV  Emax=    1 PeV

CoulombScat:  for pi+, integral:1  SubType=1 BuildTable=1
      Lambda table from threshold  to 1 PeV, 7 bins/decade, spline: 1
      ThetaMin(p) < Theta(degree) < 180; pLimit(GeV^1)= 0.139531
      ===== EM models for the G4Region  DefaultRegionForTheWorld ======
  eCoulombScattering : Emin=    0 eV  Emax=  100 TeV

msc:  for pi-  SubType= 10
      RangeFactor= 0.2, stepLimType: 0, latDisp: 0
      ===== EM models for the G4Region  DefaultRegionForTheWorld ======
        WentzelVIUni : Emin=    0 eV  Emax=  100 TeV Nbins=84 100 eV  - 100 TeV

hIoni:  for pi-  SubType=2
      dE/dx and range tables from 100 eV  to 1 PeV in 91 bins
      Lambda tables from threshold to 1 PeV, 7 bins/decade, spline: 1
      StepFunction=(0.2, 0.1 mm), integ: 1, fluct: 1, linLossLim= 0.01
      ===== EM models for the G4Region  DefaultRegionForTheWorld ======
            ICRU73QO : Emin=    0 eV  Emax=297.505 keV
          BetheBloch : Emin=297.505 keV Emax=    1 PeV

hBrems:  for pi-  SubType=3
      dE/dx and range tables from 100 eV  to 1 PeV in 91 bins
      Lambda tables from threshold to 1 PeV, 7 bins/decade, spline: 1
      ===== EM models for the G4Region  DefaultRegionForTheWorld ======
               hBrem : Emin=    0 eV  Emax=    1 PeV

hPairProd:  for pi-  SubType=4
      dE/dx and range tables from 100 eV  to 1 PeV in 91 bins
      Lambda tables from threshold to 1 PeV, 7 bins/decade, spline: 1
      Sampling table 24x1001; from 1.11656 GeV to 1000 TeV 
      ===== EM models for the G4Region  DefaultRegionForTheWorld ======
           hPairProd : Emin=    0 eV  Emax=    1 PeV

CoulombScat:  for pi-, integral:1  SubType=1 BuildTable=1
      Used Lambda table of pi+
      ThetaMin(p) < Theta(degree) < 180; pLimit(GeV^1)= 0.139531
      ===== EM models for the G4Region  DefaultRegionForTheWorld ======
  eCoulombScattering : Emin=    0 eV  Emax=  100 TeV

====================================================================
                  HADRONIC PROCESSES SUMMARY (verbose level 1)

---------------------------------------------------
                           Hadronic Processes for neutron

  Process: hadElastic
        Model:             hElasticCHIPS: 0 eV  ---> 1 PeV
     Cr_sctns:        G4NeutronElasticXS: 0 eV  ---> 1 PeV

  Process: neutronInelastic
        Model:                      FTFP: 3 GeV ---> 1 PeV
        Model:            BertiniCascade: 0 eV  ---> 12 GeV
     Cr_sctns:      G4NeutronInelasticXS: 0 eV  ---> 1 PeV

  Process: nCapture
        Model:               nRadCapture: 0 eV  ---> 1 PeV
     Cr_sctns:        G4NeutronCaptureXS: 0 eV  ---> 1 PeV

  Process: nKiller

---------------------------------------------------
                           Hadronic Processes for GenericIon

  Process: ionInelastic
        Model:  Binary Light Ion Cascade: 0 eV /n ---> 4 GeV/n
        Model:                      FTFP: 2 GeV/n ---> 1 PeV/n
     Cr_sctns:  Glauber-Gribov Nucl-nucl: 0 eV  ---> 256 PeV
     Cr_sctns:          GheishaInelastic: 0 eV  ---> 1 PeV

---------------------------------------------------
                           Hadronic Processes for He3

  Process: hadElastic
        Model:              hElasticLHEP: 0 eV /n ---> 1 PeV/n
     Cr_sctns:  Glauber-Gribov Nucl-nucl: 0 eV  ---> 256 PeV
     Cr_sctns:            GheishaElastic: 0 eV  ---> 1 PeV

  Process: He3Inelastic
        Model:  Binary Light Ion Cascade: 0 eV /n ---> 4 GeV/n
        Model:                      FTFP: 2 GeV/n ---> 1 PeV/n
     Cr_sctns:  Glauber-Gribov Nucl-nucl: 0 eV  ---> 256 PeV
     Cr_sctns:          GheishaInelastic: 0 eV  ---> 1 PeV

---------------------------------------------------
                           Hadronic Processes for alpha

  Process: hadElastic
        Model:              hElasticLHEP: 0 eV /n ---> 1 PeV/n
     Cr_sctns:  Glauber-Gribov Nucl-nucl: 0 eV  ---> 256 PeV
     Cr_sctns:            GheishaElastic: 0 eV  ---> 1 PeV

  Process: alphaInelastic
        Model:  Binary Light Ion Cascade: 0 eV /n ---> 4 GeV/n
        Model:                      FTFP: 2 GeV/n ---> 1 PeV/n
     Cr_sctns:  Glauber-Gribov Nucl-nucl: 0 eV  ---> 256 PeV
     Cr_sctns:          GheishaInelastic: 0 eV  ---> 1 PeV

---------------------------------------------------
                           Hadronic Processes for anti_He3

  Process: hadElastic
        Model:              hElasticLHEP: 0 eV /n ---> 100.1 MeV/n
        Model:              AntiAElastic: 100 MeV/n ---> 1 PeV/n
     Cr_sctns:              AntiAGlauber: 0 eV  ---> 256 PeV
     Cr_sctns:            GheishaElastic: 0 eV  ---> 1 PeV

  Process: anti_He3Inelastic
        Model:                      FTFP: 0 eV /n ---> 1 PeV/n
     Cr_sctns:              AntiAGlauber: 0 eV  ---> 256 PeV
     Cr_sctns:          GheishaInelastic: 0 eV  ---> 1 PeV

  Process: hFritiofCaptureAtRest

---------------------------------------------------
                           Hadronic Processes for anti_alpha

  Process: hadElastic
        Model:              hElasticLHEP: 0 eV /n ---> 100.1 MeV/n
        Model:              AntiAElastic: 100 MeV/n ---> 1 PeV/n
     Cr_sctns:              AntiAGlauber: 0 eV  ---> 256 PeV
     Cr_sctns:            GheishaElastic: 0 eV  ---> 1 PeV

  Process: anti_alphaInelastic
        Model:                      FTFP: 0 eV /n ---> 1 PeV/n
     Cr_sctns:              AntiAGlauber: 0 eV  ---> 256 PeV
     Cr_sctns:          GheishaInelastic: 0 eV  ---> 1 PeV

  Process: hFritiofCaptureAtRest

---------------------------------------------------
                           Hadronic Processes for anti_deuteron

  Process: hadElastic
        Model:              hElasticLHEP: 0 eV /n ---> 100.1 MeV/n
        Model:              AntiAElastic: 100 MeV/n ---> 1 PeV/n
     Cr_sctns:              AntiAGlauber: 0 eV  ---> 256 PeV
     Cr_sctns:            GheishaElastic: 0 eV  ---> 1 PeV

  Process: anti_deuteronInelastic
        Model:                      FTFP: 0 eV /n ---> 1 PeV/n
     Cr_sctns:              AntiAGlauber: 0 eV  ---> 256 PeV
     Cr_sctns:          GheishaInelastic: 0 eV  ---> 1 PeV

  Process: hFritiofCaptureAtRest

---------------------------------------------------
                           Hadronic Processes for anti_neutron

  Process: hadElastic
        Model:              hElasticLHEP: 0 eV  ---> 1 PeV
     Cr_sctns:            GheishaElastic: 0 eV  ---> 1 PeV

  Process: anti_neutronInelastic
        Model:                      FTFP: 0 eV  ---> 1 PeV
     Cr_sctns:              AntiAGlauber: 0 eV  ---> 256 PeV
     Cr_sctns:          GheishaInelastic: 0 eV  ---> 1 PeV

---------------------------------------------------
                           Hadronic Processes for anti_proton

  Process: hadElastic
        Model:              hElasticLHEP: 0 eV  ---> 100.1 MeV
        Model:              AntiAElastic: 100 MeV ---> 1 PeV
     Cr_sctns:              AntiAGlauber: 0 eV  ---> 256 PeV
     Cr_sctns:            GheishaElastic: 0 eV  ---> 1 PeV

  Process: anti_protonInelastic
        Model:                      FTFP: 0 eV  ---> 1 PeV
     Cr_sctns:              AntiAGlauber: 0 eV  ---> 256 PeV
     Cr_sctns:          GheishaInelastic: 0 eV  ---> 1 PeV

  Process: hFritiofCaptureAtRest

---------------------------------------------------
                           Hadronic Processes for anti_triton

  Process: hadElastic
        Model:              hElasticLHEP: 0 eV /n ---> 100.1 MeV/n
        Model:              AntiAElastic: 100 MeV/n ---> 1 PeV/n
     Cr_sctns:              AntiAGlauber: 0 eV  ---> 256 PeV
     Cr_sctns:            GheishaElastic: 0 eV  ---> 1 PeV

  Process: anti_tritonInelastic
        Model:                      FTFP: 0 eV /n ---> 1 PeV/n
     Cr_sctns:              AntiAGlauber: 0 eV  ---> 256 PeV
     Cr_sctns:          GheishaInelastic: 0 eV  ---> 1 PeV

  Process: hFritiofCaptureAtRest

---------------------------------------------------
                           Hadronic Processes for deuteron

  Process: hadElastic
        Model:              hElasticLHEP: 0 eV /n ---> 1 PeV/n
     Cr_sctns:  Glauber-Gribov Nucl-nucl: 0 eV  ---> 256 PeV
     Cr_sctns:            GheishaElastic: 0 eV  ---> 1 PeV

  Process: dInelastic
        Model:  Binary Light Ion Cascade: 0 eV /n ---> 4 GeV/n
        Model:                      FTFP: 2 GeV/n ---> 1 PeV/n
     Cr_sctns:  Glauber-Gribov Nucl-nucl: 0 eV  ---> 256 PeV
     Cr_sctns:          GheishaInelastic: 0 eV  ---> 1 PeV

---------------------------------------------------
                           Hadronic Processes for e+

  Process: positronNuclear
        Model:   G4ElectroVDNuclearModel: 0 eV  ---> 1 PeV
     Cr_sctns:          ElectroNuclearXS: 0 eV  ---> 1 PeV

---------------------------------------------------
                           Hadronic Processes for e-

  Process: electronNuclear
        Model:   G4ElectroVDNuclearModel: 0 eV  ---> 1 PeV
     Cr_sctns:          ElectroNuclearXS: 0 eV  ---> 1 PeV

---------------------------------------------------
                           Hadronic Processes for gamma

  Process: photonNuclear
        Model:            BertiniCascade: 0 eV  ---> 3.5 GeV
        Model:           TheoFSGenerator: 3 GeV ---> 1 PeV
     Cr_sctns:            PhotoNuclearXS: 0 eV  ---> 1 PeV

---------------------------------------------------
                           Hadronic Processes for kaon+

  Process: hadElastic
        Model:              hElasticLHEP: 0 eV  ---> 1 PeV
     Cr_sctns:            Glauber-Gribov: 0 eV  ---> 1 PeV
     Cr_sctns:            GheishaElastic: 0 eV  ---> 1 PeV

  Process: kaon+Inelastic
        Model:                      FTFP: 3 GeV ---> 1 PeV
        Model:            BertiniCascade: 0 eV  ---> 12 GeV
     Cr_sctns:            Glauber-Gribov: 0 eV  ---> 1 PeV
     Cr_sctns:  ChipsKaonPlusInelasticXS: 0 eV  ---> 1 PeV
     Cr_sctns:          GheishaInelastic: 0 eV  ---> 1 PeV

---------------------------------------------------
                           Hadronic Processes for kaon-

  Process: hadElastic
        Model:              hElasticLHEP: 0 eV  ---> 1 PeV
     Cr_sctns:            Glauber-Gribov: 0 eV  ---> 1 PeV
     Cr_sctns:            GheishaElastic: 0 eV  ---> 1 PeV

  Process: kaon-Inelastic
        Model:                      FTFP: 3 GeV ---> 1 PeV
        Model:            BertiniCascade: 0 eV  ---> 12 GeV
     Cr_sctns:            Glauber-Gribov: 0 eV  ---> 1 PeV
     Cr_sctns: ChipsKaonMinusInelasticXS: 0 eV  ---> 1 PeV
     Cr_sctns:          GheishaInelastic: 0 eV  ---> 1 PeV

  Process: hBertiniCaptureAtRest

---------------------------------------------------
                           Hadronic Processes for lambda

  Process: hadElastic
        Model:              hElasticLHEP: 0 eV  ---> 1 PeV
     Cr_sctns:            GheishaElastic: 0 eV  ---> 1 PeV

  Process: lambdaInelastic
        Model:            BertiniCascade: 0 eV  ---> 6 GeV
        Model:                      FTFP: 2 GeV ---> 1 PeV
     Cr_sctns:   ChipsHyperonInelasticXS: 0 eV  ---> 1 PeV
     Cr_sctns:          GheishaInelastic: 0 eV  ---> 1 PeV

---------------------------------------------------
                           Hadronic Processes for mu+

  Process: muonNuclear
        Model:      G4MuonVDNuclearModel: 0 eV  ---> 1 PeV
     Cr_sctns:     KokoulinMuonNuclearXS: 0 eV  ---> 1 PeV

---------------------------------------------------
                           Hadronic Processes for mu-

  Process: muonNuclear
        Model:      G4MuonVDNuclearModel: 0 eV  ---> 1 PeV
     Cr_sctns:     KokoulinMuonNuclearXS: 0 eV  ---> 1 PeV

  Process: muMinusCaptureAtRest

---------------------------------------------------
                           Hadronic Processes for pi+

  Process: hadElastic
        Model:              hElasticLHEP: 0 eV  ---> 1.0001 GeV
        Model:           hElasticGlauber: 1 GeV ---> 1 PeV
     Cr_sctns:       Barashenkov-Glauber: 0 eV  ---> 1 PeV

  Process: pi+Inelastic
        Model:                      FTFP: 3 GeV ---> 1 PeV
        Model:            BertiniCascade: 0 eV  ---> 12 GeV
     Cr_sctns: Barashenkov-Glauber-Gribov: 0 eV  ---> 1 PeV

---------------------------------------------------
                           Hadronic Processes for pi-

  Process: hadElastic
        Model:              hElasticLHEP: 0 eV  ---> 1.0001 GeV
        Model:           hElasticGlauber: 1 GeV ---> 1 PeV
     Cr_sctns:       Barashenkov-Glauber: 0 eV  ---> 1 PeV

  Process: pi-Inelastic
        Model:                      FTFP: 3 GeV ---> 1 PeV
        Model:            BertiniCascade: 0 eV  ---> 12 GeV
     Cr_sctns: Barashenkov-Glauber-Gribov: 0 eV  ---> 1 PeV

  Process: hBertiniCaptureAtRest

---------------------------------------------------
                           Hadronic Processes for proton

  Process: hadElastic
        Model:             hElasticCHIPS: 0 eV  ---> 1 PeV
     Cr_sctns:       Barashenkov-Glauber: 0 eV  ---> 1 PeV

  Process: protonInelastic
        Model:                      FTFP: 3 GeV ---> 1 PeV
        Model:            BertiniCascade: 0 eV  ---> 12 GeV
     Cr_sctns:       Barashenkov-Glauber: 0 eV  ---> 1 PeV

---------------------------------------------------
                           Hadronic Processes for triton

  Process: hadElastic
        Model:              hElasticLHEP: 0 eV /n ---> 1 PeV/n
     Cr_sctns:  Glauber-Gribov Nucl-nucl: 0 eV  ---> 256 PeV
     Cr_sctns:            GheishaElastic: 0 eV  ---> 1 PeV

  Process: tInelastic
        Model:  Binary Light Ion Cascade: 0 eV /n ---> 4 GeV/n
        Model:                      FTFP: 2 GeV/n ---> 1 PeV/n
     Cr_sctns:  Glauber-Gribov Nucl-nucl: 0 eV  ---> 256 PeV
     Cr_sctns:          GheishaInelastic: 0 eV  ---> 1 PeV

================================================================

========= Table of registered couples ==============================

Index : 0     used in the geometry : Yes
 Material : G4_Galactic
 Range cuts        :  gamma  1 km     e-  1 km     e+  1 km  proton 1 km 
 Energy thresholds :  gamma  990 eV     e-  990 eV     e+  990 eV  proton 100 GeV
 Region(s) which use this couple : 
    DefaultRegionForTheWorld

Index : 1     used in the geometry : Yes
 Material : G4_W
 Range cuts        :  gamma  1 km     e-  1 km     e+  1 km  proton 1 km 
 Energy thresholds :  gamma  10 GeV    e-  10 GeV    e+  10 GeV proton 100 GeV
 Region(s) which use this couple : 
    DefaultRegionForTheWorld

====================================================================

### Run 0 starts.
### Run 0 start
--> Event 0 starts.
EventAction: Event # 0 started
 Run terminated.
Run Summary
  Number of events processed : 10
  User=0.820000s Real=0.880819s Sys=0.030000s
RunAction: End of run actions are started
HistoManager: End of run actions are started
### Fill Cross Sections for proton off W
-------------------------------------------------------------
    N     E(MeV)   Elastic(b)   Inelastic(b)   Total(b)
-------------------------------------------------------------
    0    0.001019           0            0            0
    1    0.001058           0            0            0
    2    0.001098           0            0            0
    3     0.00114           0            0            0
    4    0.001183           0            0            0
    5    0.001228           0            0            0
    6    0.001275           0            0            0
    7    0.001324           0            0            0
    8    0.001374           0            0            0
    9    0.001427           0            0            0
   10    0.001481           0            0            0
   11    0.001538           0            0            0
   12    0.001596           0            0            0
   13    0.001657           0            0            0
   14     0.00172           0            0            0
   15    0.001786           0            0            0
   16    0.001854           0            0            0
   17    0.001925           0            0            0
   18    0.001998           0            0            0
   19    0.002074           0            0            0
   20    0.002153           0            0            0
   21    0.002236           0            0            0
   22    0.002321           0            0            0
   23    0.002409           0            0            0
   24    0.002501           0            0            0
   25    0.002596           0            0            0
   26    0.002695           0            0            0
   27    0.002798           0            0            0
   28    0.002905           0            0            0
   29    0.003016           0            0            0
   30    0.003131           0            0            0
   31     0.00325           0            0            0
   32    0.003374           0            0            0
   33    0.003502           0            0            0
   34    0.003636           0            0            0
   35    0.003775           0            0            0
   36    0.003919           0            0            0
   37    0.004068           0            0            0
   38    0.004223           0            0            0
   39    0.004384           0            0            0
   40    0.004551           0            0            0
   41    0.004725           0            0            0
   42    0.004905           0            0            0
   43    0.005092           0            0            0
   44    0.005286           0            0            0
   45    0.005488           0            0            0
   46    0.005697           0            0            0
   47    0.005914           0            0            0
   48    0.006139           0            0            0
   49    0.006373           0            0            0
   50    0.006616           0            0            0
   51    0.006869           0            0            0
   52    0.007131           0            0            0
   53    0.007402           0            0            0
   54    0.007685           0            0            0
   55    0.007978           0            0            0
   56    0.008282           0            0            0
   57    0.008598           0            0            0
   58    0.008925           0            0            0
   59    0.009266           0            0            0
   60    0.009619           0            0            0
   61    0.009986           0            0            0
   62     0.01037           0            0            0
   63     0.01076           0            0            0
   64     0.01117           0            0            0
   65      0.0116           0            0            0
   66     0.01204           0            0            0
   67      0.0125           0            0            0
   68     0.01298           0            0            0
   69     0.01347           0            0            0
   70     0.01398           0            0            0
   71     0.01452           0            0            0
   72     0.01507           0            0            0
   73     0.01564           0            0            0
   74     0.01624           0            0            0
   75     0.01686           0            0            0
   76      0.0175           0            0            0
   77     0.01817           0            0            0
   78     0.01886           0            0            0
   79     0.01958           0            0            0
   80     0.02033           0            0            0
   81      0.0211           0            0            0
   82     0.02191           0            0            0
   83     0.02274           0            0            0
   84     0.02361           0            0            0
   85     0.02451           0            0            0
   86     0.02545           0            0            0
   87     0.02642           0            0            0
   88     0.02742           0            0            0
   89     0.02847           0            0            0
   90     0.02955           0            0            0
   91     0.03068           0            0            0
   92     0.03185           0            0            0
   93     0.03307           0            0            0
   94     0.03433           0            0            0
   95     0.03563           0            0            0
   96     0.03699           0            0            0
   97      0.0384           0            0            0
   98     0.03987           0            0            0
   99     0.04139           0            0            0
  100     0.04297           0            0            0
  101      0.0446           0            0            0
  102      0.0463           0            0            0
  103     0.04807           0            0            0
  104      0.0499           0            0            0
  105     0.05181           0            0            0
  106     0.05378           0            0            0
  107     0.05583           0            0            0
  108     0.05796           0            0            0
  109     0.06017           0            0            0
  110     0.06246           0            0            0
  111     0.06484           0            0            0
  112     0.06732           0            0            0
  113     0.06988           0            0            0
  114     0.07255           0            0            0
  115     0.07531           0            0            0
  116     0.07819           0            0            0
  117     0.08117           0            0            0
  118     0.08426           0            0            0
  119     0.08747           0            0            0
  120     0.09081           0            0            0
  121     0.09427           0            0            0
  122     0.09786           0            0            0
  123      0.1016           0            0            0
  124      0.1055           0            0            0
  125      0.1095           0            0            0
  126      0.1137           0            0            0
  127       0.118           0            0            0
  128      0.1225           0            0            0
  129      0.1272           0            0            0
  130       0.132           0            0            0
  131       0.137           0            0            0
  132      0.1423           0            0            0
  133      0.1477           0            0            0
  134      0.1533           0            0            0
  135      0.1592           0            0            0
  136      0.1652           0            0            0
  137      0.1715           0            0            0
  138      0.1781           0            0            0
  139      0.1849           0            0            0
  140      0.1919           0            0            0
  141      0.1992           0            0            0
  142      0.2068           0            0            0
  143      0.2147           0            0            0
  144      0.2229           0            0            0
  145      0.2314           0            0            0
  146      0.2402           0            0            0
  147      0.2494           0            0            0
  148      0.2589           0            0            0
  149      0.2688           0            0            0
  150       0.279           0            0            0
  151      0.2897           0            0            0
  152      0.3007           0            0            0
  153      0.3122           0            0            0
  154      0.3241           0            0            0
  155      0.3364           0            0            0
  156      0.3492           0            0            0
  157      0.3626           0            0            0
  158      0.3764           0            0            0
  159      0.3907           0            0            0
  160      0.4056           0            0            0
  161      0.4211           0            0            0
  162      0.4371           0            0            0
  163      0.4538           0            0            0
  164      0.4711           0            0            0
  165      0.4891           0            0            0
  166      0.5077           0            0            0
  167      0.5271           0            0            0
  168      0.5472           0            0            0
  169       0.568           0            0            0
  170      0.5897           0            0            0
  171      0.6122           0            0            0
  172      0.6355           0            0            0
  173      0.6597           0            0            0
  174      0.6849           0            0            0
  175       0.711           0            0            0
  176      0.7381           0            0            0
  177      0.7663           0            0            0
  178      0.7955           0            0            0
  179      0.8258           0            0            0
  180      0.8573           0            0            0
  181        0.89           0            0            0
  182      0.9239           0            0            0
  183      0.9591           0            0            0
  184      0.9957           0            0            0
  185       1.034           0            0            0
  186       1.073           0            0            0
  187       1.114           0            0            0
  188       1.156           0            0            0
  189       1.201           0            0            0
  190       1.246           0            0            0
  191       1.294           0            0            0
  192       1.343           0            0            0
  193       1.394           0            0            0
  194       1.448           0            0            0
  195       1.503           0            0            0
  196        1.56           0            0            0
  197       1.619           0            0            0
  198       1.681           0            0            0
  199       1.745           0            0            0
  200       1.812           0            0            0
  201       1.881           0            0            0
  202       1.953           0            0            0
  203       2.027           0            0            0
  204       2.104           0            0            0
  205       2.185           0            0            0
  206       2.268           0            0            0
  207       2.354           0            0            0
  208       2.444           0            0            0
  209       2.537           0            0            0
  210       2.634           0            0            0
  211       2.734           0            0            0
  212       2.839           0            0            0
  213       2.947           0            0            0
  214       3.059           0            0            0
  215       3.176           0            0            0
  216       3.297           0            0            0
  217       3.423           0            0            0
  218       3.553           0            0            0
  219       3.689           0            0            0
  220       3.829           0            0            0
  221       3.975           0            0            0
  222       4.127           0            0            0
  223       4.284           0            0            0
  224       4.448           0            0            0
  225       4.617           0            0            0
  226       4.793           0            0            0
  227       4.976           0            0            0
  228       5.166           0            0            0
  229       5.363           0            0            0
  230       5.567           0            0            0
  231       5.779           0            0            0
  232           6           0            0            0
  233       6.228           0            0            0
  234       6.466           0            0            0
  235       6.712           0            0            0
  236       6.968           0            0            0
  237       7.234           0            0            0
  238        7.51           0            0            0
  239       7.796           0            0            0
  240       8.093           0            0            0
  241       8.402           0            0            0
  242       8.722           0            0            0
  243       9.055           0            0            0
  244         9.4           0            0            0
  245       9.758           0            0            0
  246       10.13           0            0            0
  247       10.52           0            0            0
  248       10.92           0            0            0
  249       11.33           0            0            0
  250       11.77           0            0            0
  251       12.21           0            0            0
  252       12.68           0            0            0
  253       13.16           0            0            0
  254       13.67           0            0            0
  255       14.19           0            0            0
  256       14.73           0            0            0
  257       15.29           0            0            0
  258       15.87           0            0            0
  259       16.48           0            0            0
  260       17.11           0            0            0
  261       17.76           0            0            0
  262       18.43           0            0            0
  263       19.14           0            0            0
  264       19.87           0            0            0
  265       20.62           0            0            0
  266       21.41           0            0            0
  267       22.23           0            0            0
  268       23.07           0            0            0
  269       23.95           0            0            0
  270       24.87           0            0            0
  271       25.82           0            0            0
  272        26.8           0            0            0
  273       27.82           0            0            0
  274       28.88           0            0            0
  275       29.98           0            0            0
  276       31.13           0            0            0
  277       32.31           0            0            0
  278       33.54           0            0            0
  279       34.82           0            0            0
  280       36.15           0            0            0
  281       37.53           0            0            0
  282       38.96           0            0            0
  283       40.45           0            0            0
  284       41.99           0            0            0
  285       43.59           0            0            0
  286       45.25           0            0            0
  287       46.98           0            0            0
  288       48.77           0            0            0
  289       50.63           0            0            0
  290       52.56           0            0            0
  291       54.56           0            0            0
  292       56.64           0            0            0
  293        58.8           0            0            0
  294       61.04           0            0            0
  295       63.37           0            0            0
  296       65.78           0            0            0
  297       68.29           0            0            0
  298        70.9           0       0.0611       0.0611
  299        73.6           0       0.2474       0.2474
  300       76.41           0       0.4257       0.4257
  301       79.32           0       0.5963       0.5963
  302       82.34           0       0.7594       0.7594
  303       85.48           0       0.9155       0.9155
  304       88.74           0        1.065        1.065
  305       92.12           0        1.207        1.207
  306       95.64           0        1.343        1.343
  307       99.28           0        1.473        1.473
  308       103.1           0        1.597        1.597
  309         107           0        1.716        1.716
  310       111.1           0        1.829        1.829
  311       115.3           0        1.936        1.936
  312       119.7           0        2.039        2.039
  313       124.3           0        2.137        2.137
  314         129           0         2.23         2.23
  315       133.9           0        2.318        2.318
  316         139           0        2.402        2.402
  317       144.3           0        2.482        2.482
  318       149.8           0        2.557        2.557
  319       155.6           0        2.629        2.629
  320       161.5           0        2.697        2.697
  321       167.6           0        2.762        2.762
  322         174           0        2.823        2.823
  323       180.7           0         2.88         2.88
  324       187.6           0        2.935        2.935
  325       194.7           0        2.986        2.986
  326       202.1           0        3.034        3.034
  327       209.8           0        3.079        3.079
  328       217.8           0        3.122        3.122
  329       226.1           0        3.161        3.161
  330       234.8           0        3.198        3.198
  331       243.7           0        3.233        3.233
  332         253           0        3.265        3.265
  333       262.6           0        3.295        3.295
  334       272.7           0        3.323        3.323
  335       283.1           0        3.348        3.348
  336       293.8           0        3.372        3.372
  337       305.1           0        3.393        3.393
  338       316.7           0        3.413        3.413
  339       328.8           0         3.43         3.43
  340       341.3           0        3.446        3.446
  341       354.3           0         3.46         3.46
  342       367.8           0        3.472        3.472
  343       381.8           0        3.483        3.483
  344       396.4           0        3.492        3.492
  345       411.5           0          3.5          3.5
  346       427.2           0        3.506        3.506
  347       443.5           0        3.511        3.511
  348       460.4           0        3.514        3.514
  349       477.9           0        3.517        3.517
  350       496.2           0        3.518        3.518
  351       515.1           0        3.517        3.517
  352       534.7           0        3.516        3.516
  353       555.1           0        3.514        3.514
  354       576.3           0         3.51         3.51
  355       598.2           0        3.506        3.506
  356         621           0          3.5          3.5
  357       644.7           0        3.494        3.494
  358       669.3           0        3.487        3.487
  359       694.8           0        3.478        3.478
  360       721.3           0         3.47         3.47
  361       748.8           0         3.46         3.46
  362       777.4           0         3.45         3.45
  363         807           0        3.439        3.439
  364       837.8           0        3.427        3.427
  365       869.7           0        3.415        3.415
  366       902.9           0        3.402        3.402
  367       937.3           0        3.389        3.389
  368         973           0        3.376        3.376
  369        1010           0        3.362        3.362
  370        1049           0        3.347        3.347
  371        1089           0        3.333        3.333
  372        1130           0        3.318        3.318
  373        1173           0        3.303        3.303
  374        1218           0        3.288        3.288
  375        1264           0        3.273        3.273
  376        1313           0        3.257        3.257
  377        1363           0        3.242        3.242
  378        1415           0        3.227        3.227
  379        1469           0        3.211        3.211
  380        1524           0        3.196        3.196
  381        1583           0        3.181        3.181
  382        1643           0        3.168        3.168
  383        1706           0        3.154        3.154
  384        1771           0        3.139        3.139
  385        1838           0        3.126        3.126
  386        1908           0        3.112        3.112
  387        1981           0          3.1          3.1
  388        2056           0        3.087        3.087
  389        2135           0        3.075        3.075
  390        2216           0        3.064        3.064
  391        2301           0        3.053        3.053
  392        2388           0        3.043        3.043
  393        2480           0        3.033        3.033
  394        2574           0        3.024        3.024
  395        2672           0        3.015        3.015
  396        2774           0        3.007        3.007
  397        2880           0            3            3
  398        2990           0        2.993        2.993
  399        3104           0        2.987        2.987
  400        3222           0        2.981        2.981
  401        3345           0        2.976        2.976
  402        3472           0        2.971        2.971
  403        3605           0        2.967        2.967
  404        3742           0        2.963        2.963
  405        3885           0         2.96         2.96
  406        4033           0        2.957        2.957
  407        4187           0        2.955        2.955
  408        4346           0        2.953        2.953
  409        4512           0        2.952        2.952
  410        4684           0        2.952        2.952
  411        4863           0        2.945        2.945
  412        5048           0        2.947        2.947
  413        5241           0        2.949        2.949
  414        5440           0        2.952        2.952
  415        5648           0        2.956        2.956
  416        5863           0         2.96         2.96
  417        6087           0        2.965        2.965
  418        6319           0        2.971        2.971
  419        6560           0        2.977        2.977
  420        6810           0        2.984        2.984
  421        7069           0        2.991        2.991
  422        7339           0        2.999        2.999
  423        7619           0        3.031        3.031
  424        7909           0         3.05         3.05
  425        8211           0        3.067        3.067
  426        8524           0        3.082        3.082
  427        8849           0        3.097        3.097
  428        9186           0         3.11         3.11
  429        9536           0        3.123        3.123
  430        9900           0        3.134        3.134
  431   1.028e+04           0        3.145        3.145
  432   1.067e+04           0        3.156        3.156
  433   1.108e+04           0        3.165        3.165
  434    1.15e+04           0        3.175        3.175
  435   1.194e+04           0        3.183        3.183
  436   1.239e+04           0        3.188        3.188
  437   1.286e+04           0        3.195        3.195
  438   1.335e+04           0        3.201        3.201
  439   1.386e+04           0        3.206        3.206
  440   1.439e+04           0        3.211        3.211
  441   1.494e+04           0        3.216        3.216
  442   1.551e+04           0         3.22         3.22
  443    1.61e+04           0        3.223        3.223
  444   1.672e+04           0        3.226        3.226
  445   1.735e+04           0        3.229        3.229
  446   1.801e+04           0        3.231        3.231
  447    1.87e+04           0        3.233        3.233
  448   1.941e+04           0        3.234        3.234
  449   2.015e+04           0        3.236        3.236
  450   2.092e+04           0        3.237        3.237
  451   2.172e+04           0        3.238        3.238
  452   2.255e+04           0        3.238        3.238
  453   2.341e+04           0        3.239        3.239
  454    2.43e+04           0        3.239        3.239
  455   2.523e+04           0        3.239        3.239
  456   2.619e+04           0        3.239        3.239
  457   2.719e+04           0        3.238        3.238
  458   2.822e+04           0        3.238        3.238
  459    2.93e+04           0        3.237        3.237
  460   3.042e+04           0        3.237        3.237
  461   3.158e+04           0        3.236        3.236
  462   3.278e+04           0        3.235        3.235
  463   3.403e+04           0        3.234        3.234
  464   3.533e+04           0        3.233        3.233
  465   3.668e+04           0        3.232        3.232
  466   3.807e+04           0        3.231        3.231
  467   3.953e+04           0         3.23         3.23
  468   4.103e+04           0        3.228        3.228
  469    4.26e+04           0        3.227        3.227
  470   4.422e+04           0        3.226        3.226
  471   4.591e+04           0        3.224        3.224
  472   4.766e+04           0        3.223        3.223
  473   4.947e+04           0        3.222        3.222
  474   5.136e+04           0         3.22         3.22
  475   5.332e+04           0        3.219        3.219
  476   5.535e+04           0        3.217        3.217
  477   5.746e+04           0        3.216        3.216
  478   5.965e+04           0        3.214        3.214
  479   6.193e+04           0        3.213        3.213
  480   6.429e+04           0        3.212        3.212
  481   6.674e+04           0         3.21         3.21
  482   6.928e+04           0        3.209        3.209
  483   7.192e+04           0        3.207        3.207
  484   7.467e+04           0        3.206        3.206
  485   7.751e+04           0        3.205        3.205
  486   8.047e+04           0        3.203        3.203
  487   8.354e+04           0        3.202        3.202
  488   8.672e+04           0          3.2          3.2
  489   9.003e+04           0        3.199        3.199
  490   9.346e+04           0        3.198        3.198
  491   9.702e+04           0        3.197        3.197
  492   1.007e+05           0        3.195        3.195
  493   1.046e+05           0        3.194        3.194
  494   1.085e+05           0        3.193        3.193
  495   1.127e+05           0        3.192        3.192
  496    1.17e+05           0        3.191        3.191
  497   1.214e+05           0        3.189        3.189
  498   1.261e+05           0        3.188        3.188
  499   1.309e+05           0        3.187        3.187
  500   1.359e+05           0        3.186        3.186
  501   1.411e+05           0        3.185        3.185
  502   1.464e+05           0        3.187        3.187
  503    1.52e+05           0        3.186        3.186
  504   1.578e+05           0        3.185        3.185
  505   1.638e+05           0        3.185        3.185
  506   1.701e+05           0        3.184        3.184
  507   1.766e+05           0        3.183        3.183
  508   1.833e+05           0        3.183        3.183
  509   1.903e+05           0        3.182        3.182
  510   1.975e+05           0        3.181        3.181
  511   2.051e+05           0        3.181        3.181
  512   2.129e+05           0         3.18         3.18
  513    2.21e+05           0        3.179        3.179
  514   2.294e+05           0        3.179        3.179
  515   2.382e+05           0        3.178        3.178
  516   2.472e+05           0        3.178        3.178
  517   2.567e+05           0        3.177        3.177
  518   2.665e+05           0        3.177        3.177
  519   2.766e+05           0        3.176        3.176
  520   2.872e+05           0        3.176        3.176
  521   2.981e+05           0        3.175        3.175
  522   3.095e+05           0        3.175        3.175
  523   3.213e+05           0        3.174        3.174
  524   3.335e+05           0        3.174        3.174
  525   3.462e+05           0        3.173        3.173
  526   3.594e+05           0        3.173        3.173
  527   3.731e+05           0        3.172        3.172
  528   3.874e+05           0        3.172        3.172
  529   4.021e+05           0        3.172        3.172
  530   4.175e+05           0        3.171        3.171
  531   4.334e+05           0        3.171        3.171
  532   4.499e+05           0        3.171        3.171
  533   4.671e+05           0         3.17         3.17
  534   4.849e+05           0         3.17         3.17
  535   5.034e+05           0         3.17         3.17
  536   5.225e+05           0        3.169        3.169
  537   5.425e+05           0        3.169        3.169
  538   5.632e+05           0        3.169        3.169
  539   5.846e+05           0        3.169        3.169
  540   6.069e+05           0        3.168        3.168
  541     6.3e+05           0        3.168        3.168
  542   6.541e+05           0        3.168        3.168
  543    6.79e+05           0        3.168        3.168
  544   7.049e+05           0        3.168        3.168
  545   7.318e+05           0        3.168        3.168
  546   7.597e+05           0        3.168        3.168
  547   7.886e+05           0        3.168        3.168
  548   8.187e+05           0        3.167        3.167
  549   8.499e+05           0        3.167        3.167
  550   8.823e+05           0        3.167        3.167
  551    9.16e+05           0        3.167        3.167
  552   9.509e+05           0        3.167        3.167
  553   9.871e+05           0        3.167        3.167
  554   1.025e+06           0        3.167        3.167
  555   1.064e+06           0        3.168        3.168
  556   1.104e+06           0        3.168        3.168
  557   1.147e+06           0        3.168        3.168
  558    1.19e+06           0        3.168        3.168
  559   1.236e+06           0        3.168        3.168
  560   1.283e+06           0        3.168        3.168
  561   1.332e+06           0        3.168        3.168
  562   1.382e+06           0        3.168        3.168
  563   1.435e+06           0        3.169        3.169
  564    1.49e+06           0        3.169        3.169
  565   1.547e+06           0        3.169        3.169
  566   1.606e+06           0        3.169        3.169
  567   1.667e+06           0         3.17         3.17
  568    1.73e+06           0         3.17         3.17
  569   1.796e+06           0         3.17         3.17
  570   1.865e+06           0        3.171        3.171
  571   1.936e+06           0        3.171        3.171
  572    2.01e+06           0        3.171        3.171
  573   2.086e+06           0        3.172        3.172
  574   2.166e+06           0        3.172        3.172
  575   2.248e+06           0        3.173        3.173
  576   2.334e+06           0        3.173        3.173
  577   2.423e+06           0        3.173        3.173
  578   2.516e+06           0        3.174        3.174
  579   2.611e+06           0        3.174        3.174
  580   2.711e+06           0        3.175        3.175
  581   2.814e+06           0        3.175        3.175
  582   2.922e+06           0        3.176        3.176
  583   3.033e+06           0        3.176        3.176
  584   3.149e+06           0        3.177        3.177
  585   3.269e+06           0        3.178        3.178
  586   3.393e+06           0        3.178        3.178
  587   3.523e+06           0        3.179        3.179
  588   3.657e+06           0        3.179        3.179
  589   3.796e+06           0         3.18         3.18
  590   3.941e+06           0        3.181        3.181
  591   4.091e+06           0        3.181        3.181
  592   4.247e+06           0        3.182        3.182
  593   4.409e+06           0        3.183        3.183
  594   4.577e+06           0        3.184        3.184
  595   4.752e+06           0        3.184        3.184
  596   4.933e+06           0        3.185        3.185
  597   5.121e+06           0        3.186        3.186
  598   5.316e+06           0        3.187        3.187
  599   5.519e+06           0        3.187        3.187
  600    5.73e+06           0        3.188        3.188
  601   5.948e+06           0        3.189        3.189
  602   6.175e+06           0         3.19         3.19
  603    6.41e+06           0        3.191        3.191
  604   6.655e+06           0        3.192        3.192
  605   6.908e+06           0        3.193        3.193
  606   7.172e+06           0        3.193        3.193
  607   7.445e+06           0        3.194        3.194
  608   7.729e+06           0        3.195        3.195
  609   8.024e+06           0        3.196        3.196
  610    8.33e+06           0        3.197        3.197
  611   8.647e+06           0        3.198        3.198
  612   8.977e+06           0        3.199        3.199
  613   9.319e+06           0          3.2          3.2
  614   9.674e+06           0        3.201        3.201
  615   1.004e+07           0        3.202        3.202
  616   1.043e+07           0        3.203        3.203
  617   1.082e+07           0        3.204        3.204
  618   1.124e+07           0        3.205        3.205
  619   1.166e+07           0        3.206        3.206
  620   1.211e+07           0        3.207        3.207
  621   1.257e+07           0        3.209        3.209
  622   1.305e+07           0         3.21         3.21
  623   1.355e+07           0        3.211        3.211
  624   1.406e+07           0        3.212        3.212
  625    1.46e+07           0        3.213        3.213
  626   1.516e+07           0        3.214        3.214
  627   1.574e+07           0        3.215        3.215
  628   1.634e+07           0        3.217        3.217
  629   1.696e+07           0        3.218        3.218
  630    1.76e+07           0        3.219        3.219
  631   1.828e+07           0         3.22         3.22
  632   1.897e+07           0        3.221        3.221
  633    1.97e+07           0        3.223        3.223
  634   2.045e+07           0        3.224        3.224
  635   2.123e+07           0        3.225        3.225
  636   2.204e+07           0        3.227        3.227
  637   2.288e+07           0        3.228        3.228
  638   2.375e+07           0        3.229        3.229
  639   2.465e+07           0         3.23         3.23
  640   2.559e+07           0        3.232        3.232
  641   2.657e+07           0        3.233        3.233
  642   2.758e+07           0        3.234        3.234
  643   2.863e+07           0        3.236        3.236
  644   2.973e+07           0        3.237        3.237
  645   3.086e+07           0        3.238        3.238
  646   3.204e+07           0         3.24         3.24
  647   3.326e+07           0        3.241        3.241
  648   3.452e+07           0        3.243        3.243
  649   3.584e+07           0        3.244        3.244
  650   3.721e+07           0        3.245        3.245
  651   3.863e+07           0        3.247        3.247
  652    4.01e+07           0        3.248        3.248
  653   4.163e+07           0         3.25         3.25
  654   4.321e+07           0        3.251        3.251
  655   4.486e+07           0        3.253        3.253
  656   4.657e+07           0        3.254        3.254
  657   4.835e+07           0        3.256        3.256
  658   5.019e+07           0        3.257        3.257
  659    5.21e+07           0        3.259        3.259
  660   5.409e+07           0         3.26         3.26
  661   5.615e+07           0        3.262        3.262
  662   5.829e+07           0        3.263        3.263
  663   6.052e+07           0        3.265        3.265
  664   6.282e+07           0        3.266        3.266
  665   6.522e+07           0        3.268        3.268
  666   6.771e+07           0        3.269        3.269
  667   7.029e+07           0        3.271        3.271
  668   7.297e+07           0        3.272        3.272
  669   7.575e+07           0        3.274        3.274
  670   7.864e+07           0        3.276        3.276
  671   8.163e+07           0        3.277        3.277
  672   8.475e+07           0        3.279        3.279
  673   8.798e+07           0         3.28         3.28
  674   9.133e+07           0        3.282        3.282
  675   9.481e+07           0        3.284        3.284
  676   9.843e+07           0        3.285        3.285
  677   1.022e+08           0        3.287        3.287
  678   1.061e+08           0        3.288        3.288
  679   1.101e+08           0         3.29         3.29
  680   1.143e+08           0        3.292        3.292
  681   1.187e+08           0        3.293        3.293
  682   1.232e+08           0        3.295        3.295
  683   1.279e+08           0        3.297        3.297
  684   1.328e+08           0        3.298        3.298
  685   1.378e+08           0          3.3          3.3
  686   1.431e+08           0        3.302        3.302
  687   1.486e+08           0        3.303        3.303
  688   1.542e+08           0        3.305        3.305
  689   1.601e+08           0        3.307        3.307
  690   1.662e+08           0        3.309        3.309
  691   1.725e+08           0         3.31         3.31
  692   1.791e+08           0        3.312        3.312
  693   1.859e+08           0        3.314        3.314
  694    1.93e+08           0        3.316        3.316
  695   2.004e+08           0        3.317        3.317
  696    2.08e+08           0        3.319        3.319
  697    2.16e+08           0        3.321        3.321
  698   2.242e+08           0        3.323        3.323
  699   2.327e+08           0        3.324        3.324
  700   2.416e+08           0        3.326        3.326
  701   2.508e+08           0        3.328        3.328
  702   2.604e+08           0         3.33         3.33
  703   2.703e+08           0        3.331        3.331
  704   2.806e+08           0        3.333        3.333
  705   2.913e+08           0        3.335        3.335
  706   3.024e+08           0        3.337        3.337
  707    3.14e+08           0        3.339        3.339
  708   3.259e+08           0         3.34         3.34
  709   3.384e+08           0        3.342        3.342
  710   3.513e+08           0        3.344        3.344
  711   3.646e+08           0        3.346        3.346
  712   3.786e+08           0        3.348        3.348
  713    3.93e+08           0        3.349        3.349
  714    4.08e+08           0        3.351        3.351
  715   4.235e+08           0        3.353        3.353
  716   4.397e+08           0        3.355        3.355
  717   4.564e+08           0        3.357        3.357
  718   4.738e+08           0        3.359        3.359
  719   4.919e+08           0         3.36         3.36
  720   5.107e+08           0        3.362        3.362
  721   5.301e+08           0        3.364        3.364
  722   5.503e+08           0        3.366        3.366
  723   5.713e+08           0        3.368        3.368
  724   5.931e+08           0         3.37         3.37
  725   6.157e+08           0        3.372        3.372
  726   6.392e+08           0        3.373        3.373
  727   6.636e+08           0        3.375        3.375
  728   6.889e+08           0        3.377        3.377
  729   7.151e+08           0        3.379        3.379
  730   7.424e+08           0        3.381        3.381
  731   7.707e+08           0        3.383        3.383
  732   8.001e+08           0        3.385        3.385
  733   8.306e+08           0        3.387        3.387
  734   8.622e+08           0        3.389        3.389
  735   8.951e+08           0         3.39         3.39
  736   9.292e+08           0        3.392        3.392
  737   9.647e+08           0        3.394        3.394
  738   1.001e+09           0        3.396        3.396
  739    1.04e+09           0        3.398        3.398
  740   1.079e+09           0          3.4          3.4
  741    1.12e+09           0        3.402        3.402
  742   1.163e+09           0        3.404        3.404
  743   1.207e+09           0        3.406        3.406
  744   1.254e+09           0        3.408        3.408
  745   1.301e+09           0         3.41         3.41
  746   1.351e+09           0        3.411        3.411
  747   1.402e+09           0        3.413        3.413
  748   1.456e+09           0        3.415        3.415
  749   1.511e+09           0        3.417        3.417
  750   1.569e+09           0        3.419        3.419
  751   1.629e+09           0        3.421        3.421
  752   1.691e+09           0        3.423        3.423
  753   1.755e+09           0        3.425        3.425
  754   1.822e+09           0        3.427        3.427
  755   1.892e+09           0        3.429        3.429
  756   1.964e+09           0        3.431        3.431
  757   2.039e+09           0        3.433        3.433
  758   2.117e+09           0        3.435        3.435
  759   2.197e+09           0        3.437        3.437
  760   2.281e+09           0        3.439        3.439
  761   2.368e+09           0        3.441        3.441
  762   2.458e+09           0        3.443        3.443
  763   2.552e+09           0        3.445        3.445
  764   2.649e+09           0        3.446        3.446
  765    2.75e+09           0        3.448        3.448
  766   2.855e+09           0         3.45         3.45
  767   2.964e+09           0        3.452        3.452
  768   3.077e+09           0        3.454        3.454
  769   3.194e+09           0        3.456        3.456
  770   3.316e+09           0        3.458        3.458
  771   3.443e+09           0         3.46         3.46
  772   3.574e+09           0        3.462        3.462
  773    3.71e+09           0        3.464        3.464
  774   3.851e+09           0        3.466        3.466
  775   3.998e+09           0        3.468        3.468
  776   4.151e+09           0         3.47         3.47
  777   4.309e+09           0        3.472        3.472
  778   4.473e+09           0        3.474        3.474
  779   4.644e+09           0        3.476        3.476
  780   4.821e+09           0        3.478        3.478
  781   5.005e+09           0         3.48         3.48
  782   5.195e+09           0        3.482        3.482
  783   5.394e+09           0        3.484        3.484
  784   5.599e+09           0        3.486        3.486
  785   5.813e+09           0        3.488        3.488
  786   6.034e+09           0         3.49         3.49
  787   6.264e+09           0        3.492        3.492
  788   6.503e+09           0        3.494        3.494
  789   6.751e+09           0        3.496        3.496
  790   7.008e+09           0        3.498        3.498
  791   7.276e+09           0          3.5          3.5
  792   7.553e+09           0        3.502        3.502
  793   7.841e+09           0        3.504        3.504
  794    8.14e+09           0        3.506        3.506
  795    8.45e+09           0        3.508        3.508
  796   8.773e+09           0         3.51         3.51
  797   9.107e+09           0        3.512        3.512
  798   9.454e+09           0        3.514        3.514
  799   9.815e+09           0        3.516        3.516
-------------------------------------------------------------
### O16 5 GeV on G4_W xs/X0= 15.3202
G4 kernel has come to Quit state.
================== Deleting memory pools ===================
Number of memory pools allocated: 11; of which, static: 0
Dynamic pools deleted: 11 / Total memory freed: 0.094 MB
============================================================
RunManagerKernel is deleted. Good bye :)
