
**************************************************************
 Geant4 version Name: geant4-11-02 [MT]   (8-December-2023)
  << in Multi-threaded mode >> 
                       Copyright : Geant4 Collaboration
                      References : NIM A 506 (2003), 250-303
                                 : IEEE-TNS 53 (2006), 270-278
                                 : NIM A 835 (2016), 186-225
                             WWW : http://geant4.org/
**************************************************************

/run/verbose 2
#
/testhadr/det/setMat G4_Bi
#
/run/initialize

==========================================================================================
G4TaskRunManager :: Using G4ThreadPool...
==========================================================================================

userDetector->Construct() start.

 The Box is 10 m   of G4_Bi
 
 Material:    G4_Bi    density:  9.747 g/cm3   RadL:   6.454 mm   Nucl.Int.Length:  21.309 cm 
                       Imean: 823.000 eV   temperature: 293.15 K  pressure:   1.00 atm

   --->  Element: Bi (Bi)   Z = 83.0   N =   209   A = 208.980 g/mole
         --->  Isotope: Bi209   Z = 83   N = 209   A = 208.98 g/mole   abundance: 100.000 %
          ElmMassFraction: 100.00 %  ElmAbundance 100.00 % 

G4_Bi is registered to the default region.
physicsList->Construct() start.

 hInelastic FTFP_BERT : threshold between BERT and FTFP is over the interval 
 for pions :   3 to 6 GeV
 for kaons :   3 to 6 GeV
 for proton :  3 to 6 GeV
 for neutron : 3 to 6 GeV

=======================================================================
======                 Electromagnetic Physics Parameters      ========
=======================================================================
LPM effect enabled                                 1
Enable creation and use of sampling tables         0
Apply cuts on all EM processes                     0
Use combined TransportationWithMsc                 Disabled
Use general process                                0
Enable linear polarisation for gamma               0
Enable photoeffect sampling below K-shell          1
Enable sampling of quantum entanglement            0
X-section factor for integral approach             0.8
Min kinetic energy for tables                      100 eV 
Max kinetic energy for tables                      100 TeV
Number of bins per decade of a table               7
Verbose level                                      1
Verbose level for worker thread                    0
Bremsstrahlung energy threshold above which 
  primary e+- is added to the list of secondary    100 TeV
Bremsstrahlung energy threshold above which primary
  muon/hadron is added to the list of secondary    100 TeV
Lowest triplet kinetic energy                      1 MeV
Enable sampling of gamma linear polarisation       0
5D gamma conversion model type                     0
5D gamma conversion model on isolated ion          0
Livermore data directory                           epics_2017
=======================================================================
======                 Ionisation Parameters                   ========
=======================================================================
Step function for e+-                              (0.2, 1 mm)
Step function for muons/hadrons                    (0.2, 0.1 mm)
Step function for light ions                       (0.2, 0.1 mm)
Step function for general ions                     (0.2, 0.1 mm)
Lowest e+e- kinetic energy                         1 keV
Lowest muon/hadron kinetic energy                  1 keV
Use ICRU90 data                                    0
Fluctuations of dE/dx are enabled                  1
Type of fluctuation model for leptons and hadrons  Universal
Use built-in Birks satuaration                     0
Build CSDA range enabled                           0
Use cut as a final range enabled                   0
Enable angular generator interface                 0
Max kinetic energy for CSDA tables                 1 GeV
Max kinetic energy for NIEL computation            0 eV 
Linear loss limit                                  0.01
Read data from file for e+e- pair production by mu 0
=======================================================================
======                 Multiple Scattering Parameters          ========
=======================================================================
Type of msc step limit algorithm for e+-           1
Type of msc step limit algorithm for muons/hadrons 0
Msc lateral displacement for e+- enabled           1
Msc lateral displacement for muons and hadrons     0
Urban msc model lateral displacement alg96         1
Range factor for msc step limit for e+-            0.04
Range factor for msc step limit for muons/hadrons  0.2
Geometry factor for msc step limitation of e+-     2.5
Safety factor for msc step limit for e+-           0.6
Skin parameter for msc step limitation of e+-      1
Lambda limit for msc step limit for e+-            1 mm
Use Mott correction for e- scattering              0
Factor used for dynamic computation of angular 
  limit between single and multiple scattering     1
Fixed angular limit between single 
  and multiple scattering                          3.1416 rad
Upper energy limit for e+- multiple scattering     100 MeV
Type of electron single scattering model           0
Type of nuclear form-factor                        1
Screening factor                                   1
=======================================================================
======                 Atomic Deexcitation Parameters          ========
=======================================================================
Fluorescence enabled                               1
Directory in G4LEDATA for fluorescence data files  fluor
Auger electron cascade enabled                     1
PIXE atomic de-excitation enabled                  0
De-excitation module ignores cuts                  1
Type of PIXE cross section for hadrons             Empirical
Type of PIXE cross section for e+-                 Livermore
=======================================================================

### ===  Deexcitation model UAtomDeexcitation is activated for 1 region:
### ===  Auger flag: 1
### ===  Ignore cuts flag:   1
physicsList->CheckParticleList() start.
physicsList->setCut() start.
/run/physicsModified
======================================================================
======          Radioactive Decay Physics Parameters           =======
======================================================================
min MeanLife (from G4NuclideTable)                1 ps 
Max life time (from G4DeexPrecoParameters)        1 ps 
Internal e- conversion flag                       1
Stored internal conversion coefficients           1
Enabled atomic relaxation mode                    1
Enable correlated gamma emission                  0
Max 2J for sampling of angular correlations       10
Atomic de-excitation enabled                      1
Auger electron emission enabled                   1
Check EM cuts disabled for atomic de-excitation   1
Use Bearden atomic level energies                 0
Use ANSTO fluorescence model                      0
Threshold for very long decay time at rest        1 y  
======================================================================

====================================================================
                  HADRONIC PROCESSES SUMMARY (verbose level 1)
-----------------------------------------------------------------------
                           Hadronic Processes for B-
  Process: hadElastic
        Model:              hElasticLHEP: 0 eV  ---> 100 TeV
     Cr_sctns:            Glauber-Gribov: 0 eV  ---> 100 TeV
  Process: B-Inelastic
        Model:                      FTFP: 0 eV  ---> 100 TeV
     Cr_sctns:            Glauber-Gribov: 0 eV  ---> 100 TeV
-----------------------------------------------------------------------
                           Hadronic Processes for D-
  Process: hadElastic
        Model:              hElasticLHEP: 0 eV  ---> 100 TeV
     Cr_sctns:            Glauber-Gribov: 0 eV  ---> 100 TeV
  Process: D-Inelastic
        Model:                      FTFP: 0 eV  ---> 100 TeV
     Cr_sctns:            Glauber-Gribov: 0 eV  ---> 100 TeV
-----------------------------------------------------------------------
                           Hadronic Processes for GenericIon
  Process: ionElastic
        Model:          NNDiffuseElastic: 0 eV /n ---> 100 TeV/n
     Cr_sctns:  Glauber-Gribov Nucl-nucl: 0 eV  ---> 25.6 PeV
  Process: ionInelastic
        Model:  Binary Light Ion Cascade: 0 eV /n ---> 6 GeV/n
        Model:                      FTFP: 3 GeV/n ---> 100 TeV/n
     Cr_sctns:  Glauber-Gribov Nucl-nucl: 0 eV  ---> 25.6 PeV
  Process: Radioactivation
-----------------------------------------------------------------------
                           Hadronic Processes for He3
  Process: hadElastic
        Model:              hElasticLHEP: 0 eV /n ---> 100 TeV/n
     Cr_sctns:  Glauber-Gribov Nucl-nucl: 0 eV  ---> 25.6 PeV
  Process: He3Inelastic
        Model:  Binary Light Ion Cascade: 0 eV /n ---> 6 GeV/n
        Model:                      FTFP: 3 GeV/n ---> 100 TeV/n
     Cr_sctns:     G4ParticleInelasticXS: 0 eV  ---> 25.6 PeV
-----------------------------------------------------------------------
                           Hadronic Processes for alpha
  Process: hadElastic
        Model:              hElasticLHEP: 0 eV /n ---> 100 TeV/n
     Cr_sctns:  Glauber-Gribov Nucl-nucl: 0 eV  ---> 25.6 PeV
  Process: alphaInelastic
        Model:  Binary Light Ion Cascade: 0 eV /n ---> 6 GeV/n
        Model:                      FTFP: 3 GeV/n ---> 100 TeV/n
     Cr_sctns:     G4ParticleInelasticXS: 0 eV  ---> 25.6 PeV
-----------------------------------------------------------------------
                           Hadronic Processes for anti_He3
  Process: hadElastic
        Model:              hElasticLHEP: 0 eV /n ---> 100.1 MeV/n
        Model:              AntiAElastic: 100 MeV/n ---> 100 TeV/n
     Cr_sctns:              AntiAGlauber: 0 eV  ---> 25.6 PeV
  Process: anti_He3Inelastic
        Model:                      FTFP: 0 eV /n ---> 100 TeV/n
     Cr_sctns:              AntiAGlauber: 0 eV  ---> 25.6 PeV
-----------------------------------------------------------------------
                           Hadronic Processes for anti_alpha
  Process: hadElastic
        Model:              hElasticLHEP: 0 eV /n ---> 100.1 MeV/n
        Model:              AntiAElastic: 100 MeV/n ---> 100 TeV/n
     Cr_sctns:              AntiAGlauber: 0 eV  ---> 25.6 PeV
  Process: anti_alphaInelastic
        Model:                      FTFP: 0 eV /n ---> 100 TeV/n
     Cr_sctns:              AntiAGlauber: 0 eV  ---> 25.6 PeV
-----------------------------------------------------------------------
                           Hadronic Processes for anti_deuteron
  Process: hadElastic
        Model:              hElasticLHEP: 0 eV /n ---> 100.1 MeV/n
        Model:              AntiAElastic: 100 MeV/n ---> 100 TeV/n
     Cr_sctns:              AntiAGlauber: 0 eV  ---> 25.6 PeV
  Process: anti_deuteronInelastic
        Model:                      FTFP: 0 eV /n ---> 100 TeV/n
     Cr_sctns:              AntiAGlauber: 0 eV  ---> 25.6 PeV
-----------------------------------------------------------------------
                           Hadronic Processes for anti_lambda
  Process: hadElastic
        Model:              hElasticLHEP: 0 eV  ---> 100 TeV
     Cr_sctns:            Glauber-Gribov: 0 eV  ---> 100 TeV
  Process: anti_lambdaInelastic
        Model:                      FTFP: 0 eV  ---> 100 TeV
     Cr_sctns:            Glauber-Gribov: 0 eV  ---> 100 TeV
-----------------------------------------------------------------------
                           Hadronic Processes for anti_neutron
  Process: hadElastic
        Model:              hElasticLHEP: 0 eV  ---> 100.1 MeV
        Model:              AntiAElastic: 100 MeV ---> 100 TeV
     Cr_sctns:              AntiAGlauber: 0 eV  ---> 25.6 PeV
  Process: anti_neutronInelastic
        Model:                      FTFP: 0 eV  ---> 100 TeV
     Cr_sctns:              AntiAGlauber: 0 eV  ---> 25.6 PeV
-----------------------------------------------------------------------
                           Hadronic Processes for anti_proton
  Process: hadElastic
        Model:              hElasticLHEP: 0 eV  ---> 100.1 MeV
        Model:              AntiAElastic: 100 MeV ---> 100 TeV
     Cr_sctns:              AntiAGlauber: 0 eV  ---> 25.6 PeV
  Process: anti_protonInelastic
        Model:                      FTFP: 0 eV  ---> 100 TeV
     Cr_sctns:              AntiAGlauber: 0 eV  ---> 25.6 PeV
-----------------------------------------------------------------------
                           Hadronic Processes for anti_triton
  Process: hadElastic
        Model:              hElasticLHEP: 0 eV /n ---> 100.1 MeV/n
        Model:              AntiAElastic: 100 MeV/n ---> 100 TeV/n
     Cr_sctns:              AntiAGlauber: 0 eV  ---> 25.6 PeV
  Process: anti_tritonInelastic
        Model:                      FTFP: 0 eV /n ---> 100 TeV/n
     Cr_sctns:              AntiAGlauber: 0 eV  ---> 25.6 PeV
-----------------------------------------------------------------------
                           Hadronic Processes for deuteron
  Process: hadElastic
        Model:              hElasticLHEP: 0 eV /n ---> 100 TeV/n
     Cr_sctns:  Glauber-Gribov Nucl-nucl: 0 eV  ---> 25.6 PeV
  Process: dInelastic
        Model:  Binary Light Ion Cascade: 0 eV /n ---> 6 GeV/n
        Model:                      FTFP: 3 GeV/n ---> 100 TeV/n
     Cr_sctns:     G4ParticleInelasticXS: 0 eV  ---> 100 TeV
-----------------------------------------------------------------------
                           Hadronic Processes for gamma
  Process: photonNuclear
        Model:               GammaNPreco: 0 eV  ---> 200 MeV
        Model:            BertiniCascade: 199 MeV ---> 10 GeV
     Cr_sctns:            PhotoNuclearXS: 0 eV  ---> 100 TeV
-----------------------------------------------------------------------
                           Hadronic Processes for kaon+
  Process: hadElastic
        Model:              hElasticLHEP: 0 eV  ---> 100 TeV
     Cr_sctns:            Glauber-Gribov: 0 eV  ---> 100 TeV
  Process: kaon+Inelastic
        Model:                      FTFP: 3 GeV ---> 100 TeV
        Model:            BertiniCascade: 0 eV  ---> 6 GeV
     Cr_sctns:            Glauber-Gribov: 0 eV  ---> 100 TeV
-----------------------------------------------------------------------
                           Hadronic Processes for kaon-
  Process: hadElastic
        Model:              hElasticLHEP: 0 eV  ---> 100 TeV
     Cr_sctns:            Glauber-Gribov: 0 eV  ---> 100 TeV
  Process: kaon-Inelastic
        Model:                      FTFP: 3 GeV ---> 100 TeV
        Model:            BertiniCascade: 0 eV  ---> 6 GeV
     Cr_sctns:            Glauber-Gribov: 0 eV  ---> 100 TeV
-----------------------------------------------------------------------
                           Hadronic Processes for lambda
  Process: hadElastic
        Model:              hElasticLHEP: 0 eV  ---> 100 TeV
     Cr_sctns:            Glauber-Gribov: 0 eV  ---> 100 TeV
  Process: lambdaInelastic
        Model:                      FTFP: 3 GeV ---> 100 TeV
        Model:            BertiniCascade: 0 eV  ---> 6 GeV
     Cr_sctns:            Glauber-Gribov: 0 eV  ---> 100 TeV
-----------------------------------------------------------------------
                           Hadronic Processes for neutron
  Process: hadElastic
        Model:             hElasticCHIPS: 0 eV  ---> 100 TeV
     Cr_sctns:        G4NeutronElasticXS: 0 eV  ---> 100 TeV
  Process: neutronInelastic
        Model:                      FTFP: 3 GeV ---> 100 TeV
        Model:            BertiniCascade: 0 eV  ---> 6 GeV
     Cr_sctns:      G4NeutronInelasticXS: 0 eV  ---> 100 TeV
  Process: nCapture
        Model:               nRadCapture: 0 eV  ---> 100 TeV
     Cr_sctns:        G4NeutronCaptureXS: 0 eV  ---> 100 TeV
-----------------------------------------------------------------------
                           Hadronic Processes for pi+
  Process: hadElastic
        Model:           hElasticGlauber: 0 eV  ---> 100 TeV
     Cr_sctns:  BarashenkovGlauberGribov: 0 eV  ---> 100 TeV
  Process: pi+Inelastic
        Model:                      FTFP: 3 GeV ---> 100 TeV
        Model:            BertiniCascade: 0 eV  ---> 6 GeV
     Cr_sctns:  BarashenkovGlauberGribov: 0 eV  ---> 100 TeV
-----------------------------------------------------------------------
                           Hadronic Processes for pi-
  Process: hadElastic
        Model:           hElasticGlauber: 0 eV  ---> 100 TeV
     Cr_sctns:  BarashenkovGlauberGribov: 0 eV  ---> 100 TeV
  Process: pi-Inelastic
        Model:                      FTFP: 3 GeV ---> 100 TeV
        Model:            BertiniCascade: 0 eV  ---> 6 GeV
     Cr_sctns:  BarashenkovGlauberGribov: 0 eV  ---> 100 TeV
-----------------------------------------------------------------------
                           Hadronic Processes for proton
  Process: hadElastic
        Model:             hElasticCHIPS: 0 eV  ---> 100 TeV
     Cr_sctns:  BarashenkovGlauberGribov: 0 eV  ---> 100 TeV
  Process: protonInelastic
        Model:                      FTFP: 3 GeV ---> 100 TeV
        Model:            BertiniCascade: 0 eV  ---> 6 GeV
     Cr_sctns:  BarashenkovGlauberGribov: 0 eV  ---> 100 TeV
-----------------------------------------------------------------------
                           Hadronic Processes for sigma-
  Process: hadElastic
        Model:              hElasticLHEP: 0 eV  ---> 100 TeV
     Cr_sctns:            Glauber-Gribov: 0 eV  ---> 100 TeV
  Process: sigma-Inelastic
        Model:                      FTFP: 3 GeV ---> 100 TeV
        Model:            BertiniCascade: 0 eV  ---> 6 GeV
     Cr_sctns:            Glauber-Gribov: 0 eV  ---> 100 TeV
-----------------------------------------------------------------------
                           Hadronic Processes for triton
  Process: hadElastic
        Model:              hElasticLHEP: 0 eV /n ---> 100 TeV/n
     Cr_sctns:  Glauber-Gribov Nucl-nucl: 0 eV  ---> 25.6 PeV
  Process: tInelastic
        Model:  Binary Light Ion Cascade: 0 eV /n ---> 6 GeV/n
        Model:                      FTFP: 3 GeV/n ---> 100 TeV/n
     Cr_sctns:     G4ParticleInelasticXS: 0 eV  ---> 25.6 PeV
  Process: Radioactivation
=======================================================================
======       Geant4 Native Pre-compound Model Parameters       ========
=======================================================================
Type of pre-compound inverse x-section              3
Pre-compound model active                           1
Pre-compound excitation low energy                  100 keV
Pre-compound excitation high energy                 30 MeV
Angular generator for pre-compound model            1
Use NeverGoBack option for pre-compound model       0
Use SoftCutOff option for pre-compound model        0
Use CEM transitions for pre-compound model          1
Use GNASH transitions for pre-compound model        0
Use HETC submodel for pre-compound model            0
=======================================================================
======       Nuclear De-excitation Module Parameters           ========
=======================================================================
Type of de-excitation inverse x-section             3
Type of de-excitation factory                       Evaporation+GEM
Number of de-excitation channels                    68
Min excitation energy                               10 eV 
Min energy per nucleon for multifragmentation       200 GeV
Limit excitation energy for Fermi BreakUp           20 MeV
Level density (1/MeV)                               0.075
Use simple level density model                      1
Use discrete excitation energy of the residual      1
Time limit for long lived isomeres                  1 ps 
Isomer production flag                              1
Internal e- conversion flag                         1
Store e- internal conversion data                   1
Correlated gamma emission flag                      0
Max 2J for sampling of angular correlations         10
=======================================================================
Start closing geometry.
G4GeometryManager::ReportVoxelStats -- Voxel Statistics

    Total memory consumed for geometry optimisation:   0 kByte
    Total CPU time elapsed for geometry optimisation: 0 seconds

==============================================================================
--> G4TaskRunManager::ComputeNumberOfTasks() --> 0 tasks with 1 events/task...
==============================================================================


=========================================================================
--> G4TaskRunManager::CreateAndStartWorkers() --> Initializing workers...
=========================================================================

G4WT0 > /run/verbose 2
G4WT0 > /run/initialize 
G4WT0 > /run/physicsModified 
G4WT0 > /control/verbose 2
G4WT0 > /run/verbose 2
G4WT0 > /run/initialize 
G4WT0 > /run/physicsModified 
#
/gun/particle proton
/gun/energy 1 TeV
#
/process/list
     Transportation,         hadElastic,         hadElastic,         hadElastic
         hadElastic,         hadElastic,         hadElastic,         hadElastic
         hadElastic,         hadElastic,         hadElastic,         hadElastic
         hadElastic,         hadElastic,         hadElastic,         hadElastic
         hadElastic,         hadElastic,         hadElastic,         hadElastic
         hadElastic,         hadElastic,         hadElastic,         hadElastic
         hadElastic,         hadElastic,         hadElastic,         hadElastic
         hadElastic,         hadElastic,         hadElastic,         hadElastic
         hadElastic,         hadElastic,         hadElastic,         hadElastic
         hadElastic,         hadElastic,         hadElastic,         hadElastic
         hadElastic,         hadElastic,         hadElastic,         hadElastic
         hadElastic,         hadElastic,         hadElastic,         hadElastic
         hadElastic,         hadElastic,         hadElastic,         hadElastic
         hadElastic,         hadElastic,         hadElastic,         hadElastic
         hadElastic,         hadElastic,         hadElastic,         hadElastic
         hadElastic,   neutronInelastic,           nCapture,    protonInelastic
       pi+Inelastic,       pi-Inelastic,     kaon+Inelastic,     kaon-Inelastic
    kaon0LInelastic,    kaon0SInelastic,anti_protonInelastic,anti_neutronInelastic
anti_deuteronInelastic,anti_tritonInelastic,  anti_He3Inelastic,anti_alphaInelastic
    lambdaInelastic,    sigma+Inelastic,    sigma-Inelastic,       xi0Inelastic
       xi-Inelastic,    omega-Inelastic,anti_lambdaInelastic,anti_sigma+Inelastic
anti_sigma-Inelastic,  anti_xi0Inelastic,  anti_xi-Inelastic,anti_omega-Inelastic
        D+Inelastic,        D0Inelastic,        D-Inelastic,   anti_D0Inelastic
       Ds+Inelastic,       Ds-Inelastic,        B+Inelastic,        B0Inelastic
        B-Inelastic,   anti_B0Inelastic,       Bs0Inelastic,  anti_Bs0Inelastic
       Bc+Inelastic,       Bc-Inelastic, lambda_c+Inelastic,     xi_c+Inelastic
     xi_c0Inelastic,  omega_c0Inelastic,  lambda_bInelastic,     xi_b0Inelastic
     xi_b-Inelastic,  omega_b-Inelastic,anti_lambda_c+Inelastic,anti_xi_c+Inelastic
anti_xi_c0Inelastic,anti_omega_c0Inelastic,anti_lambda_bInelastic,anti_xi_b0Inelastic
anti_xi_b-Inelastic,anti_omega_b-Inelastic,         ionElastic,         dInelastic
         tInelastic,       He3Inelastic,     alphaInelastic,       ionInelastic
      photonNuclear,    Radioactivation,    Radioactivation
/process/inactivate hadElastic
/run/physicsModified
#
/analysis/setFileName inelastic
/analysis/h1/set 2 100 0. 8000 keV
/analysis/h1/set 8 100 0. 400 keV
/analysis/h1/set 11 100 -10 +0 MeV
/analysis/h1/set 14 100 0 1 TeV
# type n_bins min_bin max_bin
### Sim 1e4 events and print progress after every 1e3 events
/run/printProgress 1000
/run/beamOn 5
/run/physicsModified

Region <DefaultRegionForTheWorld> --  -- appears in <G4_Bi> world volume
 This region is in the mass world.
 Root logical volume(s) : G4_Bi 
 Pointers : G4VUserRegionInformation[0], G4UserLimits[0], G4FastSimulationManager[0], G4UserSteppingAction[0]
 Materials : G4_Bi 
 Production cuts :   gamma 1 mm      e- 1 mm      e+ 1 mm  proton 0 fm 

Region <DefaultRegionForParallelWorld> --  -- is not associated to any world.
 Root logical volume(s) : 
 Pointers : G4VUserRegionInformation[0], G4UserLimits[0], G4FastSimulationManager[0], G4UserSteppingAction[0]
 Materials : 
 Production cuts :   gamma 1 mm      e- 1 mm      e+ 1 mm  proton 0 fm 

========= Table of registered couples ============================

Index : 0     used in the geometry : Yes
 Material : G4_Bi
 Range cuts        :  gamma  1 mm     e-  1 mm     e+  1 mm  proton 0 fm 
 Energy thresholds :  gamma  99.6412 keV    e-  1.20169 MeV    e+  1.1262 MeV proton 0 eV 
 Region(s) which use this couple : 
    DefaultRegionForTheWorld

==================================================================

### Run 0 starts.

------- MixMaxRng engine status -------
 Current state vector is:
mixmax state, file version 1.0
N=17; V[N]={906770732717044781, 629165745432651234, 1235682547346241386, 68420008233404568, 2262190991329242458, 2266470399991071809, 1976726662926872232, 245458862506414172, 1955974201201518530, 2155248512522080758, 604170912935414061, 1116171330120743511, 1861018313684488333, 1296715403254578286, 1549011045957234151, 370819759640195970, 2230139271784837643}; counter= 17sumtot= 1977567618660788324
---------------------------------------
... set ntuple merging row mode : row-wise - done
... create file : inelastic.root - done
... open analysis file : inelastic.root - done
... open analysis file : inelastic.root - done
G4WT0 > /gun/particle proton
G4WT0 > /gun/energy 1 TeV
G4WT0 > /process/list 
G4WT0 >      Transportation,         hadElastic,         hadElastic,         hadElastic
G4WT0 >          hadElastic,         hadElastic,         hadElastic,         hadElastic
G4WT0 >          hadElastic,         hadElastic,         hadElastic,         hadElastic
G4WT0 >          hadElastic,         hadElastic,         hadElastic,         hadElastic
G4WT0 >          hadElastic,         hadElastic,         hadElastic,         hadElastic
G4WT0 >          hadElastic,         hadElastic,         hadElastic,         hadElastic
G4WT0 >          hadElastic,         hadElastic,         hadElastic,         hadElastic
G4WT0 >          hadElastic,         hadElastic,         hadElastic,         hadElastic
G4WT0 >          hadElastic,         hadElastic,         hadElastic,         hadElastic
G4WT0 >          hadElastic,         hadElastic,         hadElastic,         hadElastic
G4WT0 >          hadElastic,         hadElastic,         hadElastic,         hadElastic
G4WT0 >          hadElastic,         hadElastic,         hadElastic,         hadElastic
G4WT0 >          hadElastic,         hadElastic,         hadElastic,         hadElastic
G4WT0 >          hadElastic,         hadElastic,         hadElastic,         hadElastic
G4WT0 >          hadElastic,         hadElastic,         hadElastic,         hadElastic
G4WT0 >          hadElastic,   neutronInelastic,           nCapture,    protonInelastic
G4WT0 >        pi+Inelastic,       pi-Inelastic,     kaon+Inelastic,     kaon-Inelastic
G4WT0 >     kaon0LInelastic,    kaon0SInelastic,anti_protonInelastic,anti_neutronInelastic
G4WT0 > anti_deuteronInelastic,anti_tritonInelastic,  anti_He3Inelastic,anti_alphaInelastic
G4WT0 >     lambdaInelastic,    sigma+Inelastic,    sigma-Inelastic,       xi0Inelastic
G4WT0 >        xi-Inelastic,    omega-Inelastic,anti_lambdaInelastic,anti_sigma+Inelastic
G4WT0 > anti_sigma-Inelastic,  anti_xi0Inelastic,  anti_xi-Inelastic,anti_omega-Inelastic
G4WT0 >         D+Inelastic,        D0Inelastic,        D-Inelastic,   anti_D0Inelastic
G4WT0 >        Ds+Inelastic,       Ds-Inelastic,        B+Inelastic,        B0Inelastic
G4WT0 >         B-Inelastic,   anti_B0Inelastic,       Bs0Inelastic,  anti_Bs0Inelastic
G4WT0 >        Bc+Inelastic,       Bc-Inelastic, lambda_c+Inelastic,     xi_c+Inelastic
G4WT0 >      xi_c0Inelastic,  omega_c0Inelastic,  lambda_bInelastic,     xi_b0Inelastic
G4WT0 >      xi_b-Inelastic,  omega_b-Inelastic,anti_lambda_c+Inelastic,anti_xi_c+Inelastic
G4WT0 > anti_xi_c0Inelastic,anti_omega_c0Inelastic,anti_lambda_bInelastic,anti_xi_b0Inelastic
G4WT0 > anti_xi_b-Inelastic,anti_omega_b-Inelastic,         ionElastic,         dInelastic
G4WT0 >          tInelastic,       He3Inelastic,     alphaInelastic,       ionInelastic
G4WT0 >       photonNuclear,    Radioactivation,    Radioactivation
G4WT0 > /process/inactivate hadElastic
G4WT0 > /run/physicsModified
G4WT0 > /run/physicsModified 
G4WT0 > /analysis/setFileName inelastic
G4WT0 > /analysis/h1/set 2 100 0. 8000 keV
G4WT0 > /analysis/h1/set 8 100 0. 400 keV
G4WT0 > /analysis/h1/set 11 100 -10 +0 MeV
G4WT0 > /analysis/h1/set 14 100 0 1 TeV
G4WT0 > /run/printProgress 1000
G4WT0 > /run/physicsModified 

========================================================================================
--> G4TaskRunManager::CreateAndStartWorkers() --> Creating 2 tasks with 2 events/task...
========================================================================================

Adding task 0 to task-group...
Adding task 1 to task-group...
Adding task 2 to task-group...
G4WT0 > ### Run 0 starts on worker thread 0.
G4WT0 > ... set ntuple merging row mode : row-wise - done
G4WT0 > ... create file : inelastic_t0.root - done
G4WT0 > ... open analysis file : inelastic.root - done
G4WT0 > ... open analysis file : inelastic_t0.root - done
G4WT0 > --> Event 0 starts with initial seeds (13049039,61775110).
G4WT0 > [thread 0] Thread-local run terminated.
G4WT0 > [thread 0] Run Summary
G4WT0 > [thread 0]   Number of events processed : 5
G4WT0 > [thread 0]   User=0.000000s Real=0.000291s Sys=0.000000s [Cpu=0.0%]
G4WT0 > ... write file : inelastic_t0.root - done
G4WT0 > ... close file : inelastic_t0.root - done
G4WT0 > ... delete empty file : inelastic_t0.root - done
 Run terminated.
Run Summary
  Number of events processed : 5
  User=0.140000s Real=0.177617s Sys=0.010000s [Cpu=84.5%]

 The run is 5 proton of 1 TeV through 10 m   of G4_Bi (density: 9.747 g/cm3 )

 Process calls frequency:
	protonInelastic= 5


 MeanFreePath:	27.919 cm  +- 20.21 cm 	massic: 272.12 g/cm2 
 CrossSection:	0.035818 cm^-1 		massic: 367.48 um2/mg
 crossSection per atom:	1.2752 barn  

 Verification: crossSections from G4HadronicProcessStore

     protonInelastic = 545.31 um2/mg	1.8923 barn  
               total = 545.31 um2/mg	1.8923 barn  

 List of nuclear reactions: 

  proton + Bi209 --> N gamma or e- + 10 pi+ + 11 pi- + 16 pi0 + 2 eta + 2 kaon+ + 16 proton + 16 neutron + lambda + sigma0 + alpha + 2 deuteron + triton + Pr134[611.000Y] + Li6:       1   Q = -9.0023 GeV
  proton + Bi209 --> N gamma or e- + 10 pi+ + 12 pi- + 14 pi0 + eta + 2 kaon+ + kaon- + 2 kaon0L + 2 kaon0S + 12 proton + 16 neutron + sigma0 + Ta169:       1   Q = -9.5223 GeV
  proton + Bi209 --> N gamma or e- + 15 pi+ + 14 pi- + 16 pi0 + 2 kaon+ + kaon- + kaon0S + 16 proton + 16 neutron + deuteron + Pm143[2929.910]:       1   Q = -9.3171 GeV
  proton + Bi209 --> N gamma or e- + 15 pi+ + 15 pi- + 9 pi0 + eta + 2 kaon+ + 2 kaon- + 16 proton + 16 neutron + 2 alpha + 2 deuteron + triton + Cs126:       1   Q = -8.4289 GeV
  proton + Bi209 --> N gamma or e- + 8 pi+ + 10 pi- + 14 pi0 + eta + kaon+ + 7 proton + 16 neutron + sigma+ + 2 deuteron + Er158[4229.540] + N15:       1   Q = -5.9301 GeV

                          number of gamma or e- (ic): N = 4 --> 8

 List of generated particles:
          Cs126:       1  Emean =   4.768 MeV	( 4.768 MeV --> 4.768 MeV)
  Er158[4229.540]:       1  Emean =  8.6854 MeV	( 8.6854 MeV --> 8.6854 MeV)
            Li6:       1  Emean =  13.674 MeV	( 13.674 MeV --> 13.674 MeV)
            N15:       1  Emean =  44.771 MeV	( 44.771 MeV --> 44.771 MeV)
  Pm143[2929.910]:       1  Emean =  3.9533 MeV	( 3.9533 MeV --> 3.9533 MeV)
  Pr134[611.000Y]:       1  Emean =  14.879 MeV	( 14.879 MeV --> 14.879 MeV)
          Ta169:       1  Emean =  2.8668 MeV	( 2.8668 MeV --> 2.8668 MeV)
          alpha:       3  Emean =  28.824 MeV	( 17.826 MeV --> 39.706 MeV)
       deuteron:       7  Emean =  29.656 MeV	( 14.256 MeV --> 91.008 MeV)
             e-:       5  Emean =  21.424 keV	( 1.3225 keV --> 48.457 keV)
            eta:       5  Emean =  15.235 GeV	( 1.1209 GeV --> 27.042 GeV)
          gamma:      23  Emean =  431.55 MeV	( 107.78 keV --> 9.9082 GeV)
          kaon+:       9  Emean =  25.264 GeV	( 407.27 MeV --> 146.14 GeV)
          kaon-:       4  Emean =   21.47 GeV	( 2.5797 GeV --> 46.094 GeV)
         kaon0L:       2  Emean =  18.902 GeV	( 1.0313 GeV --> 36.773 GeV)
         kaon0S:       3  Emean =  28.323 GeV	( 11.129 GeV --> 50.587 GeV)
         lambda:       1  Emean =  2.1655 GeV	( 2.1655 GeV --> 2.1655 GeV)
        neutron:     186  Emean =   3.511 GeV	( 568.74 keV --> 551.69 GeV)
            pi+:      58  Emean =   18.76 GeV	( 49.698 MeV --> 413.1 GeV)
            pi-:      62  Emean =  13.013 GeV	( 133.28 MeV --> 117.24 GeV)
            pi0:      81  Emean =  14.496 GeV	( 59.164 MeV --> 225.53 GeV)
         proton:      77  Emean =  9.1737 GeV	( 6.2614 MeV --> 332.72 GeV)
         sigma+:       1  Emean =  3.0658 GeV	( 3.0658 GeV --> 3.0658 GeV)
         sigma0:       2  Emean =  760.54 MeV	( 564.45 MeV --> 956.63 MeV)
         triton:       2  Emean =  21.621 MeV	( 14.391 MeV --> 28.851 MeV)

   Momentum balance: Pmean =  3.7604 MeV	( 652.58 keV --> 8.0207 MeV) 

... write file : inelastic.root - done
... close file : inelastic.root - done

------- MixMaxRng engine status -------
 Current state vector is:
mixmax state, file version 1.0
N=17; V[N]={1977567618660788324, 300890354879745607, 1424437069285335120, 2296497209797367902, 1143472681269825295, 260370018537989708, 668395878522115384, 1090766064544254753, 1931418983504702790, 828618339300030337, 2137373994898626588, 1263575693625627220, 316400124824195510, 274418011581707120, 1512294095604459534, 166310252540771229, 2260588327282429663}; counter= 11sumtot= 1406650644950420476
---------------------------------------
G4WT0 > Destroying WorkerRunManager (0x7f696404a970)
G4WT0 > G4 kernel has come to Quit state.
G4WT0 > UserDetectorConstruction deleted.
G4WT0 > UserPhysicsList deleted.
G4WT0 > UserActionInitialization deleted.
G4WT0 > UserWorkerInitialization deleted.
G4WT0 > UserWorkerThreadInitialization deleted.
G4WT0 > UserRunAction deleted.
G4WT0 > UserPrimaryGenerator deleted.
G4WT0 > RunManager is deleting RunManagerKernel.
G4WT0 > G4SDManager deleted.
G4WT0 > EventManager deleted.
G4WT0 > Units table cleared.
G4WT0 > TransportationManager deleted.
G4WT0 > Total navigation history collections cleaned: 4
G4WT0 > ================== Deleting memory pools ===================
G4WT0 > Pool ID '20G4NavigationLevelRep', size : 0.00385 MB
G4WT0 > Pool ID '24G4ReferenceCountedHandleIvE', size : 0.000961 MB
G4WT0 > Pool ID '7G4Event', size : 0.000961 MB
G4WT0 > Pool ID '15G4PrimaryVertex', size : 0.000961 MB
G4WT0 > Pool ID '17G4PrimaryParticle', size : 0.000961 MB
G4WT0 > Pool ID '17G4DynamicParticle', size : 0.0211 MB
G4WT0 > Pool ID '7G4Track', size : 0.0413 MB
G4WT0 > Pool ID '18G4TouchableHistory', size : 0.000961 MB
G4WT0 > Pool ID '15G4CountedObjectIvE', size : 0.000961 MB
G4WT0 > Pool ID '17G4ReactionProduct', size : 0.0173 MB
G4WT0 > Pool ID '10G4Fragment', size : 0.00481 MB
G4WT0 > Number of memory pools allocated: 11; of which, static: 0
G4WT0 > Dynamic pools deleted: 11 / Total memory freed: 0.094 MB
G4WT0 > ============================================================
G4WT0 > G4Allocator objects are deleted.
G4WT0 > Thread-local UImanager is to be deleted.
G4WT0 > There should not be any thread-local G4cout/G4cerr hereafter.
UImanager deleted.
StateManager deleted.
RunManagerKernel is deleted. Good bye :)
RunManager is deleted.
G4 kernel has come to Quit state.
UserDetectorConstruction deleted.
UserPhysicsList deleted.
UserActionInitialization deleted.
UserWorkerInitialization deleted.
UserWorkerThreadInitialization deleted.
UserRunAction deleted.
UserPrimaryGenerator deleted.
RunManager is deleting RunManagerKernel.
G4SDManager deleted.
EventManager deleted.
Units table cleared.
TransportationManager deleted.
Total navigation history collections cleaned: 2
G4RNGHelper object is deleted.
================== Deleting memory pools ===================
Pool ID '20G4NavigationLevelRep', size : 0.00288 MB
Pool ID '24G4ReferenceCountedHandleIvE', size : 0.000961 MB
Pool ID '17G4DynamicParticle', size : 0.000961 MB
Pool ID '15G4CountedObjectIvE', size : 0.000961 MB
Number of memory pools allocated: 4; of which, static: 0
Dynamic pools deleted: 4 / Total memory freed: 0.0058 MB
============================================================
G4Allocator objects are deleted.
UImanager deleted.
StateManager deleted.
RunManagerKernel is deleted. Good bye :)
RunManager is deleted.
